2023-05-30 12:49:47,591 : INFO : root : Loading config.
2023-05-30 12:49:47,926 : INFO : ConfigProcessor : Config spec file cache created: /var/folders/ft/zbkj41rj5wb6vpt67k4g_t180000gn/T/config_spec.mpf_cache
2023-05-30 12:49:47,926 : INFO : YamlMultifileConfigLoader : Machine config file #1: config.yaml
2023-05-30 12:49:47,927 : WARNING : ConfigProcessor : Config file in cache changed: /Users/weijtmans/Dropbox/dev/pinball/config/config.yaml
2023-05-30 12:49:47,927 : INFO : ConfigProcessor : Loading config from file /Users/weijtmans/opt/anaconda3/lib/python3.8/site-packages/mpf/mpfconfig.yaml.
2023-05-30 12:49:47,983 : INFO : ConfigProcessor : Loading config: /Users/weijtmans/opt/anaconda3/lib/python3.8/site-packages/mpf/mpfconfig.yaml
2023-05-30 12:49:47,983 : INFO : ConfigProcessor : Loading config from file /Users/weijtmans/Dropbox/dev/pinball/config/config.yaml.
2023-05-30 12:49:47,996 : INFO : ConfigProcessor : Loading config: /Users/weijtmans/Dropbox/dev/pinball/config/config.yaml
2023-05-30 12:49:47,999 : INFO : ConfigProcessor : Config file cache created: /var/folders/ft/zbkj41rj5wb6vpt67k4g_t180000gn/T/5990d3b039773aa86c29d89c33f7fe2d.mpf_cache
2023-05-30 12:49:48,036 : INFO : ConfigProcessor : Loading config from cache: /var/folders/ft/zbkj41rj5wb6vpt67k4g_t180000gn/T/e6f181099026fef6d8fced6e7d189039.mpf_cache
2023-05-30 12:49:48,036 : INFO : ConfigProcessor : Loading config from cache: /var/folders/ft/zbkj41rj5wb6vpt67k4g_t180000gn/T/b34aaaef8e306d9776092af8bb9baa5f.mpf_cache
2023-05-30 12:49:48,036 : INFO : Machine : Mission Pinball Framework Core Engine v0.56.1.dev7
2023-05-30 12:49:48,037 : INFO : Machine : Command line arguments: {'no_load_cache': False, 'create_config_cache': True, 'bcp': True, 'configfile': ['config.yaml'], 'force_assets_load': False, 'jsonlogging': False, 'logfile': 'logs/2023-05-30-12-49-47-mpf-MacBook-Pro-van-Elgar.local.log', 'pause': False, 'production': False, 'text_ui': True, 'loglevel': 15, 'consoleloglevel': 20, 'force_platform': None, 'syslog_address': None, 'mc_file_name': None, 'no_sound': False}
2023-05-30 12:49:48,037 : INFO : Machine : MPF path: /Users/weijtmans/opt/anaconda3/lib/python3.8/site-packages/mpf
2023-05-30 12:49:48,037 : INFO : Machine : Machine path: /Users/weijtmans/Dropbox/dev/pinball
2023-05-30 12:49:48,037 : INFO : Machine : Platform: darwin
2023-05-30 12:49:48,037 : INFO : Machine : Python executable location: /Users/weijtmans/opt/anaconda3/bin/python
2023-05-30 12:49:48,037 : INFO : Machine : Python version: 3.8.8 (64-bit)
2023-05-30 12:49:48,042 : INFO : Machine : Initialise MPF.
2023-05-30 12:49:48,097 : INFO : EventManager : Event: ======'machine_var_credits_string'====== Args={'value': 'FREE PLAY', 'prev_value': None, 'change': True}
2023-05-30 12:49:48,123 : INFO : EventManager : Event: ======'machine_var_master_volume'====== Args={'value': 0.5, 'prev_value': None, 'change': True}
2023-05-30 12:49:48,123 : INFO : EventManager : Event: ======'machine_var_mpf_version'====== Args={'value': 'MPF v0.56.1.dev7', 'prev_value': None, 'change': True}
2023-05-30 12:49:48,123 : INFO : EventManager : Event: ======'machine_var_mpf_extended_version'====== Args={'value': 'MPF v0.56.1.dev7, Config version:5, Show version: 5, BCP version:1.1', 'prev_value': None, 'change': True}
2023-05-30 12:49:48,123 : INFO : EventManager : Event: ======'machine_var_python_version'====== Args={'value': '3.8.8', 'prev_value': None, 'change': True}
2023-05-30 12:49:48,130 : INFO : EventManager : Event: ======'machine_var_platform'====== Args={'value': 'macOS-10.16-x86_64-i386-64bit', 'prev_value': None, 'change': True}
2023-05-30 12:49:48,130 : INFO : EventManager : Event: ======'machine_var_platform_system'====== Args={'value': 'Darwin', 'prev_value': None, 'change': True}
2023-05-30 12:49:48,130 : INFO : EventManager : Event: ======'machine_var_platform_release'====== Args={'value': '21.6.0', 'prev_value': None, 'change': True}
2023-05-30 12:49:48,130 : INFO : EventManager : Event: ======'machine_var_platform_version'====== Args={'value': 'Darwin Kernel Version 21.6.0: Mon Aug 22 20:17:10 PDT 2022; root:xnu-8020.140.49~2/RELEASE_X86_64', 'prev_value': None, 'change': True}
2023-05-30 12:49:48,130 : INFO : EventManager : Event: ======'machine_var_platform_machine'====== Args={'value': 'x86_64', 'prev_value': None, 'change': True}
2023-05-30 12:49:48,131 : INFO : EventManager : Event: ======'init_phase_1'====== Args={}
2023-05-30 12:49:48,141 : INFO : EventManager : Event: ======'init_phase_2'====== Args={}
2023-05-30 12:49:48,141 : INFO : SwitchController : Found active switch: ('2', <Platform.SmartVirtual>) <switch.s_trough_1>
2023-05-30 12:49:48,141 : INFO : SwitchController : Found active switch: ('3', <Platform.SmartVirtual>) <switch.s_trough_2>
2023-05-30 12:49:48,141 : INFO : SwitchController : Found active switch: ('4', <Platform.SmartVirtual>) <switch.s_trough_3>
2023-05-30 12:49:48,142 : INFO : EventManager : Event: ======'bcp_connection_attempt'====== Args={'name': 'local_display', 'host': 'localhost', 'port': 5050}
2023-05-30 12:49:48,143 : INFO : BCPClientSocket : Connecting BCP to 'local_display' at localhost:5050...
2023-05-30 12:49:49,361 : INFO : BCPClientSocket : Connected BCP to 'local_display' localhost:5050
2023-05-30 12:49:49,361 : INFO : EventManager : Event: ======'bcp_clients_connected'====== Args={}
2023-05-30 12:49:49,362 : INFO : ball_device.bd_trough : BCH: Initial count: 3
2023-05-30 12:49:49,362 : INFO : ball_device.bd_trough : State: idle
2023-05-30 12:49:49,362 : INFO : ball_device.bd_plunger : BCH: Initial count: 0
2023-05-30 12:49:49,363 : INFO : ball_device.bd_plunger : State: idle
2023-05-30 12:49:49,368 : INFO : EventManager : Event: ======'init_phase_3'====== Args={}
2023-05-30 12:49:49,370 : INFO : EventManager : Event: ======'init_phase_4'====== Args={}
2023-05-30 12:49:49,371 : INFO : EventManager : Event: ======'machine_var_audits_events_game_ended'====== Args={'value': 0, 'prev_value': None, 'change': True}
2023-05-30 12:49:49,371 : INFO : EventManager : Event: ======'machine_var_audits_events_game_started'====== Args={'value': 4, 'prev_value': None, 'change': True}
2023-05-30 12:49:49,371 : INFO : EventManager : Event: ======'machine_var_audits_player_score'====== Args={'value': {'average': 0, 'top': [], 'total': 0}, 'prev_value': None, 'change': True}
2023-05-30 12:49:49,371 : INFO : EventManager : Event: ======'machine_var_audits_switches_s_flipper_left'====== Args={'value': 2, 'prev_value': None, 'change': True}
2023-05-30 12:49:49,371 : INFO : EventManager : Event: ======'machine_var_audits_switches_s_flipper_right'====== Args={'value': 2, 'prev_value': None, 'change': True}
2023-05-30 12:49:49,371 : INFO : EventManager : Event: ======'machine_var_audits_switches_s_plunger'====== Args={'value': 7, 'prev_value': None, 'change': True}
2023-05-30 12:49:49,371 : INFO : EventManager : Event: ======'machine_var_audits_switches_s_right_inlane'====== Args={'value': 6, 'prev_value': None, 'change': True}
2023-05-30 12:49:49,371 : INFO : EventManager : Event: ======'machine_var_audits_switches_s_start'====== Args={'value': 13, 'prev_value': None, 'change': True}
2023-05-30 12:49:49,371 : INFO : EventManager : Event: ======'machine_var_audits_switches_s_trough_1'====== Args={'value': 3, 'prev_value': None, 'change': True}
2023-05-30 12:49:49,371 : INFO : EventManager : Event: ======'machine_var_audits_switches_s_trough_2'====== Args={'value': 1, 'prev_value': None, 'change': True}
2023-05-30 12:49:49,372 : INFO : EventManager : Event: ======'machine_var_audits_switches_s_trough_3'====== Args={'value': 1, 'prev_value': None, 'change': True}
2023-05-30 12:49:49,372 : INFO : EventManager : Event: ======'machine_var_audits_switches_s_trough_4'====== Args={'value': 0, 'prev_value': None, 'change': True}
2023-05-30 12:49:49,372 : INFO : EventManager : Event: ======'machine_var_audits_switches_s_trough_5'====== Args={'value': 0, 'prev_value': None, 'change': True}
2023-05-30 12:49:49,372 : INFO : EventManager : Event: ======'machine_var_audits_switches_s_trough_6'====== Args={'value': 0, 'prev_value': None, 'change': True}
2023-05-30 12:49:49,372 : INFO : EventManager : Event: ======'machine_var_audits_switches_s_trough_jam'====== Args={'value': 0, 'prev_value': None, 'change': True}
2023-05-30 12:49:49,377 : INFO : EventManager : Event: ======'init_phase_5'====== Args={}
2023-05-30 12:49:49,377 : INFO : EventManager : Event: ======'init_done'====== Args={}
2023-05-30 12:49:49,378 : INFO : EventManager : Event: ======'machine_reset_phase_1'====== Args={}
2023-05-30 12:49:49,407 : INFO : EventManager : Event: ======'machine_var_mc_version'====== Args={'value': 'MPF-MC v0.56.1', 'prev_value': None, 'change': True}
2023-05-30 12:49:49,408 : INFO : EventManager : Event: ======'machine_var_mc_extended_version'====== Args={'value': 'MPF-MC v0.56.1 (config_version=5, BCP v1.1,                      Requires MPF API compatibility v0.56.0 or newer)', 'prev_value': None, 'change': True}
2023-05-30 12:49:49,425 : INFO : EventManager : Event: ======'slide_welcome_slide_removed'====== Args={'_from_bcp': True}
2023-05-30 12:49:49,426 : INFO : EventManager : Event: ======'slide_welcome_slide_created'====== Args={'_from_bcp': True}
2023-05-30 12:49:49,453 : INFO : EventManager : Event: ======'machine_reset_phase_2'====== Args={}
2023-05-30 12:49:49,453 : INFO : EventManager : Event: ======'slide_welcome_slide_active'====== Args={'_from_bcp': True}
2023-05-30 12:49:49,454 : INFO : EventManager : Event: ======'machine_reset_phase_3'====== Args={}
2023-05-30 12:49:49,454 : INFO : EventManager : Event: ======'reset_complete'====== Args={}
2023-05-30 12:49:49,454 : INFO : EventManager : Event: ======'mode_attract_will_start'====== Args={}
2023-05-30 12:49:49,454 : INFO : EventManager : Event: ======'mode_attract_starting'====== Args={}
2023-05-30 12:49:49,455 : INFO : Mode.attract : Started. Priority: 10
2023-05-30 12:49:49,455 : INFO : EventManager : Event: ======'modes_active_modes_changed'====== Args={}
2023-05-30 12:49:49,455 : INFO : EventManager : Event: ======'mode_attract_started'====== Args={}
2023-05-30 12:49:49,455 : INFO : EventManager : Event: ======'collecting_balls_complete'====== Args={}
2023-05-30 12:49:49,456 : INFO : Machine : Starting the main run loop.
2023-05-30 12:49:49,479 : INFO : EventManager : Event: ======'slide_attract_started_created'====== Args={'_from_bcp': True}
2023-05-30 12:49:49,480 : INFO : EventManager : Event: ======'slide_attract_started_active'====== Args={'_from_bcp': True}
2023-05-30 12:50:01,462 : INFO : SwitchController : <<<<<<< 's_start' active >>>>>>>
2023-05-30 12:50:01,549 : INFO : SwitchController : <<<<<<< 's_start' inactive >>>>>>>
2023-05-30 12:50:01,549 : INFO : EventManager : Event: ======'request_to_start_game'====== Args={}
2023-05-30 12:50:01,550 : INFO : EventManager : Event: ======'collecting_balls_complete'====== Args={}
2023-05-30 12:50:01,550 : INFO : BallController : Known balls: 0
2023-05-30 12:50:01,550 : INFO : BallController : bd_trough contains 3 balls. Tags ['drain', 'home', 'trough']
2023-05-30 12:50:01,550 : INFO : BallController : bd_plunger contains 0 balls. Tags []
2023-05-30 12:50:01,550 : INFO : BallController : playfield contains 0 balls. Tags ['default']
2023-05-30 12:50:01,550 : WARNING : BallController : BallController denies game start. Balls are not in their home positions.
2023-05-30 12:50:02,228 : INFO : SwitchController : <<<<<<< 's_start' active >>>>>>>
2023-05-30 12:50:02,726 : INFO : SwitchController : <<<<<<< 's_start' inactive >>>>>>>
2023-05-30 12:50:02,726 : INFO : EventManager : Event: ======'request_to_start_game'====== Args={}
2023-05-30 12:50:02,726 : INFO : EventManager : Event: ======'collecting_balls_complete'====== Args={}
2023-05-30 12:50:02,726 : INFO : BallController : Known balls: 0
2023-05-30 12:50:02,726 : INFO : BallController : bd_trough contains 3 balls. Tags ['drain', 'home', 'trough']
2023-05-30 12:50:02,726 : INFO : BallController : bd_plunger contains 0 balls. Tags []
2023-05-30 12:50:02,726 : INFO : BallController : playfield contains 0 balls. Tags ['default']
2023-05-30 12:50:02,726 : WARNING : BallController : BallController denies game start. Balls are not in their home positions.
2023-05-30 12:50:10,709 : INFO : Machine : Shutting down...
2023-05-30 12:50:10,709 : INFO : EventManager : Event: ======'shutdown'====== Args={}
2023-05-30 12:50:10,714 : INFO : root : MPF run loop ended.
