2023-05-28 20:02:47,017 : INFO : root : Loading config.
2023-05-28 20:02:47,348 : INFO : ConfigProcessor : Config spec file cache created: /var/folders/ft/zbkj41rj5wb6vpt67k4g_t180000gn/T/config_spec.mpf_cache
2023-05-28 20:02:47,349 : INFO : YamlMultifileConfigLoader : Machine config file #1: config.yaml
2023-05-28 20:02:47,349 : INFO : ConfigProcessor : Loading config from file /Users/weijtmans/opt/anaconda3/lib/python3.8/site-packages/mpf/mpfconfig.yaml.
2023-05-28 20:02:47,413 : INFO : ConfigProcessor : Loading config: /Users/weijtmans/opt/anaconda3/lib/python3.8/site-packages/mpf/mpfconfig.yaml
2023-05-28 20:02:47,413 : INFO : ConfigProcessor : Loading config from file /Users/weijtmans/Dropbox/dev/pinball/config/config.yaml.
2023-05-28 20:02:47,424 : INFO : ConfigProcessor : Loading config: /Users/weijtmans/Dropbox/dev/pinball/config/config.yaml
2023-05-28 20:02:47,425 : INFO : ConfigProcessor : Config file cache created: /var/folders/ft/zbkj41rj5wb6vpt67k4g_t180000gn/T/5990d3b039773aa86c29d89c33f7fe2d.mpf_cache
2023-05-28 20:02:47,512 : INFO : ConfigProcessor : Loading config from file /Users/weijtmans/opt/anaconda3/lib/python3.8/site-packages/mpf/modes/attract/config/attract.yaml.
2023-05-28 20:02:47,513 : INFO : ConfigProcessor : Loading config: /Users/weijtmans/opt/anaconda3/lib/python3.8/site-packages/mpf/modes/attract/config/attract.yaml
2023-05-28 20:02:47,555 : INFO : ConfigProcessor : Config file cache created: /var/folders/ft/zbkj41rj5wb6vpt67k4g_t180000gn/T/e6f181099026fef6d8fced6e7d189039.mpf_cache
2023-05-28 20:02:47,558 : INFO : ConfigProcessor : Loading config from file /Users/weijtmans/opt/anaconda3/lib/python3.8/site-packages/mpf/modes/game/config/game.yaml.
2023-05-28 20:02:47,562 : INFO : ConfigProcessor : Loading config: /Users/weijtmans/opt/anaconda3/lib/python3.8/site-packages/mpf/modes/game/config/game.yaml
2023-05-28 20:02:47,563 : INFO : ConfigProcessor : Config file cache created: /var/folders/ft/zbkj41rj5wb6vpt67k4g_t180000gn/T/b34aaaef8e306d9776092af8bb9baa5f.mpf_cache
2023-05-28 20:02:47,563 : INFO : Machine : Mission Pinball Framework Core Engine v0.56.1.dev7
2023-05-28 20:02:47,563 : INFO : Machine : Command line arguments: {'no_load_cache': False, 'create_config_cache': True, 'bcp': True, 'configfile': ['config.yaml'], 'force_assets_load': False, 'jsonlogging': False, 'logfile': 'logs/2023-05-28-20-02-47-mpf-MBP-van-Elgar.log', 'pause': False, 'production': False, 'text_ui': False, 'loglevel': 15, 'consoleloglevel': 20, 'force_platform': None, 'syslog_address': None, 'mc_file_name': None, 'no_sound': False}
2023-05-28 20:02:47,563 : INFO : Machine : MPF path: /Users/weijtmans/opt/anaconda3/lib/python3.8/site-packages/mpf
2023-05-28 20:02:47,563 : INFO : Machine : Machine path: /Users/weijtmans/Dropbox/dev/pinball
2023-05-28 20:02:47,563 : INFO : Machine : Platform: darwin
2023-05-28 20:02:47,563 : INFO : Machine : Python executable location: /Users/weijtmans/opt/anaconda3/bin/python
2023-05-28 20:02:47,563 : INFO : Machine : Python version: 3.8.8 (64-bit)
2023-05-28 20:02:47,586 : INFO : Machine : Initialise MPF.
2023-05-28 20:02:47,738 : INFO : EventManager : Event: ======'machine_var_credits_string'====== Args={'value': 'FREE PLAY', 'prev_value': None, 'change': True}
2023-05-28 20:02:47,784 : INFO : EventManager : Event: ======'machine_var_master_volume'====== Args={'value': 0.5, 'prev_value': None, 'change': True}
2023-05-28 20:02:47,784 : INFO : EventManager : Event: ======'machine_var_mpf_version'====== Args={'value': 'MPF v0.56.1.dev7', 'prev_value': None, 'change': True}
2023-05-28 20:02:47,784 : INFO : EventManager : Event: ======'machine_var_mpf_extended_version'====== Args={'value': 'MPF v0.56.1.dev7, Config version:5, Show version: 5, BCP version:1.1', 'prev_value': None, 'change': True}
2023-05-28 20:02:47,784 : INFO : EventManager : Event: ======'machine_var_python_version'====== Args={'value': '3.8.8', 'prev_value': None, 'change': True}
2023-05-28 20:02:47,799 : INFO : EventManager : Event: ======'machine_var_platform'====== Args={'value': 'macOS-10.16-x86_64-i386-64bit', 'prev_value': None, 'change': True}
2023-05-28 20:02:47,799 : INFO : EventManager : Event: ======'machine_var_platform_system'====== Args={'value': 'Darwin', 'prev_value': None, 'change': True}
2023-05-28 20:02:47,799 : INFO : EventManager : Event: ======'machine_var_platform_release'====== Args={'value': '21.6.0', 'prev_value': None, 'change': True}
2023-05-28 20:02:47,799 : INFO : EventManager : Event: ======'machine_var_platform_version'====== Args={'value': 'Darwin Kernel Version 21.6.0: Mon Aug 22 20:17:10 PDT 2022; root:xnu-8020.140.49~2/RELEASE_X86_64', 'prev_value': None, 'change': True}
2023-05-28 20:02:47,800 : INFO : EventManager : Event: ======'machine_var_platform_machine'====== Args={'value': 'x86_64', 'prev_value': None, 'change': True}
2023-05-28 20:02:47,800 : INFO : EventManager : Event: ======'init_phase_1'====== Args={}
2023-05-28 20:02:47,813 : INFO : EventManager : Event: ======'init_phase_2'====== Args={}
2023-05-28 20:02:47,814 : INFO : EventManager : Event: ======'bcp_connection_attempt'====== Args={'name': 'local_display', 'host': 'localhost', 'port': 5050}
2023-05-28 20:02:47,815 : INFO : BCPClientSocket : Connecting BCP to 'local_display' at localhost:5050...
2023-05-28 20:02:50,275 : INFO : BCPClientSocket : Connected BCP to 'local_display' localhost:5050
2023-05-28 20:02:50,275 : INFO : EventManager : Event: ======'bcp_clients_connected'====== Args={}
2023-05-28 20:02:50,280 : INFO : EventManager : Event: ======'init_phase_3'====== Args={}
2023-05-28 20:02:50,282 : INFO : EventManager : Event: ======'init_phase_4'====== Args={}
2023-05-28 20:02:50,283 : INFO : EventManager : Event: ======'machine_var_mc_version'====== Args={'value': 'MPF-MC v0.56.1', 'prev_value': None, 'change': True}
2023-05-28 20:02:50,283 : INFO : EventManager : Event: ======'machine_var_mc_extended_version'====== Args={'value': 'MPF-MC v0.56.1 (config_version=5, BCP v1.1,                      Requires MPF API compatibility v0.56.0 or newer)', 'prev_value': None, 'change': True}
2023-05-28 20:02:50,286 : INFO : EventManager : Event: ======'machine_var_audits_switches_s_flipper_left'====== Args={'value': 0, 'prev_value': None, 'change': True}
2023-05-28 20:02:50,286 : INFO : EventManager : Event: ======'machine_var_audits_switches_s_flipper_right'====== Args={'value': 0, 'prev_value': None, 'change': True}
2023-05-28 20:02:50,286 : INFO : EventManager : Event: ======'machine_var_audits_events_game_started'====== Args={'value': 0, 'prev_value': None, 'change': True}
2023-05-28 20:02:50,286 : INFO : EventManager : Event: ======'machine_var_audits_events_game_ended'====== Args={'value': 0, 'prev_value': None, 'change': True}
2023-05-28 20:02:50,286 : INFO : EventManager : Event: ======'machine_var_audits_player_score'====== Args={'value': {'top': [], 'average': 0, 'total': 0}, 'prev_value': None, 'change': True}
2023-05-28 20:02:50,287 : INFO : EventManager : Event: ======'init_phase_5'====== Args={}
2023-05-28 20:02:50,287 : INFO : EventManager : Event: ======'init_done'====== Args={}
2023-05-28 20:02:50,287 : INFO : EventManager : Event: ======'machine_reset_phase_1'====== Args={}
2023-05-28 20:02:50,295 : INFO : EventManager : Event: ======'slide_welcome_slide_removed'====== Args={'_from_bcp': True}
2023-05-28 20:02:50,298 : INFO : EventManager : Event: ======'slide_welcome_slide_created'====== Args={'_from_bcp': True}
2023-05-28 20:02:50,299 : INFO : EventManager : Event: ======'slide_welcome_slide_active'====== Args={'_from_bcp': True}
2023-05-28 20:02:50,299 : INFO : EventManager : Event: ======'machine_reset_phase_2'====== Args={}
2023-05-28 20:02:50,299 : INFO : EventManager : Event: ======'machine_reset_phase_3'====== Args={}
2023-05-28 20:02:50,299 : INFO : EventManager : Event: ======'reset_complete'====== Args={}
2023-05-28 20:02:50,300 : INFO : EventManager : Event: ======'mode_attract_will_start'====== Args={}
2023-05-28 20:02:50,300 : INFO : EventManager : Event: ======'mode_attract_starting'====== Args={}
2023-05-28 20:02:50,300 : INFO : Mode.attract : Started. Priority: 10
2023-05-28 20:02:50,300 : INFO : EventManager : Event: ======'modes_active_modes_changed'====== Args={}
2023-05-28 20:02:50,300 : INFO : EventManager : Event: ======'mode_attract_started'====== Args={}
2023-05-28 20:02:50,301 : INFO : EventManager : Event: ======'collecting_balls_complete'====== Args={}
2023-05-28 20:02:50,301 : INFO : Machine : Starting the main run loop.
2023-05-28 20:02:50,312 : INFO : EventManager : Event: ======'slide_attract_started_created'====== Args={'_from_bcp': True}
2023-05-28 20:02:50,313 : INFO : EventManager : Event: ======'slide_attract_started_active'====== Args={'_from_bcp': True}
2023-05-28 20:03:21,867 : INFO : Machine : Shutting down...
2023-05-28 20:03:21,867 : INFO : EventManager : Event: ======'shutdown'====== Args={}
2023-05-28 20:03:21,868 : INFO : root : MPF run loop ended.
