2023-05-26 17:18:46,708 : kivy : Factory: 189 symbols loaded
2023-05-26 17:18:46,987 : kivy : ImageLoaderFFPy: Using ffpyplayer 4.3.5
2023-05-26 17:18:46,988 : kivy : Image: Providers: img_tex, img_imageio, img_dds, img_sdl2, img_pil, img_ffpyplayer 
2023-05-26 17:18:47,036 : kivy : VideoFFPy: Using ffpyplayer 4.3.5
2023-05-26 17:18:47,036 : kivy : Video: Provider: ffpyplayer(['video_ffmpeg'] ignored)
2023-05-26 17:18:47,249 : kivy : Loading MPF-MC controller
2023-05-26 17:18:47,609 : ConfigProcessor : Config spec file cache created: /var/folders/ft/zbkj41rj5wb6vpt67k4g_t180000gn/T/config_spec.mpf_cache
2023-05-26 17:18:47,609 : YamlMultifileConfigLoader : Machine config file #1: config
2023-05-26 17:18:47,609 : ConfigProcessor : Config file in cache changed: /Users/weijtmans/Dropbox/dev/pinball/config/config
2023-05-26 17:18:47,609 : ConfigProcessor : Loading config from file /Users/weijtmans/opt/anaconda3/lib/python3.8/site-packages/mpfmc/mcconfig.yaml.
2023-05-26 17:18:47,644 : ConfigProcessor : Loading config: /Users/weijtmans/opt/anaconda3/lib/python3.8/site-packages/mpfmc/mcconfig.yaml
2023-05-26 17:18:47,644 : ConfigProcessor : Loading config from file /Users/weijtmans/Dropbox/dev/pinball/config/config.
2023-05-26 17:18:47,652 : ConfigProcessor : Loading config: /Users/weijtmans/Dropbox/dev/pinball/config/config
2023-05-26 17:18:47,653 : ConfigProcessor : Config file cache created: /var/folders/ft/zbkj41rj5wb6vpt67k4g_t180000gn/T/decc683c3842d97ec3a6341c959d70f2.mpf_cache
2023-05-26 17:18:47,654 : ConfigProcessor : Loading config from cache: /var/folders/ft/zbkj41rj5wb6vpt67k4g_t180000gn/T/e6f181099026fef6d8fced6e7d189039.mpf_cache
2023-05-26 17:18:47,654 : ConfigProcessor : Loading config from cache: /var/folders/ft/zbkj41rj5wb6vpt67k4g_t180000gn/T/b34aaaef8e306d9776092af8bb9baa5f.mpf_cache
2023-05-26 17:18:47,655 : mpfmc : Mission Pinball Framework Media Controller v0.56.1
2023-05-26 17:18:47,655 : mpfmc : Mission Pinball Framework Game Engine v0.56.1.dev7
2023-05-26 17:18:47,655 : mpfmc : Machine path: /Users/weijtmans/Dropbox/dev/pinball
2023-05-26 17:18:47,655 : mpfmc : Starting clock at 60.0Hz
2023-05-26 17:18:47,669 : kivy : Text: Provider: sdl2
2023-05-26 17:18:47,722 : kivy : Window: Provider: sdl2
2023-05-26 17:18:48,769 : kivy : GL: Using the "OpenGL ES 2" graphics system
2023-05-26 17:18:48,769 : kivy : GL: Backend used <sdl2>
2023-05-26 17:18:48,769 : kivy : GL: OpenGL version <b'2.1 ATI-4.8.101'>
2023-05-26 17:18:48,770 : kivy : GL: OpenGL vendor <b'ATI Technologies Inc.'>
2023-05-26 17:18:48,770 : kivy : GL: OpenGL renderer <b'AMD Radeon Pro 5300M OpenGL Engine'>
2023-05-26 17:18:48,770 : kivy : GL: OpenGL parsed version: 2, 1
2023-05-26 17:18:48,770 : kivy : GL: Shading version <b'1.20'>
2023-05-26 17:18:48,770 : kivy : GL: Texture max size <16384>
2023-05-26 17:18:48,770 : kivy : GL: Texture max units <16>
2023-05-26 17:18:48,801 : kivy : Window: auto add sdl2 input provider
2023-05-26 17:18:48,801 : kivy : Window: virtual keyboard not allowed, single mode, not docked
2023-05-26 17:18:48,810 : SoundSystem : SoundSystem: Using default 'sound_system' settings
2023-05-26 17:18:49,039 : AudioInterface : Initialized
2023-05-26 17:18:49,051 : AudioInterface : Loaded SDL 2.26.1
2023-05-26 17:18:49,051 : AudioInterface : Loaded SDL_Mixer 2.6.2
2023-05-26 17:18:49,051 : AudioInterface : Loaded GStreamer 1.20.4.0
2023-05-26 17:18:49,051 : AudioInterface : Loaded GLib 2.74.3
2023-05-26 17:18:49,051 : AudioInterface : Settings requested - rate: 44100, channels: 1, buffer: 2048 samples
2023-05-26 17:18:49,051 : AudioInterface : Settings in use - rate: 44100, channels: 1, buffer: 2048 samples (4096 bytes @ 2 bytes per sample)
2023-05-26 17:18:49,053 : SoundSystem : No audio tracks are specified in your machine config file. a track named 'default' has been created.
2023-05-26 17:18:49,053 : SoundSystem : Setting master volume to 0.0
2023-05-26 17:18:49,053 : SoundSystem : master_volume in sound_system is deprecated and will be removed in the future.
2023-05-26 17:18:49,053 : AudioInterface : Enabling audio playback
2023-05-26 17:18:49,056 : kivy : Base: Start application main loop
2023-05-26 17:18:49,056 : EventManager : Event: ======'display_window_initialized'====== Args={}
2023-05-26 17:18:49,436 : mpfmc : Display: Setting 'window' as default display
2023-05-26 17:18:49,440 : EventManager : Event: ======'displays_initialized'====== Args={}
2023-05-26 17:18:49,441 : EventManager : Event: ======'slide_window_blank_created'====== Args={}
2023-05-26 17:18:49,441 : EventManager : Event: ======'display_window_ready'====== Args={}
2023-05-26 17:18:49,449 : EventManager : Event: ======'init_phase_1'====== Args={}
2023-05-26 17:18:49,452 : EventManager : Event: ======'mc_ready'====== Args={}
2023-05-26 17:18:49,452 : EventManager : Event: ======'init_phase_2'====== Args={}
2023-05-26 17:18:49,453 : EventManager : Event: ======'init_phase_3'====== Args={}
2023-05-26 17:18:49,453 : EventManager : Event: ======'init_phase_4'====== Args={}
2023-05-26 17:18:49,453 : EventManager : Event: ======'init_phase_5'====== Args={}
2023-05-26 17:18:49,453 : EventManager : Event: ======'init_done'====== Args={}
2023-05-26 17:18:49,453 : MPF-MC BCP Server : Starting up on localhost port 5050
2023-05-26 17:18:49,454 : MPF-MC BCP Server : Waiting for a connection...
2023-05-26 17:18:49,454 : mpfmc : SlidePlayer: Play called with settings={'slides': {welcome_slide-None-None: {'priority': None, 'target': None, 'background_color': [0.0, 0.0, 0.0, 1.0], 'show': True, 'force': False, 'expire': None, 'slide': None, 'tokens': {}, 'action': 'play', 'transition': None, 'transition_out': None}}}
2023-05-26 17:18:49,469 : kivy : GL: NPOT texture support is available
2023-05-26 17:18:49,470 : EventManager : Event: ======'slide_welcome_slide_created'====== Args={}
2023-05-26 17:18:49,473 : EventManager : Event: ======'slide_welcome_slide_active'====== Args={}
2023-05-26 17:18:49,539 : EventManager : Event: ======'client_disconnected'====== Args={'host': '127.0.0.1', 'port': 5050}
2023-05-26 17:18:53,388 : kivy : Base: Leaving application in progress...
2023-05-26 17:18:53,388 : mpfmc : Stopping...
2023-05-26 17:18:53,388 : EventManager : Event: ======'shutdown'====== Args={}
2023-05-26 17:18:53,388 : AudioInterface : Disabling audio playback
2023-05-26 17:18:53,452 : mpfmc : Loop rate 67.32 Hz
2023-05-26 17:18:53,452 : kivy : MC run loop ended.
2023-05-26 17:18:53,452 : kivy : Stopping child threads... (3 remaining)
2023-05-26 17:18:53,456 : MPF-MC BCP Server : Stopping BCP listener thread
2023-05-26 17:18:53,467 : MPF-MC BCP Server : Stopping BCP sending thread
2023-05-26 17:18:54,154 : kivy : All child threads stopped.
