2023-05-26 17:03:10,692 : INFO : root : Loading config.
2023-05-26 17:03:11,012 : INFO : ConfigProcessor : Config spec file cache created: /var/folders/ft/zbkj41rj5wb6vpt67k4g_t180000gn/T/config_spec.mpf_cache
2023-05-26 17:03:11,012 : INFO : YamlMultifileConfigLoader : Machine config file #1: config.yaml
2023-05-26 17:03:11,012 : INFO : ConfigProcessor : Loading config from cache: /var/folders/ft/zbkj41rj5wb6vpt67k4g_t180000gn/T/5990d3b039773aa86c29d89c33f7fe2d.mpf_cache
2023-05-26 17:03:11,099 : INFO : ConfigProcessor : Loading config from cache: /var/folders/ft/zbkj41rj5wb6vpt67k4g_t180000gn/T/e6f181099026fef6d8fced6e7d189039.mpf_cache
2023-05-26 17:03:11,100 : INFO : ConfigProcessor : Loading config from cache: /var/folders/ft/zbkj41rj5wb6vpt67k4g_t180000gn/T/b34aaaef8e306d9776092af8bb9baa5f.mpf_cache
2023-05-26 17:03:11,101 : INFO : Machine : Mission Pinball Framework Core Engine v0.56.1.dev7
2023-05-26 17:03:11,101 : INFO : Machine : Command line arguments: {'no_load_cache': False, 'create_config_cache': True, 'bcp': False, 'configfile': ['config.yaml'], 'force_assets_load': False, 'jsonlogging': False, 'logfile': 'logs/2023-05-26-17-03-10-mpf-MBP-van-Elgar.log', 'pause': False, 'production': False, 'text_ui': True, 'loglevel': 15, 'consoleloglevel': 20, 'force_platform': 'virtual', 'syslog_address': None, 'mc_file_name': None, 'no_sound': False}
2023-05-26 17:03:11,101 : INFO : Machine : MPF path: /Users/weijtmans/opt/anaconda3/lib/python3.8/site-packages/mpf
2023-05-26 17:03:11,101 : INFO : Machine : Machine path: /Users/weijtmans/Dropbox/dev/pinball
2023-05-26 17:03:11,101 : INFO : Machine : Platform: darwin
2023-05-26 17:03:11,101 : INFO : Machine : Python executable location: /Users/weijtmans/opt/anaconda3/bin/python
2023-05-26 17:03:11,101 : INFO : Machine : Python version: 3.8.8 (64-bit)
2023-05-26 17:03:11,115 : INFO : Machine : Initialise MPF.
2023-05-26 17:03:11,192 : INFO : EventManager : Event: ======'machine_var_credits_string'====== Args={'value': 'FREE PLAY', 'prev_value': None, 'change': True}
2023-05-26 17:03:11,233 : INFO : EventManager : Event: ======'machine_var_master_volume'====== Args={'value': 0.5, 'prev_value': None, 'change': True}
2023-05-26 17:03:11,233 : INFO : EventManager : Event: ======'machine_var_mpf_version'====== Args={'value': 'MPF v0.56.1.dev7', 'prev_value': None, 'change': True}
2023-05-26 17:03:11,233 : INFO : EventManager : Event: ======'machine_var_mpf_extended_version'====== Args={'value': 'MPF v0.56.1.dev7, Config version:5, Show version: 5, BCP version:1.1', 'prev_value': None, 'change': True}
2023-05-26 17:03:11,233 : INFO : EventManager : Event: ======'machine_var_python_version'====== Args={'value': '3.8.8', 'prev_value': None, 'change': True}
2023-05-26 17:03:11,242 : INFO : EventManager : Event: ======'machine_var_platform'====== Args={'value': 'macOS-10.16-x86_64-i386-64bit', 'prev_value': None, 'change': True}
2023-05-26 17:03:11,242 : INFO : EventManager : Event: ======'machine_var_platform_system'====== Args={'value': 'Darwin', 'prev_value': None, 'change': True}
2023-05-26 17:03:11,242 : INFO : EventManager : Event: ======'machine_var_platform_release'====== Args={'value': '21.6.0', 'prev_value': None, 'change': True}
2023-05-26 17:03:11,243 : INFO : EventManager : Event: ======'machine_var_platform_version'====== Args={'value': 'Darwin Kernel Version 21.6.0: Mon Aug 22 20:17:10 PDT 2022; root:xnu-8020.140.49~2/RELEASE_X86_64', 'prev_value': None, 'change': True}
2023-05-26 17:03:11,243 : INFO : EventManager : Event: ======'machine_var_platform_machine'====== Args={'value': 'x86_64', 'prev_value': None, 'change': True}
2023-05-26 17:03:11,243 : INFO : EventManager : Event: ======'init_phase_1'====== Args={}
2023-05-26 17:03:11,256 : INFO : EventManager : Event: ======'init_phase_2'====== Args={}
2023-05-26 17:03:11,261 : INFO : EventManager : Event: ======'init_phase_3'====== Args={}
2023-05-26 17:03:11,264 : INFO : EventManager : Event: ======'init_phase_4'====== Args={}
2023-05-26 17:03:11,271 : INFO : EventManager : Event: ======'machine_var_audits_switches_s_flipper_left'====== Args={'value': 0, 'prev_value': None, 'change': True}
2023-05-26 17:03:11,271 : INFO : EventManager : Event: ======'machine_var_audits_switches_s_flipper_right'====== Args={'value': 0, 'prev_value': None, 'change': True}
2023-05-26 17:03:11,271 : INFO : EventManager : Event: ======'machine_var_audits_events_game_started'====== Args={'value': 0, 'prev_value': None, 'change': True}
2023-05-26 17:03:11,271 : INFO : EventManager : Event: ======'machine_var_audits_events_game_ended'====== Args={'value': 0, 'prev_value': None, 'change': True}
2023-05-26 17:03:11,271 : INFO : EventManager : Event: ======'machine_var_audits_player_score'====== Args={'value': {'top': [], 'average': 0, 'total': 0}, 'prev_value': None, 'change': True}
2023-05-26 17:03:11,272 : INFO : EventManager : Event: ======'init_phase_5'====== Args={}
2023-05-26 17:03:11,272 : INFO : EventManager : Event: ======'init_done'====== Args={}
2023-05-26 17:03:11,273 : INFO : EventManager : Event: ======'machine_reset_phase_1'====== Args={}
2023-05-26 17:03:11,273 : INFO : EventManager : Event: ======'machine_reset_phase_2'====== Args={}
2023-05-26 17:03:11,273 : INFO : EventManager : Event: ======'machine_reset_phase_3'====== Args={}
2023-05-26 17:03:11,274 : INFO : EventManager : Event: ======'reset_complete'====== Args={}
2023-05-26 17:03:11,274 : INFO : EventManager : Event: ======'mode_attract_will_start'====== Args={}
2023-05-26 17:03:11,274 : INFO : EventManager : Event: ======'mode_attract_starting'====== Args={}
2023-05-26 17:03:11,274 : INFO : Mode.attract : Started. Priority: 10
2023-05-26 17:03:11,274 : INFO : EventManager : Event: ======'modes_active_modes_changed'====== Args={}
2023-05-26 17:03:11,274 : INFO : EventManager : Event: ======'mode_attract_started'====== Args={}
2023-05-26 17:03:11,275 : INFO : EventManager : Event: ======'collecting_balls_complete'====== Args={}
2023-05-26 17:03:11,275 : INFO : Machine : Starting the main run loop.
2023-05-26 17:03:27,222 : INFO : BcpServer : New client connected.
2023-05-26 17:04:37,168 : INFO : BcpServer : New client connected.
2023-05-26 17:04:37,170 : INFO : EventManager : Unordered handler for class <BCP Interface> on event modes_active_modes_changed with priority 1. Handlers: [RegisteredHandler(callback=<bound method BcpInterface._send_mode_list of <BCP Interface>>, priority=1, kwargs={}, key=UUID('5b2e9412-80b6-4bea-90cd-37d1982b9b71'), condition=None, blocking_facility=None), RegisteredHandler(callback=<bound method BcpInterface._send_mode_list of <BCP Interface>>, priority=1, kwargs={}, key=UUID('9279442a-0178-4f73-b65d-d5b49f9d22a7'), condition=None, blocking_facility=None)]. The order of those handlers is not defined and they will be executed in random order. This might lead to race conditions and potential bugs.
2023-05-26 17:04:46,910 : INFO : BcpServer : New client connected.
2023-05-26 17:04:46,911 : INFO : EventManager : Unordered handler for class <BCP Interface> on event modes_active_modes_changed with priority 1. Handlers: [RegisteredHandler(callback=<bound method BcpInterface._send_mode_list of <BCP Interface>>, priority=1, kwargs={}, key=UUID('5b2e9412-80b6-4bea-90cd-37d1982b9b71'), condition=None, blocking_facility=None), RegisteredHandler(callback=<bound method BcpInterface._send_mode_list of <BCP Interface>>, priority=1, kwargs={}, key=UUID('9279442a-0178-4f73-b65d-d5b49f9d22a7'), condition=None, blocking_facility=None), RegisteredHandler(callback=<bound method BcpInterface._send_mode_list of <BCP Interface>>, priority=1, kwargs={}, key=UUID('8bf158b4-b12c-447e-865a-a0ed9c830877'), condition=None, blocking_facility=None)]. The order of those handlers is not defined and they will be executed in random order. This might lead to race conditions and potential bugs.
2023-05-26 17:04:46,912 : INFO : EventManager : Unordered handler for class <BCP Interface> on event modes_active_modes_changed with priority 1. Handlers: [RegisteredHandler(callback=<bound method BcpInterface._send_mode_list of <BCP Interface>>, priority=1, kwargs={}, key=UUID('5b2e9412-80b6-4bea-90cd-37d1982b9b71'), condition=None, blocking_facility=None), RegisteredHandler(callback=<bound method BcpInterface._send_mode_list of <BCP Interface>>, priority=1, kwargs={}, key=UUID('9279442a-0178-4f73-b65d-d5b49f9d22a7'), condition=None, blocking_facility=None), RegisteredHandler(callback=<bound method BcpInterface._send_mode_list of <BCP Interface>>, priority=1, kwargs={}, key=UUID('8bf158b4-b12c-447e-865a-a0ed9c830877'), condition=None, blocking_facility=None)]. The order of those handlers is not defined and they will be executed in random order. This might lead to race conditions and potential bugs.
2023-05-26 17:05:00,627 : INFO : BcpServer : New client connected.
2023-05-26 17:05:00,628 : INFO : EventManager : Unordered handler for class <BCP Interface> on event modes_active_modes_changed with priority 1. Handlers: [RegisteredHandler(callback=<bound method BcpInterface._send_mode_list of <BCP Interface>>, priority=1, kwargs={}, key=UUID('5b2e9412-80b6-4bea-90cd-37d1982b9b71'), condition=None, blocking_facility=None), RegisteredHandler(callback=<bound method BcpInterface._send_mode_list of <BCP Interface>>, priority=1, kwargs={}, key=UUID('9279442a-0178-4f73-b65d-d5b49f9d22a7'), condition=None, blocking_facility=None), RegisteredHandler(callback=<bound method BcpInterface._send_mode_list of <BCP Interface>>, priority=1, kwargs={}, key=UUID('8bf158b4-b12c-447e-865a-a0ed9c830877'), condition=None, blocking_facility=None), RegisteredHandler(callback=<bound method BcpInterface._send_mode_list of <BCP Interface>>, priority=1, kwargs={}, key=UUID('605d59f6-db89-4f06-a810-1b2ebb322c06'), condition=None, blocking_facility=None)]. The order of those handlers is not defined and they will be executed in random order. This might lead to race conditions and potential bugs.
2023-05-26 17:05:00,628 : INFO : EventManager : Unordered handler for class <BCP Interface> on event modes_active_modes_changed with priority 1. Handlers: [RegisteredHandler(callback=<bound method BcpInterface._send_mode_list of <BCP Interface>>, priority=1, kwargs={}, key=UUID('5b2e9412-80b6-4bea-90cd-37d1982b9b71'), condition=None, blocking_facility=None), RegisteredHandler(callback=<bound method BcpInterface._send_mode_list of <BCP Interface>>, priority=1, kwargs={}, key=UUID('9279442a-0178-4f73-b65d-d5b49f9d22a7'), condition=None, blocking_facility=None), RegisteredHandler(callback=<bound method BcpInterface._send_mode_list of <BCP Interface>>, priority=1, kwargs={}, key=UUID('8bf158b4-b12c-447e-865a-a0ed9c830877'), condition=None, blocking_facility=None), RegisteredHandler(callback=<bound method BcpInterface._send_mode_list of <BCP Interface>>, priority=1, kwargs={}, key=UUID('605d59f6-db89-4f06-a810-1b2ebb322c06'), condition=None, blocking_facility=None)]. The order of those handlers is not defined and they will be executed in random order. This might lead to race conditions and potential bugs.
2023-05-26 17:05:00,628 : INFO : EventManager : Unordered handler for class <BCP Interface> on event modes_active_modes_changed with priority 1. Handlers: [RegisteredHandler(callback=<bound method BcpInterface._send_mode_list of <BCP Interface>>, priority=1, kwargs={}, key=UUID('5b2e9412-80b6-4bea-90cd-37d1982b9b71'), condition=None, blocking_facility=None), RegisteredHandler(callback=<bound method BcpInterface._send_mode_list of <BCP Interface>>, priority=1, kwargs={}, key=UUID('9279442a-0178-4f73-b65d-d5b49f9d22a7'), condition=None, blocking_facility=None), RegisteredHandler(callback=<bound method BcpInterface._send_mode_list of <BCP Interface>>, priority=1, kwargs={}, key=UUID('8bf158b4-b12c-447e-865a-a0ed9c830877'), condition=None, blocking_facility=None), RegisteredHandler(callback=<bound method BcpInterface._send_mode_list of <BCP Interface>>, priority=1, kwargs={}, key=UUID('605d59f6-db89-4f06-a810-1b2ebb322c06'), condition=None, blocking_facility=None)]. The order of those handlers is not defined and they will be executed in random order. This might lead to race conditions and potential bugs.
2023-05-26 17:20:52,285 : INFO : Machine : Shutting down...
2023-05-26 17:20:52,285 : INFO : EventManager : Event: ======'shutdown'====== Args={}
2023-05-26 17:20:52,290 : INFO : root : MPF run loop ended.
