2023-05-29 15:41:00,181 : kivy : Factory: 189 symbols loaded
2023-05-29 15:41:00,314 : kivy : ImageLoaderFFPy: Using ffpyplayer 4.3.5
2023-05-29 15:41:00,331 : kivy : Image: Providers: img_tex, img_imageio, img_dds, img_sdl2, img_pil, img_ffpyplayer 
2023-05-29 15:41:00,352 : kivy : VideoFFPy: Using ffpyplayer 4.3.5
2023-05-29 15:41:00,354 : kivy : Video: Provider: ffpyplayer(['video_ffmpeg'] ignored)
2023-05-29 15:41:00,463 : kivy : Loading MPF-MC controller
2023-05-29 15:41:00,802 : ConfigProcessor : Config spec file cache created: /var/folders/ft/zbkj41rj5wb6vpt67k4g_t180000gn/T/config_spec.mpf_cache
2023-05-29 15:41:00,803 : YamlMultifileConfigLoader : Machine config file #1: config
2023-05-29 15:41:00,803 : ConfigProcessor : Config file in cache changed: /Users/weijtmans/Dropbox/dev/pinball/config/config
2023-05-29 15:41:00,803 : ConfigProcessor : Loading config from file /Users/weijtmans/opt/anaconda3/lib/python3.8/site-packages/mpfmc/mcconfig.yaml.
2023-05-29 15:41:00,832 : ConfigProcessor : Loading config: /Users/weijtmans/opt/anaconda3/lib/python3.8/site-packages/mpfmc/mcconfig.yaml
2023-05-29 15:41:00,833 : ConfigProcessor : Loading config from file /Users/weijtmans/Dropbox/dev/pinball/config/config.
2023-05-29 15:41:00,846 : ConfigProcessor : Loading config: /Users/weijtmans/Dropbox/dev/pinball/config/config
2023-05-29 15:41:00,847 : ConfigProcessor : Config file cache created: /var/folders/ft/zbkj41rj5wb6vpt67k4g_t180000gn/T/decc683c3842d97ec3a6341c959d70f2.mpf_cache
2023-05-29 15:41:00,847 : ConfigProcessor : Loading config from cache: /var/folders/ft/zbkj41rj5wb6vpt67k4g_t180000gn/T/e6f181099026fef6d8fced6e7d189039.mpf_cache
2023-05-29 15:41:00,847 : ConfigProcessor : Loading config from cache: /var/folders/ft/zbkj41rj5wb6vpt67k4g_t180000gn/T/b34aaaef8e306d9776092af8bb9baa5f.mpf_cache
2023-05-29 15:41:00,848 : mpfmc : Mission Pinball Framework Media Controller v0.56.1
2023-05-29 15:41:00,848 : mpfmc : Mission Pinball Framework Game Engine v0.56.1.dev7
2023-05-29 15:41:00,848 : mpfmc : Machine path: /Users/weijtmans/Dropbox/dev/pinball
2023-05-29 15:41:00,848 : mpfmc : Starting clock at 60.0Hz
2023-05-29 15:41:00,853 : kivy : Text: Provider: sdl2
2023-05-29 15:41:00,869 : kivy : Window: Provider: sdl2
2023-05-29 15:41:01,695 : kivy : GL: Using the "OpenGL ES 2" graphics system
2023-05-29 15:41:01,695 : kivy : GL: Backend used <sdl2>
2023-05-29 15:41:01,695 : kivy : GL: OpenGL version <b'2.1 ATI-4.8.101'>
2023-05-29 15:41:01,695 : kivy : GL: OpenGL vendor <b'ATI Technologies Inc.'>
2023-05-29 15:41:01,695 : kivy : GL: OpenGL renderer <b'AMD Radeon Pro 5300M OpenGL Engine'>
2023-05-29 15:41:01,695 : kivy : GL: OpenGL parsed version: 2, 1
2023-05-29 15:41:01,695 : kivy : GL: Shading version <b'1.20'>
2023-05-29 15:41:01,695 : kivy : GL: Texture max size <16384>
2023-05-29 15:41:01,696 : kivy : GL: Texture max units <16>
2023-05-29 15:41:01,714 : kivy : Window: auto add sdl2 input provider
2023-05-29 15:41:01,714 : kivy : Window: virtual keyboard not allowed, single mode, not docked
2023-05-29 15:41:01,719 : SoundSystem : SoundSystem: Using default 'sound_system' settings
2023-05-29 15:41:01,923 : AudioInterface : Initialized
2023-05-29 15:41:01,924 : AudioInterface : Loaded SDL 2.26.1
2023-05-29 15:41:01,924 : AudioInterface : Loaded SDL_Mixer 2.6.2
2023-05-29 15:41:01,924 : AudioInterface : Loaded GStreamer 1.20.4.0
2023-05-29 15:41:01,924 : AudioInterface : Loaded GLib 2.74.3
2023-05-29 15:41:01,924 : AudioInterface : Settings requested - rate: 44100, channels: 1, buffer: 2048 samples
2023-05-29 15:41:01,924 : AudioInterface : Settings in use - rate: 44100, channels: 1, buffer: 2048 samples (4096 bytes @ 2 bytes per sample)
2023-05-29 15:41:01,924 : SoundSystem : No audio tracks are specified in your machine config file. a track named 'default' has been created.
2023-05-29 15:41:01,924 : SoundSystem : Setting master volume to 0.0
2023-05-29 15:41:01,924 : SoundSystem : master_volume in sound_system is deprecated and will be removed in the future.
2023-05-29 15:41:01,924 : AudioInterface : Enabling audio playback
2023-05-29 15:41:01,926 : kivy : Base: Start application main loop
2023-05-29 15:41:01,926 : EventManager : Event: ======'display_window_initialized'====== Args={}
2023-05-29 15:41:02,270 : mpfmc : Display: Setting 'window' as default display
2023-05-29 15:41:02,274 : EventManager : Event: ======'displays_initialized'====== Args={}
2023-05-29 15:41:02,275 : EventManager : Event: ======'slide_window_blank_created'====== Args={}
2023-05-29 15:41:02,275 : EventManager : Event: ======'display_window_ready'====== Args={}
2023-05-29 15:41:02,280 : EventManager : Event: ======'init_phase_1'====== Args={}
2023-05-29 15:41:02,284 : EventManager : Event: ======'mc_ready'====== Args={}
2023-05-29 15:41:02,284 : EventManager : Event: ======'init_phase_2'====== Args={}
2023-05-29 15:41:02,284 : EventManager : Event: ======'init_phase_3'====== Args={}
2023-05-29 15:41:02,285 : EventManager : Event: ======'init_phase_4'====== Args={}
2023-05-29 15:41:02,285 : EventManager : Event: ======'init_phase_5'====== Args={}
2023-05-29 15:41:02,285 : EventManager : Event: ======'init_done'====== Args={}
2023-05-29 15:41:02,285 : MPF-MC BCP Server : Starting up on localhost port 5050
2023-05-29 15:41:02,286 : MPF-MC BCP Server : Waiting for a connection...
2023-05-29 15:41:02,286 : mpfmc : SlidePlayer: Play called with settings={'slides': {welcome_slide-None-None: {'priority': None, 'target': None, 'background_color': [0.0, 0.0, 0.0, 1.0], 'show': True, 'force': False, 'expire': None, 'slide': None, 'tokens': {}, 'action': 'play', 'transition': None, 'transition_out': None}}}
2023-05-29 15:41:02,292 : kivy : GL: NPOT texture support is available
2023-05-29 15:41:02,293 : EventManager : Event: ======'slide_welcome_slide_created'====== Args={}
2023-05-29 15:41:02,296 : EventManager : Event: ======'slide_welcome_slide_active'====== Args={}
2023-05-29 15:41:02,348 : EventManager : Event: ======'client_disconnected'====== Args={'host': '127.0.0.1', 'port': 5050}
2023-05-29 15:41:02,355 : MPF-MC BCP Server : Received connection from: 127.0.0.1:56447
2023-05-29 15:41:02,370 : mpfmc : Stopping...
2023-05-29 15:41:02,370 : EventManager : Event: ======'shutdown'====== Args={}
2023-05-29 15:41:02,370 : AudioInterface : Disabling audio playback
2023-05-29 15:41:02,446 : EventManager : Event: ======'client_connected'====== Args={'host': '127.0.0.1', 'port': 56447}
2023-05-29 15:41:02,446 : mpfmc : Loop rate 7.68 Hz
2023-05-29 15:41:02,447 : kivy : Base: Leaving application in progress...
2023-05-29 15:41:02,460 : mpfmc : Stopping...
2023-05-29 15:41:02,460 : EventManager : Event: ======'shutdown'====== Args={}
2023-05-29 15:41:02,460 : mpfmc : Loop rate 11.22 Hz
2023-05-29 15:41:02,460 : kivy : MC run loop ended.
2023-05-29 15:41:02,460 : kivy : Stopping child threads... (1 remaining)
2023-05-29 15:41:02,965 : kivy : All child threads stopped.
