2023-05-28 20:25:56,300 : kivy : Factory: 189 symbols loaded
2023-05-28 20:25:56,303 : kivy : Cache: register <kv.resourcefind> with limit=None, timeout=60
2023-05-28 20:25:56,305 : kivy : Cache: register <kv.lang> with limit=None, timeout=None
2023-05-28 20:25:56,405 : kivy : Cache: register <kv.image> with limit=None, timeout=60
2023-05-28 20:25:56,405 : kivy : Cache: register <kv.atlas> with limit=None, timeout=None
2023-05-28 20:25:56,561 : kivy : ImageLoaderFFPy: Using ffpyplayer 4.3.5
2023-05-28 20:25:56,561 : kivy : Image: Providers: img_tex, img_imageio, img_dds, img_sdl2, img_pil, img_ffpyplayer 
2023-05-28 20:25:56,562 : kivy : Cache: register <kv.texture> with limit=1000, timeout=60
2023-05-28 20:25:56,562 : kivy : Cache: register <kv.shader> with limit=1000, timeout=3600
2023-05-28 20:25:56,604 : kivy : Video: Ignored <ffmpeg> (import error)
2023-05-28 20:25:56,617 : kivy : VideoFFPy: Using ffpyplayer 4.3.5
2023-05-28 20:25:56,617 : kivy : Video: Provider: ffpyplayer(['video_ffmpeg'] ignored)
2023-05-28 20:25:56,779 : kivy : Loading MPF-MC controller
2023-05-28 20:25:56,792 : YAML File Interface : Loading file: /Users/weijtmans/opt/anaconda3/lib/python3.8/site-packages/mpf/config_spec.yaml
2023-05-28 20:25:57,149 : ConfigProcessor : Config spec file cache created: /var/folders/ft/zbkj41rj5wb6vpt67k4g_t180000gn/T/config_spec.mpf_cache
2023-05-28 20:25:57,149 : YamlMultifileConfigLoader : Machine config file #1: config
2023-05-28 20:25:57,149 : ConfigProcessor : Config file in cache changed: /Users/weijtmans/Dropbox/dev/pinball/config/config
2023-05-28 20:25:57,149 : ConfigProcessor : Loading config from file /Users/weijtmans/opt/anaconda3/lib/python3.8/site-packages/mpfmc/mcconfig.yaml.
2023-05-28 20:25:57,149 : YAML File Interface : Loading file: /Users/weijtmans/opt/anaconda3/lib/python3.8/site-packages/mpfmc/mcconfig.yaml
2023-05-28 20:25:57,179 : ConfigProcessor : Loading config: /Users/weijtmans/opt/anaconda3/lib/python3.8/site-packages/mpfmc/mcconfig.yaml
2023-05-28 20:25:57,179 : ConfigProcessor : Loading config from file /Users/weijtmans/Dropbox/dev/pinball/config/config.
2023-05-28 20:25:57,179 : YAML File Interface : Loading file: /Users/weijtmans/Dropbox/dev/pinball/config/config.yaml
2023-05-28 20:25:57,194 : ConfigProcessor : Loading config: /Users/weijtmans/Dropbox/dev/pinball/config/config
2023-05-28 20:25:57,195 : ConfigProcessor : Config file cache created: /var/folders/ft/zbkj41rj5wb6vpt67k4g_t180000gn/T/decc683c3842d97ec3a6341c959d70f2.mpf_cache
2023-05-28 20:25:57,195 : YamlMultifileConfigLoader : Loading mode attract from /Users/weijtmans/opt/anaconda3/lib/python3.8/site-packages/mpf/modes/attract/config/attract.yaml
2023-05-28 20:25:57,196 : ConfigProcessor : Loading config from cache: /var/folders/ft/zbkj41rj5wb6vpt67k4g_t180000gn/T/e6f181099026fef6d8fced6e7d189039.mpf_cache
2023-05-28 20:25:57,196 : YamlMultifileConfigLoader : Loading mode game from /Users/weijtmans/opt/anaconda3/lib/python3.8/site-packages/mpf/modes/game/config/game.yaml
2023-05-28 20:25:57,196 : ConfigProcessor : Loading config from cache: /var/folders/ft/zbkj41rj5wb6vpt67k4g_t180000gn/T/b34aaaef8e306d9776092af8bb9baa5f.mpf_cache
2023-05-28 20:25:57,196 : mpfmc : Mission Pinball Framework Media Controller v0.56.1
2023-05-28 20:25:57,196 : mpfmc : Mission Pinball Framework Game Engine v0.56.1.dev7
2023-05-28 20:25:57,196 : mpfmc : Machine path: /Users/weijtmans/Dropbox/dev/pinball
2023-05-28 20:25:57,196 : mpfmc : Starting clock at 60.0Hz
2023-05-28 20:25:57,208 : kivy : Text: Provider: sdl2
2023-05-28 20:25:57,246 : kivy : Window: Provider: sdl2
2023-05-28 20:25:58,139 : kivy : GL: Using the "OpenGL ES 2" graphics system
2023-05-28 20:25:58,140 : kivy : GL: Backend used <sdl2>
2023-05-28 20:25:58,140 : kivy : GL: OpenGL version <b'2.1 ATI-4.8.101'>
2023-05-28 20:25:58,140 : kivy : GL: OpenGL vendor <b'ATI Technologies Inc.'>
2023-05-28 20:25:58,140 : kivy : GL: OpenGL renderer <b'AMD Radeon Pro 5300M OpenGL Engine'>
2023-05-28 20:25:58,140 : kivy : GL: OpenGL parsed version: 2, 1
2023-05-28 20:25:58,140 : kivy : GL: Shading version <b'1.20'>
2023-05-28 20:25:58,141 : kivy : GL: Texture max size <16384>
2023-05-28 20:25:58,141 : kivy : GL: Texture max units <16>
2023-05-28 20:25:58,159 : kivy : Shader: Fragment compiled successfully
2023-05-28 20:25:58,160 : kivy : Shader: Vertex compiled successfully
2023-05-28 20:25:58,161 : kivy : ImageImageIO: Load </Users/weijtmans/opt/anaconda3/lib/python3.8/site-packages/kivy/data/glsl/default.png>
2023-05-28 20:25:58,168 : kivy : Window: auto add sdl2 input provider
2023-05-28 20:25:58,169 : kivy : Window: virtual keyboard not allowed, single mode, not docked
2023-05-28 20:25:58,177 : mpfmc : Machine path: /Users/weijtmans/Dropbox/dev/pinball
2023-05-28 20:25:58,177 : kivy : Resource: add </Users/weijtmans/opt/anaconda3/lib/python3.8/site-packages/mpfmc/fonts> in path list
2023-05-28 20:25:58,177 : SoundSystem : Loading the Sound System
2023-05-28 20:25:58,177 : SoundSystem : SoundSystem: Using default 'sound_system' settings
2023-05-28 20:25:58,406 : AudioInterface : Initialized
2023-05-28 20:25:58,406 : AudioInterface : Loaded SDL 2.26.1
2023-05-28 20:25:58,406 : AudioInterface : Loaded SDL_Mixer 2.6.2
2023-05-28 20:25:58,406 : AudioInterface : Loaded GStreamer 1.20.4.0
2023-05-28 20:25:58,406 : AudioInterface : Loaded GLib 2.74.3
2023-05-28 20:25:58,406 : AudioInterface : Settings requested - rate: 44100, channels: 1, buffer: 2048 samples
2023-05-28 20:25:58,406 : AudioInterface : Settings in use - rate: 44100, channels: 1, buffer: 2048 samples (4096 bytes @ 2 bytes per sample)
2023-05-28 20:25:58,407 : Track : Allocated track audio buffer (4096 bytes)
2023-05-28 20:25:58,407 : Track.0.TrackStandard.default : Created Track 0 default with the following settings: simultaneous_sounds = 1, volume = 0.500000
2023-05-28 20:25:58,408 : AudioInterface : The 'default' standard track has successfully been created.
2023-05-28 20:25:58,408 : SoundSystem : No audio tracks are specified in your machine config file. a track named 'default' has been created.
2023-05-28 20:25:58,408 : SoundSystem : Setting master volume to 0.0
2023-05-28 20:25:58,408 : SoundSystem : master_volume in sound_system is deprecated and will be removed in the future.
2023-05-28 20:25:58,408 : AudioInterface : Enabling audio playback
2023-05-28 20:25:58,409 : kivy : App: Loading kv </Users/weijtmans/opt/anaconda3/lib/python3.8/site-packages/mpfmc/core/mpfmc.kv>
2023-05-28 20:25:58,409 : kivy : App: kv </Users/weijtmans/opt/anaconda3/lib/python3.8/site-packages/mpfmc/core/mpfmc.kv> not found
2023-05-28 20:25:58,410 : kivy : Base: Create provider from mouse,multitouch_on_demand
2023-05-28 20:25:58,410 : kivy : Base: Start application main loop
2023-05-28 20:25:58,411 : EventManager : Event: ======'display_window_initialized'====== Args={}
2023-05-28 20:25:58,747 : mpfmc : Display: Setting 'window' as default display
2023-05-28 20:25:58,753 : EventManager : Event: ======'displays_initialized'====== Args={}
2023-05-28 20:25:58,754 : EventManager : Event: ======'slide_window_blank_created'====== Args={}
2023-05-28 20:25:58,754 : EventManager : Event: ======'display_window_ready'====== Args={}
2023-05-28 20:25:58,760 : EventManager : Event: ======'init_phase_1'====== Args={}
2023-05-28 20:25:58,764 : EventManager : Event: ======'mc_ready'====== Args={}
2023-05-28 20:25:58,764 : EventManager : Event: ======'init_phase_2'====== Args={}
2023-05-28 20:25:58,764 : ModeController : Found MPF Mode folders: {'bonus': 'bonus', 'match': 'match', 'game': 'game', 'carousel': 'carousel', 'service_dmd': 'service_dmd', 'high_score': 'high_score', 'service_segment_display': 'service_segment_display', 'service': 'service', 'credits': 'credits', 'attract': 'attract', 'tilt': 'tilt'}
2023-05-28 20:25:58,765 : ModeController : Found Machine-specific Mode folders: {}
2023-05-28 20:25:58,765 : EventManager : Event: ======'init_phase_3'====== Args={}
2023-05-28 20:25:58,765 : mpfmc : Clearing boot hold assets. Holds remaining: {'init'}
2023-05-28 20:25:58,765 : EventManager : Event: ======'init_phase_4'====== Args={}
2023-05-28 20:25:58,765 : EventManager : Event: ======'init_phase_5'====== Args={}
2023-05-28 20:25:58,765 : mpfmc : Clearing boot hold init. Holds remaining: set()
2023-05-28 20:25:58,766 : EventManager : Event: ======'init_done'====== Args={}
2023-05-28 20:25:58,766 : mpfmc : SlidePlayer: Play called with settings={'slides': {welcome_slide-None-None: {'priority': None, 'target': None, 'background_color': [0.0, 0.0, 0.0, 1.0], 'show': True, 'force': False, 'expire': None, 'slide': None, 'tokens': {}, 'action': 'play', 'transition': None, 'transition_out': None}}}
2023-05-28 20:25:58,766 : mpfmc : SlidePlayer: Playing slide 'welcome_slide' on target 'window' (Args={'priority': 0, 'background_color': [0.0, 0.0, 0.0, 1.0], 'show': True, 'force': False, 'expire': None, 'slide': None, 'tokens': {}, 'action': 'play', 'transition': None, 'transition_out': None})
2023-05-28 20:25:58,767 : kivy : Resource: add </Library/Fonts> in path list
2023-05-28 20:25:58,767 : kivy : Resource: add </System/Library/Fonts> in path list
2023-05-28 20:25:58,768 : kivy : Resource: add </System/Library/Fonts/Supplemental> in path list
2023-05-28 20:25:58,768 : kivy : Resource: add </Users/weijtmans/Library/Fonts> in path list
2023-05-28 20:25:58,769 : kivy : Resource: add </Users/weijtmans/opt/anaconda3/lib/python3.8/site-packages/kivy/data/fonts> in path list
2023-05-28 20:25:58,783 : kivy : GL: NPOT texture support is available
2023-05-28 20:25:58,785 : EventManager : Event: ======'slide_welcome_slide_created'====== Args={}
2023-05-28 20:25:58,788 : EventManager : Event: ======'slide_welcome_slide_active'====== Args={}
2023-05-28 20:26:03,592 : Keyboard : Processing key stroke for key q-
2023-05-28 20:26:04,028 : Keyboard : Processing key stroke for key q-
2023-05-28 20:26:04,358 : Keyboard : Processing key stroke for key w-
2023-05-28 20:26:04,555 : Keyboard : Processing key stroke for key w-
2023-05-28 20:26:06,421 : Keyboard : Processing key stroke for key q-
2023-05-28 20:26:06,603 : Keyboard : Processing key stroke for key w-
2023-05-28 20:26:06,838 : Keyboard : Processing key stroke for key q-
2023-05-28 20:26:06,968 : Keyboard : Processing key stroke for key w-
2023-05-28 20:26:07,391 : Keyboard : Processing key stroke for key right-
2023-05-28 20:26:07,547 : Keyboard : Processing key stroke for key left-
2023-05-28 20:26:07,926 : Keyboard : Processing key stroke for key right-
2023-05-28 20:26:08,104 : Keyboard : Processing key stroke for key left-
2023-05-28 20:26:08,681 : Keyboard : Processing key stroke for key .-
2023-05-28 20:26:08,891 : Keyboard : Processing key stroke for key ,-
2023-05-28 20:26:09,113 : Keyboard : Processing key stroke for key .-
2023-05-28 20:26:09,242 : Keyboard : Processing key stroke for key ,-
2023-05-28 20:26:09,372 : Keyboard : Processing key stroke for key .-
2023-05-28 20:26:11,294 : kivy : Base: Leaving application in progress...
2023-05-28 20:26:11,295 : mpfmc : Stopping...
2023-05-28 20:26:11,295 : EventManager : Event: ======'shutdown'====== Args={}
2023-05-28 20:26:11,296 : AudioInterface : Disabling audio playback
2023-05-28 20:26:11,296 : Track.0.TrackStandard.default : Stopping all sounds and removing any pending sounds from queue
2023-05-28 20:26:11,365 : mpfmc : Loop rate 73.56 Hz
2023-05-28 20:26:11,366 : kivy : MC run loop ended.
2023-05-28 20:26:11,366 : kivy : Stopping child threads... (1 remaining)
2023-05-28 20:26:11,466 : kivy : All child threads stopped.
