2023-05-28 20:39:42,559 : INFO : root : Loading config.
2023-05-28 20:39:42,914 : INFO : ConfigProcessor : Config spec file cache created: /var/folders/ft/zbkj41rj5wb6vpt67k4g_t180000gn/T/config_spec.mpf_cache
2023-05-28 20:39:42,915 : INFO : YamlMultifileConfigLoader : Machine config file #1: config.yaml
2023-05-28 20:39:42,915 : WARNING : ConfigProcessor : Config file in cache changed: /Users/weijtmans/Dropbox/dev/pinball/config/config.yaml
2023-05-28 20:39:42,915 : INFO : ConfigProcessor : Loading config from file /Users/weijtmans/opt/anaconda3/lib/python3.8/site-packages/mpf/mpfconfig.yaml.
2023-05-28 20:39:42,984 : INFO : ConfigProcessor : Loading config: /Users/weijtmans/opt/anaconda3/lib/python3.8/site-packages/mpf/mpfconfig.yaml
2023-05-28 20:39:42,985 : INFO : ConfigProcessor : Loading config from file /Users/weijtmans/Dropbox/dev/pinball/config/config.yaml.
2023-05-28 20:39:43,005 : INFO : ConfigProcessor : Loading config: /Users/weijtmans/Dropbox/dev/pinball/config/config.yaml
2023-05-28 20:39:43,010 : INFO : ConfigProcessor : Config file cache created: /var/folders/ft/zbkj41rj5wb6vpt67k4g_t180000gn/T/5990d3b039773aa86c29d89c33f7fe2d.mpf_cache
2023-05-28 20:39:43,075 : INFO : ConfigProcessor : Loading config from cache: /var/folders/ft/zbkj41rj5wb6vpt67k4g_t180000gn/T/e6f181099026fef6d8fced6e7d189039.mpf_cache
2023-05-28 20:39:43,076 : INFO : ConfigProcessor : Loading config from cache: /var/folders/ft/zbkj41rj5wb6vpt67k4g_t180000gn/T/b34aaaef8e306d9776092af8bb9baa5f.mpf_cache
2023-05-28 20:39:43,076 : INFO : Machine : Mission Pinball Framework Core Engine v0.56.1.dev7
2023-05-28 20:39:43,076 : INFO : Machine : Command line arguments: {'no_load_cache': False, 'create_config_cache': True, 'bcp': True, 'configfile': ['config.yaml'], 'force_assets_load': False, 'jsonlogging': False, 'logfile': 'logs/2023-05-28-20-39-42-mpf-MBP-van-Elgar.log', 'pause': False, 'production': False, 'text_ui': True, 'loglevel': 15, 'consoleloglevel': 20, 'force_platform': None, 'syslog_address': None, 'mc_file_name': None, 'no_sound': False}
2023-05-28 20:39:43,076 : INFO : Machine : MPF path: /Users/weijtmans/opt/anaconda3/lib/python3.8/site-packages/mpf
2023-05-28 20:39:43,076 : INFO : Machine : Machine path: /Users/weijtmans/Dropbox/dev/pinball
2023-05-28 20:39:43,076 : INFO : Machine : Platform: darwin
2023-05-28 20:39:43,076 : INFO : Machine : Python executable location: /Users/weijtmans/opt/anaconda3/bin/python
2023-05-28 20:39:43,076 : INFO : Machine : Python version: 3.8.8 (64-bit)
2023-05-28 20:39:43,083 : INFO : Machine : Initialise MPF.
2023-05-28 20:39:43,161 : INFO : EventManager : Event: ======'machine_var_credits_string'====== Args={'value': 'FREE PLAY', 'prev_value': None, 'change': True}
2023-05-28 20:39:43,212 : INFO : EventManager : Event: ======'machine_var_master_volume'====== Args={'value': 0.5, 'prev_value': None, 'change': True}
2023-05-28 20:39:43,212 : INFO : EventManager : Event: ======'machine_var_mpf_version'====== Args={'value': 'MPF v0.56.1.dev7', 'prev_value': None, 'change': True}
2023-05-28 20:39:43,212 : INFO : EventManager : Event: ======'machine_var_mpf_extended_version'====== Args={'value': 'MPF v0.56.1.dev7, Config version:5, Show version: 5, BCP version:1.1', 'prev_value': None, 'change': True}
2023-05-28 20:39:43,212 : INFO : EventManager : Event: ======'machine_var_python_version'====== Args={'value': '3.8.8', 'prev_value': None, 'change': True}
2023-05-28 20:39:43,223 : INFO : EventManager : Event: ======'machine_var_platform'====== Args={'value': 'macOS-10.16-x86_64-i386-64bit', 'prev_value': None, 'change': True}
2023-05-28 20:39:43,224 : INFO : EventManager : Event: ======'machine_var_platform_system'====== Args={'value': 'Darwin', 'prev_value': None, 'change': True}
2023-05-28 20:39:43,224 : INFO : EventManager : Event: ======'machine_var_platform_release'====== Args={'value': '21.6.0', 'prev_value': None, 'change': True}
2023-05-28 20:39:43,224 : INFO : EventManager : Event: ======'machine_var_platform_version'====== Args={'value': 'Darwin Kernel Version 21.6.0: Mon Aug 22 20:17:10 PDT 2022; root:xnu-8020.140.49~2/RELEASE_X86_64', 'prev_value': None, 'change': True}
2023-05-28 20:39:43,224 : INFO : EventManager : Event: ======'machine_var_platform_machine'====== Args={'value': 'x86_64', 'prev_value': None, 'change': True}
2023-05-28 20:39:43,225 : INFO : EventManager : Event: ======'init_phase_1'====== Args={}
2023-05-28 20:39:43,243 : INFO : EventManager : Event: ======'init_phase_2'====== Args={}
2023-05-28 20:39:43,243 : INFO : SwitchController : Found active switch: ('2', <Platform.SmartVirtual>) <switch.s_trough_1>
2023-05-28 20:39:43,243 : INFO : SwitchController : Found active switch: ('3', <Platform.SmartVirtual>) <switch.s_trough_2>
2023-05-28 20:39:43,243 : INFO : SwitchController : Found active switch: ('4', <Platform.SmartVirtual>) <switch.s_trough_3>
2023-05-28 20:39:43,243 : INFO : SwitchController : Found active switch: ('5', <Platform.SmartVirtual>) <switch.s_trough_4>
2023-05-28 20:39:43,243 : INFO : SwitchController : Found active switch: ('6', <Platform.SmartVirtual>) <switch.s_trough_5>
2023-05-28 20:39:43,244 : INFO : SwitchController : Found active switch: ('7', <Platform.SmartVirtual>) <switch.s_trough_6>
2023-05-28 20:39:43,246 : INFO : EventManager : Event: ======'bcp_connection_attempt'====== Args={'name': 'local_display', 'host': 'localhost', 'port': 5050}
2023-05-28 20:39:43,247 : INFO : BCPClientSocket : Connecting BCP to 'local_display' at localhost:5050...
2023-05-28 20:39:45,081 : INFO : BCPClientSocket : Connected BCP to 'local_display' localhost:5050
2023-05-28 20:39:45,082 : INFO : EventManager : Event: ======'bcp_clients_connected'====== Args={}
2023-05-28 20:39:45,083 : INFO : ball_device.bd_trough : BCH: Initial count: 6
2023-05-28 20:39:45,083 : INFO : ball_device.bd_trough : State: idle
2023-05-28 20:39:45,084 : INFO : ball_device.bd_plunger : BCH: Initial count: 0
2023-05-28 20:39:45,084 : INFO : ball_device.bd_plunger : State: idle
2023-05-28 20:39:45,091 : INFO : EventManager : Event: ======'init_phase_3'====== Args={}
2023-05-28 20:39:45,091 : INFO : EventManager : Event: ======'slide_welcome_slide_active'====== Args={'_from_bcp': True}
2023-05-28 20:39:45,097 : INFO : EventManager : Event: ======'init_phase_4'====== Args={}
2023-05-28 20:39:45,098 : INFO : BallController : Initial balls found: 6
2023-05-28 20:39:45,099 : INFO : EventManager : Event: ======'machine_var_audits_events_game_ended'====== Args={'value': 0, 'prev_value': None, 'change': True}
2023-05-28 20:39:45,099 : INFO : EventManager : Event: ======'machine_var_audits_events_game_started'====== Args={'value': 1, 'prev_value': None, 'change': True}
2023-05-28 20:39:45,099 : INFO : EventManager : Event: ======'machine_var_audits_player_score'====== Args={'value': {'average': 0, 'top': [], 'total': 0}, 'prev_value': None, 'change': True}
2023-05-28 20:39:45,100 : INFO : EventManager : Event: ======'machine_var_audits_switches_s_flipper_left'====== Args={'value': 0, 'prev_value': None, 'change': True}
2023-05-28 20:39:45,100 : INFO : EventManager : Event: ======'machine_var_audits_switches_s_flipper_right'====== Args={'value': 0, 'prev_value': None, 'change': True}
2023-05-28 20:39:45,100 : INFO : EventManager : Event: ======'machine_var_audits_switches_s_plunger'====== Args={'value': 1, 'prev_value': None, 'change': True}
2023-05-28 20:39:45,100 : INFO : EventManager : Event: ======'machine_var_audits_switches_s_right_inlane'====== Args={'value': 0, 'prev_value': None, 'change': True}
2023-05-28 20:39:45,100 : INFO : EventManager : Event: ======'machine_var_audits_switches_s_start'====== Args={'value': 0, 'prev_value': None, 'change': True}
2023-05-28 20:39:45,101 : INFO : EventManager : Event: ======'machine_var_audits_switches_s_trough_1'====== Args={'value': 0, 'prev_value': None, 'change': True}
2023-05-28 20:39:45,101 : INFO : EventManager : Event: ======'machine_var_audits_switches_s_trough_2'====== Args={'value': 0, 'prev_value': None, 'change': True}
2023-05-28 20:39:45,101 : INFO : EventManager : Event: ======'machine_var_audits_switches_s_trough_3'====== Args={'value': 0, 'prev_value': None, 'change': True}
2023-05-28 20:39:45,101 : INFO : EventManager : Event: ======'machine_var_audits_switches_s_trough_4'====== Args={'value': 0, 'prev_value': None, 'change': True}
2023-05-28 20:39:45,102 : INFO : EventManager : Event: ======'machine_var_audits_switches_s_trough_5'====== Args={'value': 0, 'prev_value': None, 'change': True}
2023-05-28 20:39:45,102 : INFO : EventManager : Event: ======'machine_var_audits_switches_s_trough_6'====== Args={'value': 0, 'prev_value': None, 'change': True}
2023-05-28 20:39:45,102 : INFO : EventManager : Event: ======'machine_var_audits_switches_s_trough_jam'====== Args={'value': 0, 'prev_value': None, 'change': True}
2023-05-28 20:39:45,103 : INFO : EventManager : Event: ======'init_phase_5'====== Args={}
2023-05-28 20:39:45,104 : INFO : EventManager : Event: ======'init_done'====== Args={}
2023-05-28 20:39:45,104 : INFO : EventManager : Event: ======'machine_reset_phase_1'====== Args={}
2023-05-28 20:39:45,219 : INFO : EventManager : Event: ======'machine_var_mc_version'====== Args={'value': 'MPF-MC v0.56.1', 'prev_value': None, 'change': True}
2023-05-28 20:39:45,220 : INFO : EventManager : Event: ======'machine_var_mc_extended_version'====== Args={'value': 'MPF-MC v0.56.1 (config_version=5, BCP v1.1,                      Requires MPF API compatibility v0.56.0 or newer)', 'prev_value': None, 'change': True}
2023-05-28 20:39:45,224 : INFO : EventManager : Event: ======'slide_welcome_slide_removed'====== Args={'_from_bcp': True}
2023-05-28 20:39:45,224 : INFO : EventManager : Event: ======'slide_welcome_slide_created'====== Args={'_from_bcp': True}
2023-05-28 20:39:45,224 : INFO : EventManager : Event: ======'slide_welcome_slide_active'====== Args={'_from_bcp': True}
2023-05-28 20:39:45,227 : INFO : EventManager : Event: ======'machine_reset_phase_2'====== Args={}
2023-05-28 20:39:45,227 : INFO : EventManager : Event: ======'machine_reset_phase_3'====== Args={}
2023-05-28 20:39:45,228 : INFO : EventManager : Event: ======'reset_complete'====== Args={}
2023-05-28 20:39:45,228 : INFO : EventManager : Event: ======'mode_attract_will_start'====== Args={}
2023-05-28 20:39:45,229 : INFO : EventManager : Event: ======'mode_attract_starting'====== Args={}
2023-05-28 20:39:45,229 : INFO : Mode.attract : Started. Priority: 10
2023-05-28 20:39:45,229 : INFO : EventManager : Event: ======'modes_active_modes_changed'====== Args={}
2023-05-28 20:39:45,229 : INFO : EventManager : Event: ======'mode_attract_started'====== Args={}
2023-05-28 20:39:45,230 : INFO : EventManager : Event: ======'collecting_balls_complete'====== Args={}
2023-05-28 20:39:45,239 : INFO : Machine : Starting the main run loop.
2023-05-28 20:39:45,240 : INFO : EventManager : Event: ======'slide_attract_started_created'====== Args={'_from_bcp': True}
2023-05-28 20:39:45,241 : INFO : EventManager : Event: ======'slide_attract_started_active'====== Args={'_from_bcp': True}
2023-05-28 20:39:47,284 : INFO : SwitchController : <<<<<<< 's_start' active >>>>>>>
2023-05-28 20:39:47,361 : INFO : SwitchController : <<<<<<< 's_start' inactive >>>>>>>
2023-05-28 20:39:47,361 : INFO : EventManager : Event: ======'request_to_start_game'====== Args={}
2023-05-28 20:39:47,361 : INFO : EventManager : Event: ======'game_start'====== Args={'buttons': [], 'hold_time': 0.07600000000002183}
2023-05-28 20:39:47,361 : INFO : EventManager : Event: ======'mode_game_will_start'====== Args={'buttons': [], 'hold_time': 0.07600000000002183}
2023-05-28 20:39:47,362 : INFO : EventManager : Event: ======'mode_game_starting'====== Args={'buttons': [], 'hold_time': 0.07600000000002183}
2023-05-28 20:39:47,362 : INFO : EventManager : Event: ======'mode_attract_will_stop'====== Args={}
2023-05-28 20:39:47,362 : INFO : EventManager : Event: ======'mode_attract_stopping'====== Args={}
2023-05-28 20:39:47,362 : INFO : Mode.attract : Stopped.
2023-05-28 20:39:47,362 : INFO : EventManager : Event: ======'modes_active_modes_changed'====== Args={}
2023-05-28 20:39:47,362 : INFO : EventManager : Event: ======'mode_attract_stopped'====== Args={}
2023-05-28 20:39:47,362 : INFO : EventManager : Event: ======'clear'====== Args={'key': 'attract'}
2023-05-28 20:39:47,362 : INFO : Mode.game : Started. Priority: 20
2023-05-28 20:39:47,362 : INFO : EventManager : Event: ======'modes_active_modes_changed'====== Args={}
2023-05-28 20:39:47,363 : INFO : EventManager : Event: ======'mode_game_started'====== Args={'buttons': [], 'hold_time': 0.07600000000002183}
2023-05-28 20:39:47,364 : INFO : EventManager : Event: ======'game_will_start'====== Args={}
2023-05-28 20:39:47,364 : INFO : EventManager : Event: ======'game_starting'====== Args={'game': <Mode.game>}
2023-05-28 20:39:47,365 : INFO : EventManager : Event: ======'player_add_request'====== Args={}
2023-05-28 20:39:47,365 : INFO : EventManager : Event: ======'player_will_add'====== Args={'number': 1}
2023-05-28 20:39:47,365 : INFO : EventManager : Event: ======'player_adding'====== Args={'player': <Player 1>, 'number': 1}
2023-05-28 20:39:47,365 : INFO : EventManager : Event: ======'player_added'====== Args={'player': <Player 1>, 'num': 1}
2023-05-28 20:39:47,365 : INFO : Mode.game : Player added successfully. Total players: 1
2023-05-28 20:39:47,365 : INFO : EventManager : Event: ======'player_index'====== Args={'value': 0, 'prev_value': 0, 'change': 0, 'player_num': 1}
2023-05-28 20:39:47,365 : INFO : EventManager : Event: ======'player_number'====== Args={'value': 1, 'prev_value': 1, 'change': 0, 'player_num': 1}
2023-05-28 20:39:47,365 : INFO : EventManager : Event: ======'player_score'====== Args={'value': 0, 'prev_value': 0, 'change': 0, 'player_num': 1}
2023-05-28 20:39:47,366 : INFO : EventManager : Event: ======'game_started'====== Args={}
2023-05-28 20:39:47,370 : INFO : EventManager : Event: ======'player_turn_will_start'====== Args={'player': <Player 1>, 'number': 1}
2023-05-28 20:39:47,376 : INFO : EventManager : Event: ======'player_turn_starting'====== Args={'player': <Player 1>, 'number': 1}
2023-05-28 20:39:47,376 : INFO : EventManager : Event: ======'player_ball'====== Args={'value': 1, 'prev_value': 0, 'change': 1, 'player_num': 1}
2023-05-28 20:39:47,376 : INFO : EventManager : Event: ======'player_turn_started'====== Args={'player': <Player 1>, 'number': 1}
2023-05-28 20:39:47,377 : INFO : EventManager : Event: ======'ball_will_start'====== Args={'player': 1, 'ball': 1, 'balls_remaining': 2, 'is_extra_ball': False}
2023-05-28 20:39:47,377 : INFO : EventManager : Event: ======'ball_starting'====== Args={'player': 1, 'ball': 1, 'balls_remaining': 2, 'is_extra_ball': False}
2023-05-28 20:39:47,378 : INFO : EventManager : Event: ======'balls_in_play'====== Args={'balls': 1}
2023-05-28 20:39:47,378 : INFO : EventManager : Event: ======'ball_started'====== Args={'player': 1, 'ball': 1, 'balls_remaining': 2, 'is_extra_ball': False}
2023-05-28 20:39:47,379 : INFO : EventManager : Event: ======'single_player_ball_started'====== Args={}
2023-05-28 20:39:47,379 : INFO : EventManager : Event: ======'ball_start_target'====== Args={'target': 'playfield'}
2023-05-28 20:39:47,379 : INFO : ball_device.bd_plunger : Setting up player-controlled eject. Balls: 1, Target: <playfield.playfield>, player_controlled_eject_event: None
2023-05-28 20:39:47,379 : INFO : EventManager : Event: ======'balldevice_balls_available'====== Args={}
2023-05-28 20:39:47,380 : INFO : ball_device.bd_trough : State: waiting_for_target_ready
2023-05-28 20:39:47,380 : INFO : EventManager : Event: ======'balldevice_bd_trough_ball_eject_attempt'====== Args={'balls': 1, 'target': <ball_device.bd_plunger>, 'source': <ball_device.bd_trough>, 'mechanical_eject': True, 'num_attempts': 0}
2023-05-28 20:39:47,380 : INFO : ball_device.bd_plunger : State: waiting_for_ball
2023-05-28 20:39:47,381 : INFO : ball_device.bd_trough : State: ejecting
2023-05-28 20:39:47,381 : INFO : ball_device.bd_trough : Ejecting ball to <ball_device.bd_plunger>
2023-05-28 20:39:47,381 : INFO : EventManager : Event: ======'balldevice_bd_trough_ejecting_ball'====== Args={'balls': 1, 'target': <ball_device.bd_plunger>, 'source': <ball_device.bd_trough>, 'mechanical_eject': True, 'num_attempts': 0}
2023-05-28 20:39:47,382 : INFO : ball_device.bd_trough : Wait for ball to leave device
2023-05-28 20:39:47,382 : INFO : coil.c_trough_eject : Pulsing Driver for 20ms (1.0 pulse_power)
2023-05-28 20:39:47,382 : INFO : SwitchController : <<<<<<< 's_trough_1' inactive >>>>>>>
2023-05-28 20:39:47,383 : INFO : ball_device.bd_trough : State: ball_left
2023-05-28 20:39:47,383 : INFO : ball_device.bd_trough : Ball left
2023-05-28 20:39:47,383 : INFO : ball_device.bd_trough : Wait for confirm with timeout 3.0
2023-05-28 20:39:47,392 : INFO : EventManager : Event: ======'slide_ball_started_created'====== Args={'_from_bcp': True}
2023-05-28 20:39:47,392 : INFO : EventManager : Event: ======'slide_ball_started_active'====== Args={'_from_bcp': True}
2023-05-28 20:39:47,483 : INFO : SwitchController : <<<<<<< 's_plunger' active >>>>>>>
2023-05-28 20:39:47,484 : INFO : EventManager : Event: ======'machine_var_audits_switches_s_plunger'====== Args={'value': 2, 'prev_value': 1, 'change': 1}
2023-05-28 20:39:47,984 : INFO : ball_device.bd_plunger : Received ball from <ball_device.bd_trough>
2023-05-28 20:39:47,984 : INFO : EventManager : Event: ======'balldevice_bd_plunger_ball_enter'====== Args={'new_balls': 1, 'unclaimed_balls': 0, 'new_available_balls': 0, 'device': <ball_device.bd_plunger>}
2023-05-28 20:39:47,985 : INFO : EventManager : Event: ======'balldevice_bd_plunger_ball_entered'====== Args={'new_balls': 0, 'device': <ball_device.bd_plunger>}
2023-05-28 20:39:47,985 : INFO : EventManager : Event: ======'balldevice_bd_plunger_ball_count_changed'====== Args={'balls': 1}
2023-05-28 20:39:47,985 : INFO : ball_device.bd_trough : Got eject confirm
2023-05-28 20:39:47,985 : INFO : ball_device.bd_trough : Eject successful
2023-05-28 20:39:47,985 : INFO : EventManager : Event: ======'balldevice_bd_trough_ball_eject_success'====== Args={'balls': 1, 'target': <ball_device.bd_plunger>}
2023-05-28 20:39:47,986 : INFO : ball_device.bd_plunger : State: waiting_for_target_ready
2023-05-28 20:39:47,986 : INFO : EventManager : Event: ======'balldevice_bd_plunger_ball_eject_attempt'====== Args={'balls': 1, 'target': <playfield.playfield>, 'source': <ball_device.bd_plunger>, 'mechanical_eject': True, 'num_attempts': 0}
2023-05-28 20:39:47,986 : INFO : EventManager : Event: ======'balldevice_bd_trough_ball_count_changed'====== Args={'balls': 5}
2023-05-28 20:39:47,986 : INFO : ball_device.bd_trough : State: idle
2023-05-28 20:39:47,987 : INFO : ball_device.bd_plunger : State: ejecting
2023-05-28 20:39:47,987 : INFO : ball_device.bd_plunger : Ejecting ball to <playfield.playfield>
2023-05-28 20:39:47,987 : INFO : EventManager : Event: ======'balldevice_bd_plunger_ejecting_ball'====== Args={'balls': 1, 'target': <playfield.playfield>, 'source': <ball_device.bd_plunger>, 'mechanical_eject': True, 'num_attempts': 0}
2023-05-28 20:39:47,988 : INFO : ball_device.bd_plunger : Wait for ball to leave device
2023-05-28 20:39:50,822 : INFO : SwitchController : <<<<<<< 's_right_inlane' active >>>>>>>
2023-05-28 20:39:50,822 : INFO : EventManager : Event: ======'sw_playfield_active'====== Args={}
2023-05-28 20:39:50,822 : INFO : EventManager : Event: ======'machine_var_audits_switches_s_right_inlane'====== Args={'value': 1, 'prev_value': 0, 'change': 1}
2023-05-28 20:39:50,824 : INFO : EventManager : Event: ======'playfield_active'====== Args={}
2023-05-28 20:39:50,885 : INFO : SwitchController : <<<<<<< 's_right_inlane' inactive >>>>>>>
2023-05-28 20:39:59,388 : INFO : SwitchController : <<<<<<< 's_start' active >>>>>>>
2023-05-28 20:39:59,389 : INFO : EventManager : Event: ======'sw_start'====== Args={}
2023-05-28 20:39:59,389 : INFO : EventManager : Event: ======'machine_var_audits_switches_s_start'====== Args={'value': 1, 'prev_value': 0, 'change': 1}
2023-05-28 20:39:59,391 : INFO : EventManager : Event: ======'player_add_request'====== Args={}
2023-05-28 20:39:59,391 : INFO : EventManager : Event: ======'player_will_add'====== Args={'number': 2}
2023-05-28 20:39:59,391 : INFO : EventManager : Event: ======'player_adding'====== Args={'player': <Player 2>, 'number': 2}
2023-05-28 20:39:59,391 : INFO : EventManager : Event: ======'player_added'====== Args={'player': <Player 2>, 'num': 2}
2023-05-28 20:39:59,391 : INFO : Mode.game : Player added successfully. Total players: 2
2023-05-28 20:39:59,391 : INFO : EventManager : Event: ======'multiplayer_game'====== Args={}
2023-05-28 20:39:59,391 : INFO : EventManager : Event: ======'player_index'====== Args={'value': 1, 'prev_value': 1, 'change': 0, 'player_num': 2}
2023-05-28 20:39:59,392 : INFO : EventManager : Event: ======'player_number'====== Args={'value': 2, 'prev_value': 2, 'change': 0, 'player_num': 2}
2023-05-28 20:39:59,392 : INFO : EventManager : Event: ======'player_score'====== Args={'value': 0, 'prev_value': 0, 'change': 0, 'player_num': 2}
2023-05-28 20:39:59,506 : INFO : SwitchController : <<<<<<< 's_start' inactive >>>>>>>
2023-05-28 20:40:00,736 : INFO : SwitchController : <<<<<<< 's_start' active >>>>>>>
2023-05-28 20:40:00,736 : INFO : EventManager : Event: ======'sw_start'====== Args={}
2023-05-28 20:40:00,736 : INFO : EventManager : Event: ======'machine_var_audits_switches_s_start'====== Args={'value': 2, 'prev_value': 1, 'change': 1}
2023-05-28 20:40:00,739 : INFO : EventManager : Event: ======'player_add_request'====== Args={}
2023-05-28 20:40:00,739 : INFO : EventManager : Event: ======'player_will_add'====== Args={'number': 3}
2023-05-28 20:40:00,739 : INFO : EventManager : Event: ======'player_adding'====== Args={'player': <Player 3>, 'number': 3}
2023-05-28 20:40:00,739 : INFO : EventManager : Event: ======'player_added'====== Args={'player': <Player 3>, 'num': 3}
2023-05-28 20:40:00,739 : INFO : Mode.game : Player added successfully. Total players: 3
2023-05-28 20:40:00,739 : INFO : EventManager : Event: ======'player_index'====== Args={'value': 2, 'prev_value': 2, 'change': 0, 'player_num': 3}
2023-05-28 20:40:00,739 : INFO : EventManager : Event: ======'player_number'====== Args={'value': 3, 'prev_value': 3, 'change': 0, 'player_num': 3}
2023-05-28 20:40:00,740 : INFO : EventManager : Event: ======'player_score'====== Args={'value': 0, 'prev_value': 0, 'change': 0, 'player_num': 3}
2023-05-28 20:40:00,833 : INFO : SwitchController : <<<<<<< 's_start' inactive >>>>>>>
2023-05-28 20:40:01,212 : INFO : SwitchController : <<<<<<< 's_start' active >>>>>>>
2023-05-28 20:40:01,212 : INFO : EventManager : Event: ======'sw_start'====== Args={}
2023-05-28 20:40:01,212 : INFO : EventManager : Event: ======'machine_var_audits_switches_s_start'====== Args={'value': 3, 'prev_value': 2, 'change': 1}
2023-05-28 20:40:01,213 : INFO : EventManager : Event: ======'player_add_request'====== Args={}
2023-05-28 20:40:01,213 : INFO : EventManager : Event: ======'player_will_add'====== Args={'number': 4}
2023-05-28 20:40:01,213 : INFO : EventManager : Event: ======'player_adding'====== Args={'player': <Player 4>, 'number': 4}
2023-05-28 20:40:01,213 : INFO : EventManager : Event: ======'player_added'====== Args={'player': <Player 4>, 'num': 4}
2023-05-28 20:40:01,213 : INFO : Mode.game : Player added successfully. Total players: 4
2023-05-28 20:40:01,213 : INFO : EventManager : Event: ======'player_index'====== Args={'value': 3, 'prev_value': 3, 'change': 0, 'player_num': 4}
2023-05-28 20:40:01,213 : INFO : EventManager : Event: ======'player_number'====== Args={'value': 4, 'prev_value': 4, 'change': 0, 'player_num': 4}
2023-05-28 20:40:01,214 : INFO : EventManager : Event: ======'player_score'====== Args={'value': 0, 'prev_value': 0, 'change': 0, 'player_num': 4}
2023-05-28 20:40:01,956 : INFO : SwitchController : <<<<<<< 's_start' inactive >>>>>>>
2023-05-28 20:40:03,998 : INFO : SwitchController : <<<<<<< 's_trough_1' active >>>>>>>
2023-05-28 20:40:03,999 : INFO : EventManager : Event: ======'machine_var_audits_switches_s_trough_1'====== Args={'value': 1, 'prev_value': 0, 'change': 1}
2023-05-28 20:40:04,499 : INFO : EventManager : Event: ======'balldevice_bd_trough_ball_count_changed'====== Args={'balls': 6}
2023-05-28 20:40:04,499 : INFO : ball_device.bd_trough : Received unexpected ball
2023-05-28 20:40:04,499 : INFO : EventManager : Event: ======'balldevice_captured_from_playfield'====== Args={'balls': 1}
2023-05-28 20:40:04,500 : INFO : EventManager : Event: ======'sw_playfield_active'====== Args={'balls': 1}
2023-05-28 20:40:04,500 : INFO : EventManager : Event: ======'playfield_active'====== Args={}
2023-05-28 20:40:04,500 : INFO : EventManager : Event: ======'playfield_ball_count_change'====== Args={'balls': -1, 'change': -1}
2023-05-28 20:40:04,500 : INFO : EventManager : Event: ======'balldevice_playfield_ball_enter'====== Args={'new_balls': 1, 'unclaimed_balls': 1, 'device': <playfield.playfield>}
2023-05-28 20:40:04,500 : INFO : EventManager : Event: ======'playfield_ball_count_change'====== Args={'balls': 0, 'change': 1}
2023-05-28 20:40:04,500 : INFO : BallController : Found a new ball which was captured from playfield. Known balls: 7
2023-05-28 20:40:04,500 : INFO : EventManager : Event: ======'found_new_ball'====== Args={}
2023-05-28 20:40:04,500 : INFO : EventManager : Event: ======'balldevice_bd_trough_ball_enter'====== Args={'new_balls': 1, 'unclaimed_balls': 1, 'new_available_balls': 1, 'device': <ball_device.bd_trough>}
2023-05-28 20:40:04,501 : INFO : EventManager : Event: ======'ball_drain'====== Args={'device': <ball_device.bd_trough>, 'balls': 1}
2023-05-28 20:40:04,501 : INFO : EventManager : Event: ======'ball_will_end'====== Args={}
2023-05-28 20:40:04,501 : INFO : EventManager : Event: ======'balldevice_balls_available'====== Args={}
2023-05-28 20:40:04,501 : INFO : EventManager : Event: ======'balldevice_bd_trough_ball_entered'====== Args={'new_balls': 1, 'device': <ball_device.bd_trough>}
2023-05-28 20:40:04,501 : INFO : EventManager : Event: ======'ball_ending'====== Args={}
2023-05-28 20:40:04,501 : INFO : EventManager : Event: ======'ball_ended'====== Args={}
2023-05-28 20:40:04,502 : INFO : EventManager : Event: ======'player_turn_will_end'====== Args={'player': <Player 1>, 'number': 1}
2023-05-28 20:40:04,502 : INFO : EventManager : Event: ======'player_turn_ending'====== Args={'player': <Player 1>, 'number': 1}
2023-05-28 20:40:04,502 : INFO : EventManager : Event: ======'player_turn_ended'====== Args={'player': <Player 1>, 'number': 1}
2023-05-28 20:40:04,502 : INFO : EventManager : Event: ======'player_turn_will_start'====== Args={'player': <Player 2>, 'number': 2}
2023-05-28 20:40:04,503 : INFO : EventManager : Event: ======'player_turn_starting'====== Args={'player': <Player 2>, 'number': 2}
2023-05-28 20:40:04,503 : INFO : EventManager : Event: ======'player_ball'====== Args={'value': 1, 'prev_value': 0, 'change': 1, 'player_num': 2}
2023-05-28 20:40:04,503 : INFO : EventManager : Event: ======'player_turn_started'====== Args={'player': <Player 2>, 'number': 2}
2023-05-28 20:40:04,503 : INFO : EventManager : Event: ======'ball_will_start'====== Args={'player': 2, 'ball': 1, 'balls_remaining': 2, 'is_extra_ball': False}
2023-05-28 20:40:04,503 : INFO : BallController : Found 1 ball(s) on playfield.
2023-05-28 20:40:04,503 : WARNING : BallController : Playfields still contain balls. Waiting for those to drain.
2023-05-28 20:40:05,504 : INFO : BallController : Found 1 ball(s) on playfield.
2023-05-28 20:40:05,504 : WARNING : BallController : Playfields still contain balls. Waiting for those to drain.
2023-05-28 20:40:06,505 : INFO : BallController : Found 1 ball(s) on playfield.
2023-05-28 20:40:06,505 : WARNING : BallController : Playfields still contain balls. Waiting for those to drain.
2023-05-28 20:40:07,506 : INFO : BallController : Found 1 ball(s) on playfield.
2023-05-28 20:40:07,506 : WARNING : BallController : Playfields still contain balls. Waiting for those to drain.
2023-05-28 20:40:08,506 : INFO : BallController : Found 1 ball(s) on playfield.
2023-05-28 20:40:08,507 : WARNING : BallController : Playfields still contain balls. Waiting for those to drain.
2023-05-28 20:40:09,507 : INFO : BallController : Found 1 ball(s) on playfield.
2023-05-28 20:40:09,508 : WARNING : BallController : Playfields still contain balls. Waiting for those to drain.
2023-05-28 20:40:10,509 : INFO : BallController : Found 1 ball(s) on playfield.
2023-05-28 20:40:10,509 : WARNING : BallController : Playfields still contain balls. Waiting for those to drain.
2023-05-28 20:40:11,277 : WARNING : SwitchController : Received duplicate switch state 1 for switch s_plunger from the platform interface. Log Code: Log-SwitchController-1 (https://docs.missionpinball.org/en/dev/logs/Log-SwitchController-1.html)
2023-05-28 20:40:11,367 : INFO : SwitchController : <<<<<<< 's_plunger' inactive >>>>>>>
2023-05-28 20:40:11,368 : INFO : ball_device.bd_plunger : State: ball_left
2023-05-28 20:40:11,368 : INFO : ball_device.bd_plunger : Ball left
2023-05-28 20:40:11,368 : INFO : ball_device.bd_plunger : Wait for confirm with timeout 5.0
2023-05-28 20:40:11,510 : INFO : BallController : Found 1 ball(s) on playfield.
2023-05-28 20:40:11,510 : WARNING : BallController : Playfields still contain balls. Waiting for those to drain.
2023-05-28 20:40:12,511 : INFO : BallController : Found 1 ball(s) on playfield.
2023-05-28 20:40:12,512 : WARNING : BallController : Playfields still contain balls. Waiting for those to drain.
2023-05-28 20:40:13,513 : INFO : BallController : Found 1 ball(s) on playfield.
2023-05-28 20:40:13,514 : WARNING : BallController : Playfields still contain balls. Waiting for those to drain.
2023-05-28 20:40:14,515 : INFO : BallController : Found 1 ball(s) on playfield.
2023-05-28 20:40:14,515 : WARNING : BallController : Playfields still contain balls. Waiting for those to drain.
2023-05-28 20:40:14,556 : INFO : SwitchController : <<<<<<< 's_right_inlane' active >>>>>>>
2023-05-28 20:40:14,556 : INFO : EventManager : Event: ======'sw_playfield_active'====== Args={}
2023-05-28 20:40:14,556 : INFO : EventManager : Event: ======'machine_var_audits_switches_s_right_inlane'====== Args={'value': 2, 'prev_value': 1, 'change': 1}
2023-05-28 20:40:14,559 : INFO : EventManager : Event: ======'playfield_active'====== Args={}
2023-05-28 20:40:14,560 : INFO : ball_device.bd_plunger : Got eject confirm
2023-05-28 20:40:14,560 : INFO : ball_device.bd_plunger : Eject successful
2023-05-28 20:40:14,560 : INFO : EventManager : Event: ======'balldevice_bd_plunger_ball_eject_success'====== Args={'balls': 1, 'target': <playfield.playfield>}
2023-05-28 20:40:14,560 : INFO : EventManager : Event: ======'balldevice_playfield_ball_enter'====== Args={'new_balls': 1, 'unclaimed_balls': 1, 'device': <playfield.playfield>}
2023-05-28 20:40:14,560 : INFO : EventManager : Event: ======'playfield_ball_count_change'====== Args={'balls': 1, 'change': 1}
2023-05-28 20:40:14,560 : INFO : EventManager : Event: ======'balldevice_bd_plunger_ball_count_changed'====== Args={'balls': 0}
2023-05-28 20:40:14,561 : INFO : ball_device.bd_plunger : State: idle
2023-05-28 20:40:14,671 : INFO : SwitchController : <<<<<<< 's_right_inlane' inactive >>>>>>>
2023-05-28 20:40:15,208 : INFO : SwitchController : <<<<<<< 's_right_inlane' active >>>>>>>
2023-05-28 20:40:15,209 : INFO : EventManager : Event: ======'sw_playfield_active'====== Args={}
2023-05-28 20:40:15,209 : INFO : EventManager : Event: ======'machine_var_audits_switches_s_right_inlane'====== Args={'value': 3, 'prev_value': 2, 'change': 1}
2023-05-28 20:40:15,322 : INFO : SwitchController : <<<<<<< 's_right_inlane' inactive >>>>>>>
2023-05-28 20:40:15,515 : INFO : BallController : Found 1 ball(s) on playfield.
2023-05-28 20:40:15,516 : WARNING : BallController : Playfields still contain balls. Waiting for those to drain.
2023-05-28 20:40:16,027 : INFO : SwitchController : <<<<<<< 's_plunger' active >>>>>>>
2023-05-28 20:40:16,027 : INFO : EventManager : Event: ======'machine_var_audits_switches_s_plunger'====== Args={'value': 3, 'prev_value': 2, 'change': 1}
2023-05-28 20:40:16,154 : INFO : SwitchController : <<<<<<< 's_plunger' inactive >>>>>>>
2023-05-28 20:40:16,517 : INFO : BallController : Found 1 ball(s) on playfield.
2023-05-28 20:40:16,518 : WARNING : BallController : Playfields still contain balls. Waiting for those to drain.
2023-05-28 20:40:17,519 : INFO : BallController : Found 1 ball(s) on playfield.
2023-05-28 20:40:17,519 : WARNING : BallController : Playfields still contain balls. Waiting for those to drain.
2023-05-28 20:40:18,271 : INFO : SwitchController : <<<<<<< 's_start' active >>>>>>>
2023-05-28 20:40:18,271 : INFO : EventManager : Event: ======'sw_start'====== Args={}
2023-05-28 20:40:18,272 : INFO : EventManager : Event: ======'machine_var_audits_switches_s_start'====== Args={'value': 4, 'prev_value': 3, 'change': 1}
2023-05-28 20:40:18,423 : INFO : SwitchController : <<<<<<< 's_start' inactive >>>>>>>
2023-05-28 20:40:18,521 : INFO : BallController : Found 1 ball(s) on playfield.
2023-05-28 20:40:18,521 : WARNING : BallController : Playfields still contain balls. Waiting for those to drain.
2023-05-28 20:40:19,515 : INFO : SwitchController : <<<<<<< 's_trough_1' inactive >>>>>>>
2023-05-28 20:40:19,522 : INFO : BallController : Found 1 ball(s) on playfield.
2023-05-28 20:40:19,522 : WARNING : BallController : Playfields still contain balls. Waiting for those to drain.
2023-05-28 20:40:20,223 : INFO : SwitchController : <<<<<<< 's_trough_2' inactive >>>>>>>
2023-05-28 20:40:20,523 : INFO : BallController : Found 1 ball(s) on playfield.
2023-05-28 20:40:20,523 : WARNING : BallController : Playfields still contain balls. Waiting for those to drain.
2023-05-28 20:40:20,894 : INFO : SwitchController : <<<<<<< 's_trough_3' inactive >>>>>>>
2023-05-28 20:40:21,524 : INFO : BallController : Found 1 ball(s) on playfield.
2023-05-28 20:40:21,525 : WARNING : BallController : Playfields still contain balls. Waiting for those to drain.
2023-05-28 20:40:22,411 : INFO : SwitchController : <<<<<<< 's_trough_3' active >>>>>>>
2023-05-28 20:40:22,412 : INFO : EventManager : Event: ======'machine_var_audits_switches_s_trough_3'====== Args={'value': 1, 'prev_value': 0, 'change': 1}
2023-05-28 20:40:22,526 : INFO : BallController : Found 1 ball(s) on playfield.
2023-05-28 20:40:22,526 : WARNING : BallController : Playfields still contain balls. Waiting for those to drain.
2023-05-28 20:40:22,835 : INFO : SwitchController : <<<<<<< 's_trough_2' active >>>>>>>
2023-05-28 20:40:22,836 : INFO : EventManager : Event: ======'machine_var_audits_switches_s_trough_2'====== Args={'value': 1, 'prev_value': 0, 'change': 1}
2023-05-28 20:40:23,254 : INFO : SwitchController : <<<<<<< 's_trough_1' active >>>>>>>
2023-05-28 20:40:23,254 : INFO : EventManager : Event: ======'machine_var_audits_switches_s_trough_1'====== Args={'value': 2, 'prev_value': 1, 'change': 1}
2023-05-28 20:40:23,527 : INFO : BallController : Found 1 ball(s) on playfield.
2023-05-28 20:40:23,527 : WARNING : BallController : Playfields still contain balls. Waiting for those to drain.
2023-05-28 20:40:23,947 : INFO : SwitchController : <<<<<<< 's_right_inlane' active >>>>>>>
2023-05-28 20:40:23,947 : INFO : EventManager : Event: ======'sw_playfield_active'====== Args={}
2023-05-28 20:40:23,947 : INFO : EventManager : Event: ======'machine_var_audits_switches_s_right_inlane'====== Args={'value': 4, 'prev_value': 3, 'change': 1}
2023-05-28 20:40:24,063 : INFO : SwitchController : <<<<<<< 's_right_inlane' inactive >>>>>>>
2023-05-28 20:40:24,500 : INFO : SwitchController : <<<<<<< 's_right_inlane' active >>>>>>>
2023-05-28 20:40:24,500 : INFO : EventManager : Event: ======'sw_playfield_active'====== Args={}
2023-05-28 20:40:24,500 : INFO : EventManager : Event: ======'machine_var_audits_switches_s_right_inlane'====== Args={'value': 5, 'prev_value': 4, 'change': 1}
2023-05-28 20:40:24,527 : INFO : BallController : Found 1 ball(s) on playfield.
2023-05-28 20:40:24,527 : WARNING : BallController : Playfields still contain balls. Waiting for those to drain.
2023-05-28 20:40:24,653 : INFO : SwitchController : <<<<<<< 's_right_inlane' inactive >>>>>>>
2023-05-28 20:40:24,822 : INFO : SwitchController : <<<<<<< 's_plunger' active >>>>>>>
2023-05-28 20:40:24,822 : INFO : EventManager : Event: ======'machine_var_audits_switches_s_plunger'====== Args={'value': 4, 'prev_value': 3, 'change': 1}
2023-05-28 20:40:24,968 : INFO : SwitchController : <<<<<<< 's_plunger' inactive >>>>>>>
2023-05-28 20:40:25,325 : INFO : SwitchController : <<<<<<< 's_start' active >>>>>>>
2023-05-28 20:40:25,325 : INFO : EventManager : Event: ======'sw_start'====== Args={}
2023-05-28 20:40:25,325 : INFO : EventManager : Event: ======'machine_var_audits_switches_s_start'====== Args={'value': 5, 'prev_value': 4, 'change': 1}
2023-05-28 20:40:25,492 : INFO : SwitchController : <<<<<<< 's_start' inactive >>>>>>>
2023-05-28 20:40:25,529 : INFO : BallController : Found 1 ball(s) on playfield.
2023-05-28 20:40:25,529 : WARNING : BallController : Playfields still contain balls. Waiting for those to drain.
2023-05-28 20:40:25,826 : INFO : SwitchController : <<<<<<< 's_start' active >>>>>>>
2023-05-28 20:40:25,826 : INFO : EventManager : Event: ======'sw_start'====== Args={}
2023-05-28 20:40:25,826 : INFO : EventManager : Event: ======'machine_var_audits_switches_s_start'====== Args={'value': 6, 'prev_value': 5, 'change': 1}
2023-05-28 20:40:25,915 : INFO : SwitchController : <<<<<<< 's_start' inactive >>>>>>>
2023-05-28 20:40:26,133 : INFO : SwitchController : <<<<<<< 's_start' active >>>>>>>
2023-05-28 20:40:26,133 : INFO : EventManager : Event: ======'sw_start'====== Args={}
2023-05-28 20:40:26,133 : INFO : EventManager : Event: ======'machine_var_audits_switches_s_start'====== Args={'value': 7, 'prev_value': 6, 'change': 1}
2023-05-28 20:40:26,236 : INFO : SwitchController : <<<<<<< 's_start' inactive >>>>>>>
2023-05-28 20:40:26,418 : INFO : SwitchController : <<<<<<< 's_start' active >>>>>>>
2023-05-28 20:40:26,418 : INFO : EventManager : Event: ======'sw_start'====== Args={}
2023-05-28 20:40:26,418 : INFO : EventManager : Event: ======'machine_var_audits_switches_s_start'====== Args={'value': 8, 'prev_value': 7, 'change': 1}
2023-05-28 20:40:26,530 : INFO : BallController : Found 1 ball(s) on playfield.
2023-05-28 20:40:26,531 : WARNING : BallController : Playfields still contain balls. Waiting for those to drain.
2023-05-28 20:40:26,545 : INFO : SwitchController : <<<<<<< 's_start' inactive >>>>>>>
2023-05-28 20:40:26,676 : INFO : SwitchController : <<<<<<< 's_start' active >>>>>>>
2023-05-28 20:40:26,676 : INFO : EventManager : Event: ======'sw_start'====== Args={}
2023-05-28 20:40:26,676 : INFO : EventManager : Event: ======'machine_var_audits_switches_s_start'====== Args={'value': 9, 'prev_value': 8, 'change': 1}
2023-05-28 20:40:26,804 : INFO : SwitchController : <<<<<<< 's_start' inactive >>>>>>>
2023-05-28 20:40:26,945 : INFO : SwitchController : <<<<<<< 's_start' active >>>>>>>
2023-05-28 20:40:26,946 : INFO : EventManager : Event: ======'sw_start'====== Args={}
2023-05-28 20:40:26,946 : INFO : EventManager : Event: ======'machine_var_audits_switches_s_start'====== Args={'value': 10, 'prev_value': 9, 'change': 1}
2023-05-28 20:40:27,165 : INFO : SwitchController : <<<<<<< 's_plunger' active >>>>>>>
2023-05-28 20:40:27,165 : INFO : EventManager : Event: ======'machine_var_audits_switches_s_plunger'====== Args={'value': 5, 'prev_value': 4, 'change': 1}
2023-05-28 20:40:27,242 : INFO : SwitchController : <<<<<<< 's_start' inactive >>>>>>>
2023-05-28 20:40:27,318 : INFO : SwitchController : <<<<<<< 's_plunger' inactive >>>>>>>
2023-05-28 20:40:27,532 : INFO : BallController : Found 1 ball(s) on playfield.
2023-05-28 20:40:27,533 : WARNING : BallController : Playfields still contain balls. Waiting for those to drain.
2023-05-28 20:40:27,533 : INFO : SwitchController : <<<<<<< 's_right_inlane' active >>>>>>>
2023-05-28 20:40:27,534 : INFO : EventManager : Event: ======'sw_playfield_active'====== Args={}
2023-05-28 20:40:27,534 : INFO : EventManager : Event: ======'machine_var_audits_switches_s_right_inlane'====== Args={'value': 6, 'prev_value': 5, 'change': 1}
2023-05-28 20:40:27,675 : INFO : SwitchController : <<<<<<< 's_right_inlane' inactive >>>>>>>
2023-05-28 20:40:28,533 : INFO : BallController : Found 1 ball(s) on playfield.
2023-05-28 20:40:28,533 : WARNING : BallController : Playfields still contain balls. Waiting for those to drain.
2023-05-28 20:40:29,534 : INFO : BallController : Found 1 ball(s) on playfield.
2023-05-28 20:40:29,534 : WARNING : BallController : Playfields still contain balls. Waiting for those to drain.
2023-05-28 20:40:30,535 : INFO : BallController : Found 1 ball(s) on playfield.
2023-05-28 20:40:30,535 : WARNING : BallController : Playfields still contain balls. Waiting for those to drain.
2023-05-28 20:40:31,537 : INFO : BallController : Found 1 ball(s) on playfield.
2023-05-28 20:40:31,537 : WARNING : BallController : Playfields still contain balls. Waiting for those to drain.
2023-05-28 20:40:32,538 : INFO : BallController : Found 1 ball(s) on playfield.
2023-05-28 20:40:32,538 : WARNING : BallController : Playfields still contain balls. Waiting for those to drain.
2023-05-28 20:40:33,539 : INFO : BallController : Found 1 ball(s) on playfield.
2023-05-28 20:40:33,539 : WARNING : BallController : Playfields still contain balls. Waiting for those to drain.
2023-05-28 20:40:34,540 : INFO : BallController : Found 1 ball(s) on playfield.
2023-05-28 20:40:34,541 : WARNING : BallController : Playfields still contain balls. Waiting for those to drain.
2023-05-28 20:40:35,541 : INFO : BallController : Found 1 ball(s) on playfield.
2023-05-28 20:40:35,542 : WARNING : BallController : Playfields still contain balls. Waiting for those to drain.
2023-05-28 20:40:36,542 : INFO : BallController : Found 1 ball(s) on playfield.
2023-05-28 20:40:36,542 : WARNING : BallController : Playfields still contain balls. Waiting for those to drain.
2023-05-28 20:40:37,542 : INFO : BallController : Found 1 ball(s) on playfield.
2023-05-28 20:40:37,543 : WARNING : BallController : Playfields still contain balls. Waiting for those to drain.
2023-05-28 20:40:38,543 : INFO : BallController : Found 1 ball(s) on playfield.
2023-05-28 20:40:38,544 : WARNING : BallController : Playfields still contain balls. Waiting for those to drain.
2023-05-28 20:40:39,544 : INFO : BallController : Found 1 ball(s) on playfield.
2023-05-28 20:40:39,544 : WARNING : BallController : Playfields still contain balls. Waiting for those to drain.
2023-05-28 20:40:40,543 : INFO : BallController : Found 1 ball(s) on playfield.
2023-05-28 20:40:40,544 : WARNING : BallController : Playfields still contain balls. Waiting for those to drain.
2023-05-28 20:40:41,131 : INFO : Machine : Shutting down...
2023-05-28 20:40:41,132 : INFO : EventManager : Event: ======'shutdown'====== Args={}
2023-05-28 20:40:41,133 : INFO : EventManager : Event: ======'mode_game_will_stop'====== Args={}
2023-05-28 20:40:41,133 : INFO : EventManager : Event: ======'mode_game_stopping'====== Args={}
2023-05-28 20:40:41,133 : INFO : Mode.game : Stopped.
2023-05-28 20:40:41,133 : INFO : EventManager : Event: ======'modes_active_modes_changed'====== Args={}
2023-05-28 20:40:41,133 : INFO : EventManager : Event: ======'mode_game_stopped'====== Args={}
2023-05-28 20:40:41,133 : INFO : EventManager : Event: ======'clear'====== Args={'key': 'game'}
2023-05-28 20:40:41,135 : INFO : root : MPF run loop ended.
