2023-05-28 20:27:23,551 : INFO : root : Loading config.
2023-05-28 20:27:23,878 : INFO : ConfigProcessor : Config spec file cache created: /var/folders/ft/zbkj41rj5wb6vpt67k4g_t180000gn/T/config_spec.mpf_cache
2023-05-28 20:27:23,878 : INFO : YamlMultifileConfigLoader : Machine config file #1: config.yaml
2023-05-28 20:27:23,878 : WARNING : ConfigProcessor : Config file in cache changed: /Users/weijtmans/Dropbox/dev/pinball/config/config.yaml
2023-05-28 20:27:23,878 : INFO : ConfigProcessor : Loading config from file /Users/weijtmans/opt/anaconda3/lib/python3.8/site-packages/mpf/mpfconfig.yaml.
2023-05-28 20:27:23,947 : INFO : ConfigProcessor : Loading config: /Users/weijtmans/opt/anaconda3/lib/python3.8/site-packages/mpf/mpfconfig.yaml
2023-05-28 20:27:23,947 : INFO : ConfigProcessor : Loading config from file /Users/weijtmans/Dropbox/dev/pinball/config/config.yaml.
2023-05-28 20:27:23,967 : INFO : ConfigProcessor : Loading config: /Users/weijtmans/Dropbox/dev/pinball/config/config.yaml
2023-05-28 20:27:23,968 : INFO : ConfigProcessor : Config file cache created: /var/folders/ft/zbkj41rj5wb6vpt67k4g_t180000gn/T/5990d3b039773aa86c29d89c33f7fe2d.mpf_cache
2023-05-28 20:27:24,011 : INFO : ConfigProcessor : Loading config from cache: /var/folders/ft/zbkj41rj5wb6vpt67k4g_t180000gn/T/e6f181099026fef6d8fced6e7d189039.mpf_cache
2023-05-28 20:27:24,012 : INFO : ConfigProcessor : Loading config from cache: /var/folders/ft/zbkj41rj5wb6vpt67k4g_t180000gn/T/b34aaaef8e306d9776092af8bb9baa5f.mpf_cache
2023-05-28 20:27:24,012 : INFO : Machine : Mission Pinball Framework Core Engine v0.56.1.dev7
2023-05-28 20:27:24,012 : INFO : Machine : Command line arguments: {'no_load_cache': False, 'create_config_cache': True, 'bcp': True, 'configfile': ['config.yaml'], 'force_assets_load': False, 'jsonlogging': False, 'logfile': 'logs/2023-05-28-20-27-23-mpf-MBP-van-Elgar.log', 'pause': False, 'production': False, 'text_ui': False, 'loglevel': 15, 'consoleloglevel': 20, 'force_platform': None, 'syslog_address': None, 'mc_file_name': None, 'no_sound': False}
2023-05-28 20:27:24,012 : INFO : Machine : MPF path: /Users/weijtmans/opt/anaconda3/lib/python3.8/site-packages/mpf
2023-05-28 20:27:24,012 : INFO : Machine : Machine path: /Users/weijtmans/Dropbox/dev/pinball
2023-05-28 20:27:24,012 : INFO : Machine : Platform: darwin
2023-05-28 20:27:24,012 : INFO : Machine : Python executable location: /Users/weijtmans/opt/anaconda3/bin/python
2023-05-28 20:27:24,012 : INFO : Machine : Python version: 3.8.8 (64-bit)
2023-05-28 20:27:24,020 : INFO : Machine : Initialise MPF.
2023-05-28 20:27:24,067 : INFO : EventManager : Event: ======'machine_var_credits_string'====== Args={'value': 'FREE PLAY', 'prev_value': None, 'change': True}
2023-05-28 20:27:24,098 : INFO : EventManager : Event: ======'machine_var_master_volume'====== Args={'value': 0.5, 'prev_value': None, 'change': True}
2023-05-28 20:27:24,098 : INFO : EventManager : Event: ======'machine_var_mpf_version'====== Args={'value': 'MPF v0.56.1.dev7', 'prev_value': None, 'change': True}
2023-05-28 20:27:24,098 : INFO : EventManager : Event: ======'machine_var_mpf_extended_version'====== Args={'value': 'MPF v0.56.1.dev7, Config version:5, Show version: 5, BCP version:1.1', 'prev_value': None, 'change': True}
2023-05-28 20:27:24,099 : INFO : EventManager : Event: ======'machine_var_python_version'====== Args={'value': '3.8.8', 'prev_value': None, 'change': True}
2023-05-28 20:27:24,108 : INFO : EventManager : Event: ======'machine_var_platform'====== Args={'value': 'macOS-10.16-x86_64-i386-64bit', 'prev_value': None, 'change': True}
2023-05-28 20:27:24,109 : INFO : EventManager : Event: ======'machine_var_platform_system'====== Args={'value': 'Darwin', 'prev_value': None, 'change': True}
2023-05-28 20:27:24,109 : INFO : EventManager : Event: ======'machine_var_platform_release'====== Args={'value': '21.6.0', 'prev_value': None, 'change': True}
2023-05-28 20:27:24,109 : INFO : EventManager : Event: ======'machine_var_platform_version'====== Args={'value': 'Darwin Kernel Version 21.6.0: Mon Aug 22 20:17:10 PDT 2022; root:xnu-8020.140.49~2/RELEASE_X86_64', 'prev_value': None, 'change': True}
2023-05-28 20:27:24,109 : INFO : EventManager : Event: ======'machine_var_platform_machine'====== Args={'value': 'x86_64', 'prev_value': None, 'change': True}
2023-05-28 20:27:24,109 : INFO : EventManager : Event: ======'init_phase_1'====== Args={}
2023-05-28 20:27:24,124 : INFO : EventManager : Event: ======'init_phase_2'====== Args={}
2023-05-28 20:27:24,125 : INFO : SwitchController : Found active switch: ('2', <Platform.SmartVirtual>) <switch.s_trough_1>
2023-05-28 20:27:24,125 : INFO : SwitchController : Found active switch: ('3', <Platform.SmartVirtual>) <switch.s_trough_2>
2023-05-28 20:27:24,125 : INFO : SwitchController : Found active switch: ('4', <Platform.SmartVirtual>) <switch.s_trough_3>
2023-05-28 20:27:24,125 : INFO : SwitchController : Found active switch: ('5', <Platform.SmartVirtual>) <switch.s_trough_4>
2023-05-28 20:27:24,125 : INFO : SwitchController : Found active switch: ('6', <Platform.SmartVirtual>) <switch.s_trough_5>
2023-05-28 20:27:24,125 : INFO : SwitchController : Found active switch: ('7', <Platform.SmartVirtual>) <switch.s_trough_6>
2023-05-28 20:27:24,127 : INFO : EventManager : Event: ======'bcp_connection_attempt'====== Args={'name': 'local_display', 'host': 'localhost', 'port': 5050}
2023-05-28 20:27:24,128 : INFO : BCPClientSocket : Connecting BCP to 'local_display' at localhost:5050...
2023-05-28 20:27:26,061 : INFO : BCPClientSocket : Connected BCP to 'local_display' localhost:5050
2023-05-28 20:27:26,062 : INFO : EventManager : Event: ======'bcp_clients_connected'====== Args={}
2023-05-28 20:27:26,062 : INFO : ball_device.bd_trough : BCH: Initial count: 6
2023-05-28 20:27:26,063 : INFO : ball_device.bd_trough : State: idle
2023-05-28 20:27:26,063 : INFO : ball_device.bd_plunger : BCH: Initial count: 0
2023-05-28 20:27:26,064 : INFO : ball_device.bd_plunger : State: idle
2023-05-28 20:27:26,065 : INFO : EventManager : Event: ======'machine_var_mc_version'====== Args={'value': 'MPF-MC v0.56.1', 'prev_value': None, 'change': True}
2023-05-28 20:27:26,065 : INFO : EventManager : Event: ======'machine_var_mc_extended_version'====== Args={'value': 'MPF-MC v0.56.1 (config_version=5, BCP v1.1,                      Requires MPF API compatibility v0.56.0 or newer)', 'prev_value': None, 'change': True}
2023-05-28 20:27:26,068 : INFO : EventManager : Event: ======'init_phase_3'====== Args={}
2023-05-28 20:27:26,071 : INFO : EventManager : Event: ======'init_phase_4'====== Args={}
2023-05-28 20:27:26,071 : INFO : BallController : Initial balls found: 6
2023-05-28 20:27:26,072 : INFO : EventManager : Event: ======'machine_var_audits_switches_s_flipper_left'====== Args={'value': 0, 'prev_value': None, 'change': True}
2023-05-28 20:27:26,072 : INFO : EventManager : Event: ======'machine_var_audits_switches_s_flipper_right'====== Args={'value': 0, 'prev_value': None, 'change': True}
2023-05-28 20:27:26,072 : INFO : EventManager : Event: ======'machine_var_audits_switches_s_trough_1'====== Args={'value': 0, 'prev_value': None, 'change': True}
2023-05-28 20:27:26,072 : INFO : EventManager : Event: ======'machine_var_audits_switches_s_trough_2'====== Args={'value': 0, 'prev_value': None, 'change': True}
2023-05-28 20:27:26,072 : INFO : EventManager : Event: ======'machine_var_audits_switches_s_trough_3'====== Args={'value': 0, 'prev_value': None, 'change': True}
2023-05-28 20:27:26,073 : INFO : EventManager : Event: ======'machine_var_audits_switches_s_trough_4'====== Args={'value': 0, 'prev_value': None, 'change': True}
2023-05-28 20:27:26,073 : INFO : EventManager : Event: ======'machine_var_audits_switches_s_trough_5'====== Args={'value': 0, 'prev_value': None, 'change': True}
2023-05-28 20:27:26,073 : INFO : EventManager : Event: ======'machine_var_audits_switches_s_trough_6'====== Args={'value': 0, 'prev_value': None, 'change': True}
2023-05-28 20:27:26,073 : INFO : EventManager : Event: ======'machine_var_audits_switches_s_trough_jam'====== Args={'value': 0, 'prev_value': None, 'change': True}
2023-05-28 20:27:26,073 : INFO : EventManager : Event: ======'machine_var_audits_switches_s_plunger'====== Args={'value': 0, 'prev_value': None, 'change': True}
2023-05-28 20:27:26,073 : INFO : EventManager : Event: ======'machine_var_audits_events_game_started'====== Args={'value': 0, 'prev_value': None, 'change': True}
2023-05-28 20:27:26,073 : INFO : EventManager : Event: ======'machine_var_audits_events_game_ended'====== Args={'value': 0, 'prev_value': None, 'change': True}
2023-05-28 20:27:26,073 : INFO : EventManager : Event: ======'machine_var_audits_player_score'====== Args={'value': {'top': [], 'average': 0, 'total': 0}, 'prev_value': None, 'change': True}
2023-05-28 20:27:26,074 : INFO : EventManager : Event: ======'init_phase_5'====== Args={}
2023-05-28 20:27:26,075 : INFO : EventManager : Event: ======'init_done'====== Args={}
2023-05-28 20:27:26,075 : INFO : EventManager : Event: ======'machine_reset_phase_1'====== Args={}
2023-05-28 20:27:26,078 : INFO : EventManager : Event: ======'slide_welcome_slide_removed'====== Args={'_from_bcp': True}
2023-05-28 20:27:26,080 : INFO : EventManager : Event: ======'slide_welcome_slide_created'====== Args={'_from_bcp': True}
2023-05-28 20:27:26,081 : INFO : EventManager : Event: ======'slide_welcome_slide_active'====== Args={'_from_bcp': True}
2023-05-28 20:27:26,081 : INFO : EventManager : Event: ======'machine_reset_phase_2'====== Args={}
2023-05-28 20:27:26,081 : INFO : EventManager : Event: ======'machine_reset_phase_3'====== Args={}
2023-05-28 20:27:26,081 : INFO : EventManager : Event: ======'reset_complete'====== Args={}
2023-05-28 20:27:26,082 : INFO : EventManager : Event: ======'mode_attract_will_start'====== Args={}
2023-05-28 20:27:26,082 : INFO : EventManager : Event: ======'mode_attract_starting'====== Args={}
2023-05-28 20:27:26,082 : INFO : Mode.attract : Started. Priority: 10
2023-05-28 20:27:26,082 : INFO : EventManager : Event: ======'modes_active_modes_changed'====== Args={}
2023-05-28 20:27:26,082 : INFO : EventManager : Event: ======'mode_attract_started'====== Args={}
2023-05-28 20:27:26,083 : INFO : EventManager : Event: ======'collecting_balls_complete'====== Args={}
2023-05-28 20:27:26,083 : INFO : Machine : Starting the main run loop.
2023-05-28 20:27:26,101 : INFO : EventManager : Event: ======'slide_attract_started_created'====== Args={'_from_bcp': True}
2023-05-28 20:27:26,104 : INFO : EventManager : Event: ======'slide_attract_started_active'====== Args={'_from_bcp': True}
2023-05-28 20:27:29,632 : INFO : SwitchController : <<<<<<< 's_flipper_left' active >>>>>>>
2023-05-28 20:27:29,776 : INFO : SwitchController : <<<<<<< 's_flipper_left' inactive >>>>>>>
2023-05-28 20:27:30,376 : INFO : SwitchController : <<<<<<< 's_flipper_right' active >>>>>>>
2023-05-28 20:27:30,522 : INFO : SwitchController : <<<<<<< 's_flipper_right' inactive >>>>>>>
2023-05-28 20:27:31,384 : WARNING : SwitchController : Received duplicate switch state 1 for switch s_trough_1 from the platform interface. Log Code: Log-SwitchController-1 (https://docs.missionpinball.org/en/dev/logs/Log-SwitchController-1.html)
2023-05-28 20:27:31,502 : INFO : SwitchController : <<<<<<< 's_trough_1' inactive >>>>>>>
2023-05-28 20:27:37,005 : INFO : EventManager : Event: ======'balldevice_bd_trough_ball_count_changed'====== Args={'balls': 5}
2023-05-28 20:27:37,005 : WARNING : ball_device.bd_trough : Ball disappeared while idle. This should not normally happen.
2023-05-28 20:27:37,005 : INFO : EventManager : Event: ======'balldevice_playfield_ball_enter'====== Args={'new_balls': 1, 'unclaimed_balls': 1, 'device': <playfield.playfield>}
2023-05-28 20:27:37,005 : INFO : EventManager : Event: ======'playfield_ball_count_change'====== Args={'balls': 1, 'change': 1}
2023-05-28 20:27:37,005 : INFO : ball_device.bd_trough : 1 ball(s) missing from device. Mechanical eject? False
2023-05-28 20:27:37,005 : INFO : EventManager : Event: ======'balldevice_bd_trough_ball_missing'====== Args={'balls': 1}
2023-05-28 20:27:37,006 : INFO : EventManager : Event: ======'balldevice_ball_missing'====== Args={'balls': 1, 'name': 'bd_trough'}
2023-05-28 20:27:39,921 : WARNING : SwitchController : Received duplicate switch state 1 for switch s_trough_2 from the platform interface. Log Code: Log-SwitchController-1 (https://docs.missionpinball.org/en/dev/logs/Log-SwitchController-1.html)
2023-05-28 20:27:40,011 : INFO : SwitchController : <<<<<<< 's_trough_2' inactive >>>>>>>
2023-05-28 20:27:41,905 : WARNING : SwitchController : Received duplicate switch state 1 for switch s_trough_3 from the platform interface. Log Code: Log-SwitchController-1 (https://docs.missionpinball.org/en/dev/logs/Log-SwitchController-1.html)
2023-05-28 20:27:42,021 : INFO : SwitchController : <<<<<<< 's_trough_3' inactive >>>>>>>
2023-05-28 20:27:43,418 : INFO : SwitchController : <<<<<<< 's_trough_1' active >>>>>>>
2023-05-28 20:27:43,523 : INFO : SwitchController : <<<<<<< 's_trough_1' inactive >>>>>>>
2023-05-28 20:27:44,494 : INFO : SwitchController : <<<<<<< 's_trough_1' active >>>>>>>
2023-05-28 20:27:44,595 : INFO : SwitchController : <<<<<<< 's_trough_1' inactive >>>>>>>
2023-05-28 20:27:45,015 : INFO : SwitchController : <<<<<<< 's_trough_1' active >>>>>>>
2023-05-28 20:27:45,989 : INFO : SwitchController : <<<<<<< 's_trough_1' inactive >>>>>>>
2023-05-28 20:27:46,170 : INFO : SwitchController : <<<<<<< 's_trough_1' active >>>>>>>
2023-05-28 20:27:46,288 : INFO : SwitchController : <<<<<<< 's_trough_1' inactive >>>>>>>
2023-05-28 20:27:46,597 : INFO : SwitchController : <<<<<<< 's_trough_2' active >>>>>>>
2023-05-28 20:27:46,777 : INFO : SwitchController : <<<<<<< 's_trough_2' inactive >>>>>>>
2023-05-28 20:27:47,033 : INFO : SwitchController : <<<<<<< 's_trough_2' active >>>>>>>
2023-05-28 20:27:47,191 : INFO : SwitchController : <<<<<<< 's_trough_2' inactive >>>>>>>
2023-05-28 20:27:47,402 : INFO : SwitchController : <<<<<<< 's_trough_3' active >>>>>>>
2023-05-28 20:27:47,519 : INFO : SwitchController : <<<<<<< 's_trough_3' inactive >>>>>>>
2023-05-28 20:27:47,620 : INFO : SwitchController : <<<<<<< 's_trough_3' active >>>>>>>
2023-05-28 20:27:47,723 : INFO : SwitchController : <<<<<<< 's_trough_3' inactive >>>>>>>
2023-05-28 20:27:47,840 : INFO : SwitchController : <<<<<<< 's_trough_3' active >>>>>>>
2023-05-28 20:27:47,944 : INFO : SwitchController : <<<<<<< 's_trough_3' inactive >>>>>>>
2023-05-28 20:27:48,505 : INFO : SwitchController : <<<<<<< 's_trough_3' active >>>>>>>
2023-05-28 20:27:48,635 : INFO : SwitchController : <<<<<<< 's_trough_3' inactive >>>>>>>
2023-05-28 20:27:53,447 : INFO : EventManager : Event: ======'balldevice_bd_trough_ball_count_changed'====== Args={'balls': 3}
2023-05-28 20:27:53,447 : WARNING : ball_device.bd_trough : Ball disappeared while idle. This should not normally happen.
2023-05-28 20:27:53,447 : INFO : EventManager : Event: ======'balldevice_playfield_ball_enter'====== Args={'new_balls': 1, 'unclaimed_balls': 1, 'device': <playfield.playfield>}
2023-05-28 20:27:53,447 : INFO : EventManager : Event: ======'playfield_ball_count_change'====== Args={'balls': 2, 'change': 1}
2023-05-28 20:27:53,447 : INFO : ball_device.bd_trough : 1 ball(s) missing from device. Mechanical eject? False
2023-05-28 20:27:53,447 : INFO : EventManager : Event: ======'balldevice_bd_trough_ball_missing'====== Args={'balls': 1}
2023-05-28 20:27:53,447 : INFO : EventManager : Event: ======'balldevice_ball_missing'====== Args={'balls': 1, 'name': 'bd_trough'}
2023-05-28 20:27:53,448 : WARNING : ball_device.bd_trough : Ball disappeared while idle. This should not normally happen.
2023-05-28 20:27:53,448 : INFO : EventManager : Event: ======'balldevice_playfield_ball_enter'====== Args={'new_balls': 1, 'unclaimed_balls': 1, 'device': <playfield.playfield>}
2023-05-28 20:27:53,448 : INFO : EventManager : Event: ======'playfield_ball_count_change'====== Args={'balls': 3, 'change': 1}
2023-05-28 20:27:53,448 : INFO : ball_device.bd_trough : 1 ball(s) missing from device. Mechanical eject? False
2023-05-28 20:27:53,448 : INFO : EventManager : Event: ======'balldevice_bd_trough_ball_missing'====== Args={'balls': 1}
2023-05-28 20:27:53,449 : INFO : EventManager : Event: ======'balldevice_ball_missing'====== Args={'balls': 1, 'name': 'bd_trough'}
2023-05-28 20:27:54,104 : INFO : Machine : Shutting down...
2023-05-28 20:27:54,104 : INFO : EventManager : Event: ======'shutdown'====== Args={}
2023-05-28 20:27:54,107 : INFO : root : MPF run loop ended.
