2023-05-28 20:39:42,826 : kivy : Factory: 189 symbols loaded
2023-05-28 20:39:42,976 : kivy : ImageLoaderFFPy: Using ffpyplayer 4.3.5
2023-05-28 20:39:42,976 : kivy : Image: Providers: img_tex, img_imageio, img_dds, img_sdl2, img_pil, img_ffpyplayer 
2023-05-28 20:39:43,008 : kivy : VideoFFPy: Using ffpyplayer 4.3.5
2023-05-28 20:39:43,009 : kivy : Video: Provider: ffpyplayer(['video_ffmpeg'] ignored)
2023-05-28 20:39:43,145 : kivy : Loading MPF-MC controller
2023-05-28 20:39:43,540 : ConfigProcessor : Config spec file cache created: /var/folders/ft/zbkj41rj5wb6vpt67k4g_t180000gn/T/config_spec.mpf_cache
2023-05-28 20:39:43,540 : YamlMultifileConfigLoader : Machine config file #1: config
2023-05-28 20:39:43,541 : ConfigProcessor : Config file in cache changed: /Users/weijtmans/Dropbox/dev/pinball/config/config
2023-05-28 20:39:43,541 : ConfigProcessor : Loading config from file /Users/weijtmans/opt/anaconda3/lib/python3.8/site-packages/mpfmc/mcconfig.yaml.
2023-05-28 20:39:43,572 : ConfigProcessor : Loading config: /Users/weijtmans/opt/anaconda3/lib/python3.8/site-packages/mpfmc/mcconfig.yaml
2023-05-28 20:39:43,588 : ConfigProcessor : Loading config from file /Users/weijtmans/Dropbox/dev/pinball/config/config.
2023-05-28 20:39:43,609 : ConfigProcessor : Loading config: /Users/weijtmans/Dropbox/dev/pinball/config/config
2023-05-28 20:39:43,613 : ConfigProcessor : Config file cache created: /var/folders/ft/zbkj41rj5wb6vpt67k4g_t180000gn/T/decc683c3842d97ec3a6341c959d70f2.mpf_cache
2023-05-28 20:39:43,613 : ConfigProcessor : Loading config from cache: /var/folders/ft/zbkj41rj5wb6vpt67k4g_t180000gn/T/e6f181099026fef6d8fced6e7d189039.mpf_cache
2023-05-28 20:39:43,613 : ConfigProcessor : Loading config from cache: /var/folders/ft/zbkj41rj5wb6vpt67k4g_t180000gn/T/b34aaaef8e306d9776092af8bb9baa5f.mpf_cache
2023-05-28 20:39:43,613 : mpfmc : Mission Pinball Framework Media Controller v0.56.1
2023-05-28 20:39:43,613 : mpfmc : Mission Pinball Framework Game Engine v0.56.1.dev7
2023-05-28 20:39:43,613 : mpfmc : Machine path: /Users/weijtmans/Dropbox/dev/pinball
2023-05-28 20:39:43,613 : mpfmc : Starting clock at 60.0Hz
2023-05-28 20:39:43,623 : kivy : Text: Provider: sdl2
2023-05-28 20:39:43,655 : kivy : Window: Provider: sdl2
2023-05-28 20:39:44,490 : kivy : GL: Using the "OpenGL ES 2" graphics system
2023-05-28 20:39:44,490 : kivy : GL: Backend used <sdl2>
2023-05-28 20:39:44,490 : kivy : GL: OpenGL version <b'2.1 ATI-4.8.101'>
2023-05-28 20:39:44,490 : kivy : GL: OpenGL vendor <b'ATI Technologies Inc.'>
2023-05-28 20:39:44,491 : kivy : GL: OpenGL renderer <b'AMD Radeon Pro 5300M OpenGL Engine'>
2023-05-28 20:39:44,491 : kivy : GL: OpenGL parsed version: 2, 1
2023-05-28 20:39:44,491 : kivy : GL: Shading version <b'1.20'>
2023-05-28 20:39:44,491 : kivy : GL: Texture max size <16384>
2023-05-28 20:39:44,491 : kivy : GL: Texture max units <16>
2023-05-28 20:39:44,512 : kivy : Window: auto add sdl2 input provider
2023-05-28 20:39:44,513 : kivy : Window: virtual keyboard not allowed, single mode, not docked
2023-05-28 20:39:44,519 : SoundSystem : SoundSystem: Using default 'sound_system' settings
2023-05-28 20:39:44,718 : AudioInterface : Initialized
2023-05-28 20:39:44,718 : AudioInterface : Loaded SDL 2.26.1
2023-05-28 20:39:44,718 : AudioInterface : Loaded SDL_Mixer 2.6.2
2023-05-28 20:39:44,719 : AudioInterface : Loaded GStreamer 1.20.4.0
2023-05-28 20:39:44,719 : AudioInterface : Loaded GLib 2.74.3
2023-05-28 20:39:44,719 : AudioInterface : Settings requested - rate: 44100, channels: 1, buffer: 2048 samples
2023-05-28 20:39:44,719 : AudioInterface : Settings in use - rate: 44100, channels: 1, buffer: 2048 samples (4096 bytes @ 2 bytes per sample)
2023-05-28 20:39:44,719 : SoundSystem : No audio tracks are specified in your machine config file. a track named 'default' has been created.
2023-05-28 20:39:44,719 : SoundSystem : Setting master volume to 0.0
2023-05-28 20:39:44,719 : SoundSystem : master_volume in sound_system is deprecated and will be removed in the future.
2023-05-28 20:39:44,719 : AudioInterface : Enabling audio playback
2023-05-28 20:39:44,721 : kivy : Base: Start application main loop
2023-05-28 20:39:44,721 : EventManager : Event: ======'display_window_initialized'====== Args={}
2023-05-28 20:39:45,059 : mpfmc : Display: Setting 'window' as default display
2023-05-28 20:39:45,063 : EventManager : Event: ======'displays_initialized'====== Args={}
2023-05-28 20:39:45,064 : EventManager : Event: ======'slide_window_blank_created'====== Args={}
2023-05-28 20:39:45,064 : EventManager : Event: ======'display_window_ready'====== Args={}
2023-05-28 20:39:45,071 : EventManager : Event: ======'init_phase_1'====== Args={}
2023-05-28 20:39:45,074 : EventManager : Event: ======'mc_ready'====== Args={}
2023-05-28 20:39:45,074 : EventManager : Event: ======'init_phase_2'====== Args={}
2023-05-28 20:39:45,075 : EventManager : Event: ======'init_phase_3'====== Args={}
2023-05-28 20:39:45,075 : EventManager : Event: ======'init_phase_4'====== Args={}
2023-05-28 20:39:45,075 : EventManager : Event: ======'init_phase_5'====== Args={}
2023-05-28 20:39:45,075 : EventManager : Event: ======'init_done'====== Args={}
2023-05-28 20:39:45,075 : MPF-MC BCP Server : Starting up on localhost port 5050
2023-05-28 20:39:45,076 : MPF-MC BCP Server : Waiting for a connection...
2023-05-28 20:39:45,076 : mpfmc : SlidePlayer: Play called with settings={'slides': {welcome_slide-None-None: {'priority': None, 'target': None, 'background_color': [0.0, 0.0, 0.0, 1.0], 'show': True, 'force': False, 'expire': None, 'slide': None, 'tokens': {}, 'action': 'play', 'transition': None, 'transition_out': None}}}
2023-05-28 20:39:45,082 : kivy : GL: NPOT texture support is available
2023-05-28 20:39:45,082 : MPF-MC BCP Server : Received connection from: 127.0.0.1:53740
2023-05-28 20:39:45,082 : EventManager : Event: ======'slide_welcome_slide_created'====== Args={}
2023-05-28 20:39:45,086 : EventManager : Event: ======'slide_welcome_slide_active'====== Args={}
2023-05-28 20:39:45,175 : EventManager : Event: ======'client_disconnected'====== Args={'host': '127.0.0.1', 'port': 5050}
2023-05-28 20:39:45,178 : EventManager : Event: ======'client_connected'====== Args={'host': '127.0.0.1', 'port': 53740}
2023-05-28 20:39:45,178 : EventManager : Event: ======'slides_play'====== Args={'settings': {'welcome_slide': {'target': None, 'background_color': [0.0, 0.0, 0.0, 1.0], 'priority': None, 'show': True, 'force': False, 'expire': None, 'slide': None, 'tokens': {}, 'action': 'play'}}, 'context': '_global', 'calling_context': 'init_done', 'priority': 0}
2023-05-28 20:39:45,178 : EventManager : Event: ======'mc_reset_phase_1'====== Args={}
2023-05-28 20:39:45,179 : mpfmc : SlidePlayer: Play called with settings={'welcome_slide': {'target': None, 'background_color': [0.0, 0.0, 0.0, 1.0], 'priority': None, 'show': True, 'force': False, 'expire': None, 'slide': None, 'tokens': {}, 'action': 'play'}}
2023-05-28 20:39:45,179 : EventManager : Event: ======'slide_welcome_slide_removed'====== Args={}
2023-05-28 20:39:45,182 : EventManager : Event: ======'slide_welcome_slide_created'====== Args={}
2023-05-28 20:39:45,182 : EventManager : Event: ======'mc_reset_phase_2'====== Args={}
2023-05-28 20:39:45,182 : EventManager : Event: ======'mc_reset_phase_3'====== Args={}
2023-05-28 20:39:45,182 : EventManager : Event: ======'mc_reset_complete'====== Args={}
2023-05-28 20:39:45,183 : EventManager : Event: ======'slide_welcome_slide_active'====== Args={}
2023-05-28 20:39:45,235 : EventManager : Event: ======'machine_var_credits_string'====== Args={'value': 'FREE PLAY', 'prev_value': None, 'change': True}
2023-05-28 20:39:45,235 : EventManager : Event: ======'machine_var_master_volume'====== Args={'value': 0.5, 'prev_value': None, 'change': True}
2023-05-28 20:39:45,235 : EventManager : Event: ======'machine_var_mpf_version'====== Args={'value': 'MPF v0.56.1.dev7', 'prev_value': None, 'change': True}
2023-05-28 20:39:45,236 : EventManager : Event: ======'machine_var_mpf_extended_version'====== Args={'value': 'MPF v0.56.1.dev7, Config version:5, Show version: 5, BCP version:1.1', 'prev_value': None, 'change': True}
2023-05-28 20:39:45,236 : EventManager : Event: ======'machine_var_python_version'====== Args={'value': '3.8.8', 'prev_value': None, 'change': True}
2023-05-28 20:39:45,236 : EventManager : Event: ======'machine_var_platform'====== Args={'value': 'macOS-10.16-x86_64-i386-64bit', 'prev_value': None, 'change': True}
2023-05-28 20:39:45,236 : EventManager : Event: ======'machine_var_platform_system'====== Args={'value': 'Darwin', 'prev_value': None, 'change': True}
2023-05-28 20:39:45,236 : EventManager : Event: ======'machine_var_platform_release'====== Args={'value': '21.6.0', 'prev_value': None, 'change': True}
2023-05-28 20:39:45,236 : EventManager : Event: ======'machine_var_platform_version'====== Args={'value': 'Darwin Kernel Version 21.6.0: Mon Aug 22 20:17:10 PDT 2022; root:xnu-8020.140.49~2/RELEASE_X86_64', 'prev_value': None, 'change': True}
2023-05-28 20:39:45,236 : EventManager : Event: ======'machine_var_platform_machine'====== Args={'value': 'x86_64', 'prev_value': None, 'change': True}
2023-05-28 20:39:45,236 : EventManager : Event: ======'machine_var_audits_events_game_ended'====== Args={'value': 0, 'prev_value': None, 'change': True}
2023-05-28 20:39:45,236 : EventManager : Event: ======'machine_var_audits_events_game_started'====== Args={'value': 1, 'prev_value': None, 'change': True}
2023-05-28 20:39:45,236 : EventManager : Event: ======'machine_var_audits_player_score'====== Args={'value': {'average': 0, 'top': [], 'total': 0}, 'prev_value': None, 'change': True}
2023-05-28 20:39:45,236 : EventManager : Event: ======'machine_var_audits_switches_s_flipper_left'====== Args={'value': 0, 'prev_value': None, 'change': True}
2023-05-28 20:39:45,237 : EventManager : Event: ======'machine_var_audits_switches_s_flipper_right'====== Args={'value': 0, 'prev_value': None, 'change': True}
2023-05-28 20:39:45,237 : EventManager : Event: ======'machine_var_audits_switches_s_plunger'====== Args={'value': 1, 'prev_value': None, 'change': True}
2023-05-28 20:39:45,237 : EventManager : Event: ======'machine_var_audits_switches_s_right_inlane'====== Args={'value': 0, 'prev_value': None, 'change': True}
2023-05-28 20:39:45,237 : EventManager : Event: ======'machine_var_audits_switches_s_start'====== Args={'value': 0, 'prev_value': None, 'change': True}
2023-05-28 20:39:45,237 : EventManager : Event: ======'machine_var_audits_switches_s_trough_1'====== Args={'value': 0, 'prev_value': None, 'change': True}
2023-05-28 20:39:45,237 : EventManager : Event: ======'machine_var_audits_switches_s_trough_2'====== Args={'value': 0, 'prev_value': None, 'change': True}
2023-05-28 20:39:45,237 : EventManager : Event: ======'machine_var_audits_switches_s_trough_3'====== Args={'value': 0, 'prev_value': None, 'change': True}
2023-05-28 20:39:45,237 : EventManager : Event: ======'machine_var_audits_switches_s_trough_4'====== Args={'value': 0, 'prev_value': None, 'change': True}
2023-05-28 20:39:45,237 : EventManager : Event: ======'machine_var_audits_switches_s_trough_5'====== Args={'value': 0, 'prev_value': None, 'change': True}
2023-05-28 20:39:45,237 : EventManager : Event: ======'machine_var_audits_switches_s_trough_6'====== Args={'value': 0, 'prev_value': None, 'change': True}
2023-05-28 20:39:45,237 : EventManager : Event: ======'machine_var_audits_switches_s_trough_jam'====== Args={'value': 0, 'prev_value': None, 'change': True}
2023-05-28 20:39:45,237 : EventManager : Event: ======'machine_var_mc_version'====== Args={'value': 'MPF-MC v0.56.1', 'prev_value': None, 'change': True}
2023-05-28 20:39:45,237 : EventManager : Event: ======'machine_var_mc_extended_version'====== Args={'value': 'MPF-MC v0.56.1 (config_version=5, BCP v1.1,                      Requires MPF API compatibility v0.56.0 or newer)', 'prev_value': None, 'change': True}
2023-05-28 20:39:45,237 : EventManager : Event: ======'slides_play'====== Args={'settings': {'attract_started': {'target': None, 'background_color': [0.0, 0.0, 0.0, 1.0], 'priority': None, 'show': True, 'force': False, 'expire': None, 'slide': None, 'tokens': {}, 'action': 'play'}}, 'context': '_global', 'calling_context': 'mode_attract_started', 'priority': 0}
2023-05-28 20:39:45,238 : SoundSystem : Setting master volume to 0.5
2023-05-28 20:39:45,238 : mpfmc : SlidePlayer: Play called with settings={'attract_started': {'target': None, 'background_color': [0.0, 0.0, 0.0, 1.0], 'priority': None, 'show': True, 'force': False, 'expire': None, 'slide': None, 'tokens': {}, 'action': 'play'}}
2023-05-28 20:39:45,240 : EventManager : Event: ======'slide_attract_started_created'====== Args={}
2023-05-28 20:39:45,241 : EventManager : Event: ======'slide_attract_started_active'====== Args={}
2023-05-28 20:39:47,373 : EventManager : Event: ======'game_started'====== Args={}
2023-05-28 20:39:47,373 : EventManager : Event: ======'player_added'====== Args={'player': <Player 1>, 'num': 1}
2023-05-28 20:39:47,373 : EventManager : Event: ======'player_index'====== Args={'value': 0, 'prev_value': 0, 'change': 0, 'player_num': 1}
2023-05-28 20:39:47,373 : EventManager : Event: ======'player_number'====== Args={'value': 1, 'prev_value': 1, 'change': 0, 'player_num': 1}
2023-05-28 20:39:47,374 : EventManager : Event: ======'player_score'====== Args={'value': 0, 'prev_value': 0, 'change': 0, 'player_num': 1}
2023-05-28 20:39:47,385 : EventManager : Event: ======'player_ball'====== Args={'value': 1, 'prev_value': 0, 'change': 1, 'player_num': 1}
2023-05-28 20:39:47,386 : EventManager : Event: ======'player_turn_start'====== Args={'number': 1, 'player': <Player 1>}
2023-05-28 20:39:47,386 : EventManager : Event: ======'slides_play'====== Args={'settings': {'ball_started': {'target': None, 'background_color': [0.0, 0.0, 0.0, 1.0], 'priority': None, 'show': True, 'force': False, 'expire': None, 'slide': None, 'tokens': {}, 'action': 'play'}}, 'context': '_global', 'calling_context': 'ball_started', 'priority': 0, 'player': 1, 'ball': 1, 'balls_remaining': 2, 'is_extra_ball': False}
2023-05-28 20:39:47,386 : mpfmc : SlidePlayer: Play called with settings={'ball_started': {'target': None, 'background_color': [0.0, 0.0, 0.0, 1.0], 'priority': None, 'show': True, 'force': False, 'expire': None, 'slide': None, 'tokens': {}, 'action': 'play'}}
2023-05-28 20:39:47,389 : EventManager : Event: ======'slide_ball_started_created'====== Args={}
2023-05-28 20:39:47,390 : EventManager : Event: ======'slide_ball_started_active'====== Args={}
2023-05-28 20:39:47,487 : EventManager : Event: ======'machine_var_audits_switches_s_plunger'====== Args={'value': 2, 'prev_value': 1, 'change': 1}
2023-05-28 20:39:50,833 : EventManager : Event: ======'machine_var_audits_switches_s_right_inlane'====== Args={'value': 1, 'prev_value': 0, 'change': 1}
2023-05-28 20:39:59,401 : EventManager : Event: ======'machine_var_audits_switches_s_start'====== Args={'value': 1, 'prev_value': 0, 'change': 1}
2023-05-28 20:39:59,401 : EventManager : Event: ======'player_added'====== Args={'player': <Player 2>, 'num': 2}
2023-05-28 20:39:59,401 : EventManager : Event: ======'player_index'====== Args={'value': 1, 'prev_value': 1, 'change': 0, 'player_num': 2}
2023-05-28 20:39:59,401 : EventManager : Event: ======'player_number'====== Args={'value': 2, 'prev_value': 2, 'change': 0, 'player_num': 2}
2023-05-28 20:39:59,401 : EventManager : Event: ======'player_score'====== Args={'value': 0, 'prev_value': 0, 'change': 0, 'player_num': 2}
2023-05-28 20:40:00,745 : EventManager : Event: ======'machine_var_audits_switches_s_start'====== Args={'value': 2, 'prev_value': 1, 'change': 1}
2023-05-28 20:40:00,745 : EventManager : Event: ======'player_added'====== Args={'player': <Player 3>, 'num': 3}
2023-05-28 20:40:00,745 : EventManager : Event: ======'player_index'====== Args={'value': 2, 'prev_value': 2, 'change': 0, 'player_num': 3}
2023-05-28 20:40:00,745 : EventManager : Event: ======'player_number'====== Args={'value': 3, 'prev_value': 3, 'change': 0, 'player_num': 3}
2023-05-28 20:40:00,745 : EventManager : Event: ======'player_score'====== Args={'value': 0, 'prev_value': 0, 'change': 0, 'player_num': 3}
2023-05-28 20:40:01,224 : EventManager : Event: ======'machine_var_audits_switches_s_start'====== Args={'value': 3, 'prev_value': 2, 'change': 1}
2023-05-28 20:40:01,224 : EventManager : Event: ======'player_added'====== Args={'player': <Player 4>, 'num': 4}
2023-05-28 20:40:01,224 : EventManager : Event: ======'player_index'====== Args={'value': 3, 'prev_value': 3, 'change': 0, 'player_num': 4}
2023-05-28 20:40:01,224 : EventManager : Event: ======'player_number'====== Args={'value': 4, 'prev_value': 4, 'change': 0, 'player_num': 4}
2023-05-28 20:40:01,225 : EventManager : Event: ======'player_score'====== Args={'value': 0, 'prev_value': 0, 'change': 0, 'player_num': 4}
2023-05-28 20:40:04,011 : EventManager : Event: ======'machine_var_audits_switches_s_trough_1'====== Args={'value': 1, 'prev_value': 0, 'change': 1}
2023-05-28 20:40:04,510 : EventManager : Event: ======'player_ball'====== Args={'value': 1, 'prev_value': 0, 'change': 1, 'player_num': 2}
2023-05-28 20:40:04,510 : EventManager : Event: ======'player_turn_start'====== Args={'number': 2, 'player': <Player 2>}
2023-05-28 20:40:14,567 : EventManager : Event: ======'machine_var_audits_switches_s_right_inlane'====== Args={'value': 2, 'prev_value': 1, 'change': 1}
2023-05-28 20:40:15,220 : EventManager : Event: ======'machine_var_audits_switches_s_right_inlane'====== Args={'value': 3, 'prev_value': 2, 'change': 1}
2023-05-28 20:40:16,039 : EventManager : Event: ======'machine_var_audits_switches_s_plunger'====== Args={'value': 3, 'prev_value': 2, 'change': 1}
2023-05-28 20:40:18,282 : EventManager : Event: ======'machine_var_audits_switches_s_start'====== Args={'value': 4, 'prev_value': 3, 'change': 1}
2023-05-28 20:40:22,423 : EventManager : Event: ======'machine_var_audits_switches_s_trough_3'====== Args={'value': 1, 'prev_value': 0, 'change': 1}
2023-05-28 20:40:22,848 : EventManager : Event: ======'machine_var_audits_switches_s_trough_2'====== Args={'value': 1, 'prev_value': 0, 'change': 1}
2023-05-28 20:40:23,266 : EventManager : Event: ======'machine_var_audits_switches_s_trough_1'====== Args={'value': 2, 'prev_value': 1, 'change': 1}
2023-05-28 20:40:23,959 : EventManager : Event: ======'machine_var_audits_switches_s_right_inlane'====== Args={'value': 4, 'prev_value': 3, 'change': 1}
2023-05-28 20:40:24,512 : EventManager : Event: ======'machine_var_audits_switches_s_right_inlane'====== Args={'value': 5, 'prev_value': 4, 'change': 1}
2023-05-28 20:40:24,834 : EventManager : Event: ======'machine_var_audits_switches_s_plunger'====== Args={'value': 4, 'prev_value': 3, 'change': 1}
2023-05-28 20:40:25,337 : EventManager : Event: ======'machine_var_audits_switches_s_start'====== Args={'value': 5, 'prev_value': 4, 'change': 1}
2023-05-28 20:40:25,838 : EventManager : Event: ======'machine_var_audits_switches_s_start'====== Args={'value': 6, 'prev_value': 5, 'change': 1}
2023-05-28 20:40:26,145 : EventManager : Event: ======'machine_var_audits_switches_s_start'====== Args={'value': 7, 'prev_value': 6, 'change': 1}
2023-05-28 20:40:26,429 : EventManager : Event: ======'machine_var_audits_switches_s_start'====== Args={'value': 8, 'prev_value': 7, 'change': 1}
2023-05-28 20:40:26,687 : EventManager : Event: ======'machine_var_audits_switches_s_start'====== Args={'value': 9, 'prev_value': 8, 'change': 1}
2023-05-28 20:40:26,957 : EventManager : Event: ======'machine_var_audits_switches_s_start'====== Args={'value': 10, 'prev_value': 9, 'change': 1}
2023-05-28 20:40:27,176 : EventManager : Event: ======'machine_var_audits_switches_s_plunger'====== Args={'value': 5, 'prev_value': 4, 'change': 1}
2023-05-28 20:40:27,545 : EventManager : Event: ======'machine_var_audits_switches_s_right_inlane'====== Args={'value': 6, 'prev_value': 5, 'change': 1}
2023-05-28 20:40:40,652 : kivy : Base: Leaving application in progress...
2023-05-28 20:40:40,652 : mpfmc : Stopping...
2023-05-28 20:40:40,652 : EventManager : Event: ======'shutdown'====== Args={}
2023-05-28 20:40:40,652 : AudioInterface : Disabling audio playback
2023-05-28 20:40:40,735 : mpfmc : Loop rate 77.0 Hz
2023-05-28 20:40:40,735 : kivy : MC run loop ended.
2023-05-28 20:40:40,735 : kivy : Stopping child threads... (3 remaining)
2023-05-28 20:40:41,131 : mpfmc : Stopping...
2023-05-28 20:40:41,131 : EventManager : Event: ======'shutdown'====== Args={}
2023-05-28 20:40:41,131 : mpfmc : Loop rate 76.46 Hz
2023-05-28 20:40:41,142 : MPF-MC BCP Server : Stopping BCP sending thread
2023-05-28 20:40:41,239 : kivy : All child threads stopped.
