2023-05-29 15:40:44,602 : INFO : root : Loading config.
2023-05-29 15:40:44,948 : INFO : ConfigProcessor : Config spec file cache created: /var/folders/ft/zbkj41rj5wb6vpt67k4g_t180000gn/T/config_spec.mpf_cache
2023-05-29 15:40:44,948 : INFO : YamlMultifileConfigLoader : Machine config file #1: config.yaml
2023-05-29 15:40:44,949 : INFO : ConfigProcessor : Loading config from cache: /var/folders/ft/zbkj41rj5wb6vpt67k4g_t180000gn/T/5990d3b039773aa86c29d89c33f7fe2d.mpf_cache
2023-05-29 15:40:45,019 : INFO : ConfigProcessor : Loading config from cache: /var/folders/ft/zbkj41rj5wb6vpt67k4g_t180000gn/T/e6f181099026fef6d8fced6e7d189039.mpf_cache
2023-05-29 15:40:45,020 : INFO : ConfigProcessor : Loading config from cache: /var/folders/ft/zbkj41rj5wb6vpt67k4g_t180000gn/T/b34aaaef8e306d9776092af8bb9baa5f.mpf_cache
2023-05-29 15:40:45,020 : INFO : Machine : Mission Pinball Framework Core Engine v0.56.1.dev7
2023-05-29 15:40:45,020 : INFO : Machine : Command line arguments: {'no_load_cache': False, 'create_config_cache': True, 'bcp': True, 'configfile': ['config.yaml'], 'force_assets_load': False, 'jsonlogging': False, 'logfile': 'logs/2023-05-29-15-40-44-mpf-MBP-van-Elgar.home.log', 'pause': False, 'production': False, 'text_ui': True, 'loglevel': 15, 'consoleloglevel': 20, 'force_platform': None, 'syslog_address': None, 'mc_file_name': None, 'no_sound': False}
2023-05-29 15:40:45,020 : INFO : Machine : MPF path: /Users/weijtmans/opt/anaconda3/lib/python3.8/site-packages/mpf
2023-05-29 15:40:45,020 : INFO : Machine : Machine path: /Users/weijtmans/Dropbox/dev/pinball
2023-05-29 15:40:45,020 : INFO : Machine : Platform: darwin
2023-05-29 15:40:45,020 : INFO : Machine : Python executable location: /Users/weijtmans/opt/anaconda3/bin/python
2023-05-29 15:40:45,020 : INFO : Machine : Python version: 3.8.8 (64-bit)
2023-05-29 15:40:45,033 : INFO : Machine : Initialise MPF.
2023-05-29 15:40:45,135 : INFO : EventManager : Event: ======'machine_var_credits_string'====== Args={'value': 'FREE PLAY', 'prev_value': None, 'change': True}
2023-05-29 15:40:45,171 : INFO : EventManager : Event: ======'machine_var_master_volume'====== Args={'value': 0.5, 'prev_value': None, 'change': True}
2023-05-29 15:40:45,171 : INFO : EventManager : Event: ======'machine_var_mpf_version'====== Args={'value': 'MPF v0.56.1.dev7', 'prev_value': None, 'change': True}
2023-05-29 15:40:45,171 : INFO : EventManager : Event: ======'machine_var_mpf_extended_version'====== Args={'value': 'MPF v0.56.1.dev7, Config version:5, Show version: 5, BCP version:1.1', 'prev_value': None, 'change': True}
2023-05-29 15:40:45,171 : INFO : EventManager : Event: ======'machine_var_python_version'====== Args={'value': '3.8.8', 'prev_value': None, 'change': True}
2023-05-29 15:40:45,182 : INFO : EventManager : Event: ======'machine_var_platform'====== Args={'value': 'macOS-10.16-x86_64-i386-64bit', 'prev_value': None, 'change': True}
2023-05-29 15:40:45,182 : INFO : EventManager : Event: ======'machine_var_platform_system'====== Args={'value': 'Darwin', 'prev_value': None, 'change': True}
2023-05-29 15:40:45,183 : INFO : EventManager : Event: ======'machine_var_platform_release'====== Args={'value': '21.6.0', 'prev_value': None, 'change': True}
2023-05-29 15:40:45,183 : INFO : EventManager : Event: ======'machine_var_platform_version'====== Args={'value': 'Darwin Kernel Version 21.6.0: Mon Aug 22 20:17:10 PDT 2022; root:xnu-8020.140.49~2/RELEASE_X86_64', 'prev_value': None, 'change': True}
2023-05-29 15:40:45,183 : INFO : EventManager : Event: ======'machine_var_platform_machine'====== Args={'value': 'x86_64', 'prev_value': None, 'change': True}
2023-05-29 15:40:45,183 : INFO : EventManager : Event: ======'init_phase_1'====== Args={}
2023-05-29 15:40:45,196 : INFO : EventManager : Event: ======'init_phase_2'====== Args={}
2023-05-29 15:40:45,197 : INFO : SwitchController : Found active switch: ('2', <Platform.SmartVirtual>) <switch.s_trough_1>
2023-05-29 15:40:45,197 : INFO : SwitchController : Found active switch: ('3', <Platform.SmartVirtual>) <switch.s_trough_2>
2023-05-29 15:40:45,197 : INFO : SwitchController : Found active switch: ('4', <Platform.SmartVirtual>) <switch.s_trough_3>
2023-05-29 15:40:45,197 : INFO : SwitchController : Found active switch: ('5', <Platform.SmartVirtual>) <switch.s_trough_4>
2023-05-29 15:40:45,197 : INFO : SwitchController : Found active switch: ('6', <Platform.SmartVirtual>) <switch.s_trough_5>
2023-05-29 15:40:45,197 : INFO : SwitchController : Found active switch: ('7', <Platform.SmartVirtual>) <switch.s_trough_6>
2023-05-29 15:40:45,198 : INFO : EventManager : Event: ======'bcp_connection_attempt'====== Args={'name': 'local_display', 'host': 'localhost', 'port': 5050}
2023-05-29 15:40:45,200 : INFO : BCPClientSocket : Connecting BCP to 'local_display' at localhost:5050...
2023-05-29 15:40:47,760 : INFO : BCPClientSocket : Connected BCP to 'local_display' localhost:5050
2023-05-29 15:40:47,761 : INFO : EventManager : Event: ======'bcp_clients_connected'====== Args={}
2023-05-29 15:40:47,762 : INFO : ball_device.bd_trough : BCH: Initial count: 6
2023-05-29 15:40:47,762 : INFO : ball_device.bd_trough : State: idle
2023-05-29 15:40:47,763 : INFO : ball_device.bd_plunger : BCH: Initial count: 0
2023-05-29 15:40:47,763 : INFO : ball_device.bd_plunger : State: idle
2023-05-29 15:40:47,771 : INFO : EventManager : Event: ======'init_phase_3'====== Args={}
2023-05-29 15:40:47,777 : INFO : EventManager : Event: ======'init_phase_4'====== Args={}
2023-05-29 15:40:47,778 : INFO : BallController : Initial balls found: 6
2023-05-29 15:40:47,779 : INFO : EventManager : Event: ======'machine_var_audits_events_game_ended'====== Args={'value': 0, 'prev_value': None, 'change': True}
2023-05-29 15:40:47,779 : INFO : EventManager : Event: ======'machine_var_audits_events_game_started'====== Args={'value': 2, 'prev_value': None, 'change': True}
2023-05-29 15:40:47,779 : INFO : EventManager : Event: ======'machine_var_audits_player_score'====== Args={'value': {'average': 0, 'top': [], 'total': 0}, 'prev_value': None, 'change': True}
2023-05-29 15:40:47,779 : INFO : EventManager : Event: ======'machine_var_audits_switches_s_flipper_left'====== Args={'value': 0, 'prev_value': None, 'change': True}
2023-05-29 15:40:47,779 : INFO : EventManager : Event: ======'machine_var_audits_switches_s_flipper_right'====== Args={'value': 0, 'prev_value': None, 'change': True}
2023-05-29 15:40:47,779 : INFO : EventManager : Event: ======'machine_var_audits_switches_s_plunger'====== Args={'value': 5, 'prev_value': None, 'change': True}
2023-05-29 15:40:47,780 : INFO : EventManager : Event: ======'machine_var_audits_switches_s_right_inlane'====== Args={'value': 6, 'prev_value': None, 'change': True}
2023-05-29 15:40:47,780 : INFO : EventManager : Event: ======'machine_var_audits_switches_s_start'====== Args={'value': 10, 'prev_value': None, 'change': True}
2023-05-29 15:40:47,780 : INFO : EventManager : Event: ======'machine_var_audits_switches_s_trough_1'====== Args={'value': 2, 'prev_value': None, 'change': True}
2023-05-29 15:40:47,780 : INFO : EventManager : Event: ======'machine_var_audits_switches_s_trough_2'====== Args={'value': 1, 'prev_value': None, 'change': True}
2023-05-29 15:40:47,780 : INFO : EventManager : Event: ======'machine_var_audits_switches_s_trough_3'====== Args={'value': 1, 'prev_value': None, 'change': True}
2023-05-29 15:40:47,780 : INFO : EventManager : Event: ======'machine_var_audits_switches_s_trough_4'====== Args={'value': 0, 'prev_value': None, 'change': True}
2023-05-29 15:40:47,780 : INFO : EventManager : Event: ======'machine_var_audits_switches_s_trough_5'====== Args={'value': 0, 'prev_value': None, 'change': True}
2023-05-29 15:40:47,780 : INFO : EventManager : Event: ======'machine_var_audits_switches_s_trough_6'====== Args={'value': 0, 'prev_value': None, 'change': True}
2023-05-29 15:40:47,780 : INFO : EventManager : Event: ======'machine_var_audits_switches_s_trough_jam'====== Args={'value': 0, 'prev_value': None, 'change': True}
2023-05-29 15:40:47,782 : INFO : EventManager : Event: ======'init_phase_5'====== Args={}
2023-05-29 15:40:47,783 : INFO : EventManager : Event: ======'init_done'====== Args={}
2023-05-29 15:40:47,783 : INFO : EventManager : Event: ======'machine_reset_phase_1'====== Args={}
2023-05-29 15:40:47,786 : INFO : EventManager : Event: ======'machine_var_mc_version'====== Args={'value': 'MPF-MC v0.56.1', 'prev_value': None, 'change': True}
2023-05-29 15:40:47,787 : INFO : EventManager : Event: ======'machine_var_mc_extended_version'====== Args={'value': 'MPF-MC v0.56.1 (config_version=5, BCP v1.1,                      Requires MPF API compatibility v0.56.0 or newer)', 'prev_value': None, 'change': True}
2023-05-29 15:40:47,797 : INFO : EventManager : Event: ======'slide_welcome_slide_removed'====== Args={'_from_bcp': True}
2023-05-29 15:40:47,797 : INFO : EventManager : Event: ======'slide_welcome_slide_created'====== Args={'_from_bcp': True}
2023-05-29 15:40:47,797 : INFO : EventManager : Event: ======'slide_welcome_slide_active'====== Args={'_from_bcp': True}
2023-05-29 15:40:47,798 : INFO : EventManager : Event: ======'machine_reset_phase_2'====== Args={}
2023-05-29 15:40:47,802 : INFO : EventManager : Event: ======'machine_reset_phase_3'====== Args={}
2023-05-29 15:40:47,802 : INFO : EventManager : Event: ======'reset_complete'====== Args={}
2023-05-29 15:40:47,802 : INFO : EventManager : Event: ======'mode_attract_will_start'====== Args={}
2023-05-29 15:40:47,803 : INFO : EventManager : Event: ======'mode_attract_starting'====== Args={}
2023-05-29 15:40:47,803 : INFO : Mode.attract : Started. Priority: 10
2023-05-29 15:40:47,803 : INFO : EventManager : Event: ======'modes_active_modes_changed'====== Args={}
2023-05-29 15:40:47,803 : INFO : EventManager : Event: ======'mode_attract_started'====== Args={}
2023-05-29 15:40:47,803 : INFO : EventManager : Event: ======'collecting_balls_complete'====== Args={}
2023-05-29 15:40:47,804 : INFO : Machine : Starting the main run loop.
2023-05-29 15:40:47,819 : INFO : EventManager : Event: ======'slide_attract_started_created'====== Args={'_from_bcp': True}
2023-05-29 15:40:47,819 : INFO : EventManager : Event: ======'slide_attract_started_active'====== Args={'_from_bcp': True}
2023-05-29 15:40:53,238 : INFO : Machine : Shutting down...
2023-05-29 15:40:53,238 : INFO : EventManager : Event: ======'shutdown'====== Args={}
2023-05-29 15:40:53,245 : INFO : root : MPF run loop ended.
