2023-05-26 16:59:50,301 : INFO : root : Loading config.
2023-05-26 16:59:50,636 : INFO : ConfigProcessor : Config spec file cache created: /var/folders/ft/zbkj41rj5wb6vpt67k4g_t180000gn/T/config_spec.mpf_cache
2023-05-26 16:59:50,636 : INFO : YamlMultifileConfigLoader : Machine config file #1: config.yaml
2023-05-26 16:59:50,637 : WARNING : ConfigProcessor : Config file in cache changed: /Users/weijtmans/Dropbox/dev/pinball/config/config.yaml
2023-05-26 16:59:50,637 : INFO : ConfigProcessor : Loading config from file /Users/weijtmans/opt/anaconda3/lib/python3.8/site-packages/mpf/mpfconfig.yaml.
2023-05-26 16:59:50,698 : INFO : ConfigProcessor : Loading config: /Users/weijtmans/opt/anaconda3/lib/python3.8/site-packages/mpf/mpfconfig.yaml
2023-05-26 16:59:50,699 : INFO : ConfigProcessor : Loading config from file /Users/weijtmans/Dropbox/dev/pinball/config/config.yaml.
2023-05-26 16:59:50,703 : INFO : ConfigProcessor : Loading config: /Users/weijtmans/Dropbox/dev/pinball/config/config.yaml
2023-05-26 16:59:50,704 : INFO : ConfigProcessor : Config file cache created: /var/folders/ft/zbkj41rj5wb6vpt67k4g_t180000gn/T/5990d3b039773aa86c29d89c33f7fe2d.mpf_cache
2023-05-26 16:59:50,739 : INFO : ConfigProcessor : Loading config from cache: /var/folders/ft/zbkj41rj5wb6vpt67k4g_t180000gn/T/e6f181099026fef6d8fced6e7d189039.mpf_cache
2023-05-26 16:59:50,740 : INFO : ConfigProcessor : Loading config from cache: /var/folders/ft/zbkj41rj5wb6vpt67k4g_t180000gn/T/b34aaaef8e306d9776092af8bb9baa5f.mpf_cache
2023-05-26 16:59:50,740 : INFO : Machine : Mission Pinball Framework Core Engine v0.56.1.dev7
2023-05-26 16:59:50,740 : INFO : Machine : Command line arguments: {'no_load_cache': False, 'create_config_cache': True, 'bcp': False, 'configfile': ['config.yaml'], 'force_assets_load': False, 'jsonlogging': False, 'logfile': 'logs/2023-05-26-16-59-50-mpf-MBP-van-Elgar.log', 'pause': False, 'production': False, 'text_ui': False, 'loglevel': 15, 'consoleloglevel': 20, 'force_platform': None, 'syslog_address': None, 'mc_file_name': None, 'no_sound': False}
2023-05-26 16:59:50,740 : INFO : Machine : MPF path: /Users/weijtmans/opt/anaconda3/lib/python3.8/site-packages/mpf
2023-05-26 16:59:50,741 : INFO : Machine : Machine path: /Users/weijtmans/Dropbox/dev/pinball
2023-05-26 16:59:50,741 : INFO : Machine : Platform: darwin
2023-05-26 16:59:50,741 : INFO : Machine : Python executable location: /Users/weijtmans/opt/anaconda3/bin/python
2023-05-26 16:59:50,741 : INFO : Machine : Python version: 3.8.8 (64-bit)
2023-05-26 16:59:50,747 : INFO : Machine : Initialise MPF.
2023-05-26 16:59:50,791 : INFO : EventManager : Event: ======'machine_var_credits_string'====== Args={'value': 'FREE PLAY', 'prev_value': None, 'change': True}
2023-05-26 16:59:50,819 : INFO : EventManager : Event: ======'machine_var_master_volume'====== Args={'value': 0.5, 'prev_value': None, 'change': True}
2023-05-26 16:59:50,819 : INFO : EventManager : Event: ======'machine_var_mpf_version'====== Args={'value': 'MPF v0.56.1.dev7', 'prev_value': None, 'change': True}
2023-05-26 16:59:50,819 : INFO : EventManager : Event: ======'machine_var_mpf_extended_version'====== Args={'value': 'MPF v0.56.1.dev7, Config version:5, Show version: 5, BCP version:1.1', 'prev_value': None, 'change': True}
2023-05-26 16:59:50,819 : INFO : EventManager : Event: ======'machine_var_python_version'====== Args={'value': '3.8.8', 'prev_value': None, 'change': True}
2023-05-26 16:59:50,827 : INFO : EventManager : Event: ======'machine_var_platform'====== Args={'value': 'macOS-10.16-x86_64-i386-64bit', 'prev_value': None, 'change': True}
2023-05-26 16:59:50,828 : INFO : EventManager : Event: ======'machine_var_platform_system'====== Args={'value': 'Darwin', 'prev_value': None, 'change': True}
2023-05-26 16:59:50,828 : INFO : EventManager : Event: ======'machine_var_platform_release'====== Args={'value': '21.6.0', 'prev_value': None, 'change': True}
2023-05-26 16:59:50,828 : INFO : EventManager : Event: ======'machine_var_platform_version'====== Args={'value': 'Darwin Kernel Version 21.6.0: Mon Aug 22 20:17:10 PDT 2022; root:xnu-8020.140.49~2/RELEASE_X86_64', 'prev_value': None, 'change': True}
2023-05-26 16:59:50,828 : INFO : EventManager : Event: ======'machine_var_platform_machine'====== Args={'value': 'x86_64', 'prev_value': None, 'change': True}
2023-05-26 16:59:50,828 : INFO : EventManager : Event: ======'init_phase_1'====== Args={}
2023-05-26 16:59:50,838 : INFO : EventManager : Event: ======'init_phase_2'====== Args={}
2023-05-26 16:59:50,844 : INFO : EventManager : Event: ======'init_phase_3'====== Args={}
2023-05-26 16:59:50,846 : INFO : EventManager : Event: ======'init_phase_4'====== Args={}
2023-05-26 16:59:50,849 : INFO : EventManager : Event: ======'machine_var_audits_switches_s_flipper_left'====== Args={'value': 0, 'prev_value': None, 'change': True}
2023-05-26 16:59:50,849 : INFO : EventManager : Event: ======'machine_var_audits_switches_s_flipper_right'====== Args={'value': 0, 'prev_value': None, 'change': True}
2023-05-26 16:59:50,849 : INFO : EventManager : Event: ======'machine_var_audits_events_game_started'====== Args={'value': 0, 'prev_value': None, 'change': True}
2023-05-26 16:59:50,849 : INFO : EventManager : Event: ======'machine_var_audits_events_game_ended'====== Args={'value': 0, 'prev_value': None, 'change': True}
2023-05-26 16:59:50,849 : INFO : EventManager : Event: ======'machine_var_audits_player_score'====== Args={'value': {'top': [], 'average': 0, 'total': 0}, 'prev_value': None, 'change': True}
2023-05-26 16:59:50,850 : INFO : EventManager : Event: ======'init_phase_5'====== Args={}
2023-05-26 16:59:50,850 : INFO : EventManager : Event: ======'init_done'====== Args={}
2023-05-26 16:59:50,851 : INFO : EventManager : Event: ======'machine_reset_phase_1'====== Args={}
2023-05-26 16:59:50,851 : INFO : EventManager : Event: ======'machine_reset_phase_2'====== Args={}
2023-05-26 16:59:50,851 : INFO : EventManager : Event: ======'machine_reset_phase_3'====== Args={}
2023-05-26 16:59:50,851 : INFO : EventManager : Event: ======'reset_complete'====== Args={}
2023-05-26 16:59:50,852 : INFO : EventManager : Event: ======'mode_attract_will_start'====== Args={}
2023-05-26 16:59:50,852 : INFO : EventManager : Event: ======'mode_attract_starting'====== Args={}
2023-05-26 16:59:50,852 : INFO : Mode.attract : Started. Priority: 10
2023-05-26 16:59:50,852 : INFO : EventManager : Event: ======'modes_active_modes_changed'====== Args={}
2023-05-26 16:59:50,852 : INFO : EventManager : Event: ======'mode_attract_started'====== Args={}
2023-05-26 16:59:50,852 : INFO : EventManager : Event: ======'collecting_balls_complete'====== Args={}
2023-05-26 16:59:50,853 : INFO : Machine : Starting the main run loop.
2023-05-26 17:00:08,281 : INFO : Machine : Shutting down...
2023-05-26 17:00:08,281 : INFO : EventManager : Event: ======'shutdown'====== Args={}
2023-05-26 17:00:08,282 : INFO : root : MPF run loop ended.
