2023-05-29 16:59:28,088 : INFO : root : Loading config.
2023-05-29 16:59:28,399 : INFO : ConfigProcessor : Config spec file cache created: /var/folders/ft/zbkj41rj5wb6vpt67k4g_t180000gn/T/config_spec.mpf_cache
2023-05-29 16:59:28,400 : INFO : YamlMultifileConfigLoader : Machine config file #1: config.yaml
2023-05-29 16:59:28,400 : WARNING : ConfigProcessor : Config file in cache changed: /Users/weijtmans/Dropbox/dev/pinball/config/config.yaml
2023-05-29 16:59:28,400 : INFO : ConfigProcessor : Loading config from file /Users/weijtmans/opt/anaconda3/lib/python3.8/site-packages/mpf/mpfconfig.yaml.
2023-05-29 16:59:28,462 : INFO : ConfigProcessor : Loading config: /Users/weijtmans/opt/anaconda3/lib/python3.8/site-packages/mpf/mpfconfig.yaml
2023-05-29 16:59:28,463 : INFO : ConfigProcessor : Loading config from file /Users/weijtmans/Dropbox/dev/pinball/config/config.yaml.
2023-05-29 16:59:28,477 : INFO : ConfigProcessor : Loading config: /Users/weijtmans/Dropbox/dev/pinball/config/config.yaml
2023-05-29 16:59:28,500 : INFO : ConfigProcessor : Config file cache created: /var/folders/ft/zbkj41rj5wb6vpt67k4g_t180000gn/T/5990d3b039773aa86c29d89c33f7fe2d.mpf_cache
2023-05-29 16:59:28,533 : INFO : ConfigProcessor : Loading config from cache: /var/folders/ft/zbkj41rj5wb6vpt67k4g_t180000gn/T/e6f181099026fef6d8fced6e7d189039.mpf_cache
2023-05-29 16:59:28,534 : INFO : ConfigProcessor : Loading config from cache: /var/folders/ft/zbkj41rj5wb6vpt67k4g_t180000gn/T/b34aaaef8e306d9776092af8bb9baa5f.mpf_cache
2023-05-29 16:59:28,534 : INFO : Machine : Mission Pinball Framework Core Engine v0.56.1.dev7
2023-05-29 16:59:28,534 : INFO : Machine : Command line arguments: {'no_load_cache': False, 'create_config_cache': True, 'bcp': True, 'configfile': ['config.yaml'], 'force_assets_load': False, 'jsonlogging': False, 'logfile': 'logs/2023-05-29-16-59-28-mpf-MBP-van-Elgar.home.log', 'pause': False, 'production': False, 'text_ui': True, 'loglevel': 15, 'consoleloglevel': 20, 'force_platform': None, 'syslog_address': None, 'mc_file_name': None, 'no_sound': False}
2023-05-29 16:59:28,534 : INFO : Machine : MPF path: /Users/weijtmans/opt/anaconda3/lib/python3.8/site-packages/mpf
2023-05-29 16:59:28,534 : INFO : Machine : Machine path: /Users/weijtmans/Dropbox/dev/pinball
2023-05-29 16:59:28,534 : INFO : Machine : Platform: darwin
2023-05-29 16:59:28,534 : INFO : Machine : Python executable location: /Users/weijtmans/opt/anaconda3/bin/python
2023-05-29 16:59:28,534 : INFO : Machine : Python version: 3.8.8 (64-bit)
2023-05-29 16:59:28,538 : INFO : Machine : Initialise MPF.
2023-05-29 16:59:28,592 : INFO : EventManager : Event: ======'machine_var_credits_string'====== Args={'value': 'FREE PLAY', 'prev_value': None, 'change': True}
2023-05-29 16:59:28,625 : INFO : EventManager : Event: ======'machine_var_master_volume'====== Args={'value': 0.5, 'prev_value': None, 'change': True}
2023-05-29 16:59:28,625 : INFO : EventManager : Event: ======'machine_var_mpf_version'====== Args={'value': 'MPF v0.56.1.dev7', 'prev_value': None, 'change': True}
2023-05-29 16:59:28,625 : INFO : EventManager : Event: ======'machine_var_mpf_extended_version'====== Args={'value': 'MPF v0.56.1.dev7, Config version:5, Show version: 5, BCP version:1.1', 'prev_value': None, 'change': True}
2023-05-29 16:59:28,625 : INFO : EventManager : Event: ======'machine_var_python_version'====== Args={'value': '3.8.8', 'prev_value': None, 'change': True}
2023-05-29 16:59:28,633 : INFO : EventManager : Event: ======'machine_var_platform'====== Args={'value': 'macOS-10.16-x86_64-i386-64bit', 'prev_value': None, 'change': True}
2023-05-29 16:59:28,633 : INFO : EventManager : Event: ======'machine_var_platform_system'====== Args={'value': 'Darwin', 'prev_value': None, 'change': True}
2023-05-29 16:59:28,633 : INFO : EventManager : Event: ======'machine_var_platform_release'====== Args={'value': '21.6.0', 'prev_value': None, 'change': True}
2023-05-29 16:59:28,633 : INFO : EventManager : Event: ======'machine_var_platform_version'====== Args={'value': 'Darwin Kernel Version 21.6.0: Mon Aug 22 20:17:10 PDT 2022; root:xnu-8020.140.49~2/RELEASE_X86_64', 'prev_value': None, 'change': True}
2023-05-29 16:59:28,634 : INFO : EventManager : Event: ======'machine_var_platform_machine'====== Args={'value': 'x86_64', 'prev_value': None, 'change': True}
2023-05-29 16:59:28,634 : INFO : EventManager : Event: ======'init_phase_1'====== Args={}
2023-05-29 16:59:28,644 : INFO : EventManager : Event: ======'init_phase_2'====== Args={}
2023-05-29 16:59:28,644 : INFO : SwitchController : Found active switch: ('2', <Platform.SmartVirtual>) <switch.s_trough_1>
2023-05-29 16:59:28,644 : INFO : SwitchController : Found active switch: ('3', <Platform.SmartVirtual>) <switch.s_trough_2>
2023-05-29 16:59:28,644 : INFO : SwitchController : Found active switch: ('4', <Platform.SmartVirtual>) <switch.s_trough_3>
2023-05-29 16:59:28,646 : INFO : EventManager : Event: ======'bcp_connection_attempt'====== Args={'name': 'local_display', 'host': 'localhost', 'port': 5050}
2023-05-29 16:59:28,647 : INFO : BCPClientSocket : Connecting BCP to 'local_display' at localhost:5050...
2023-05-29 16:59:30,585 : INFO : BCPClientSocket : Connected BCP to 'local_display' localhost:5050
2023-05-29 16:59:30,585 : INFO : EventManager : Event: ======'bcp_clients_connected'====== Args={}
2023-05-29 16:59:30,585 : INFO : ball_device.bd_trough : BCH: Initial count: 3
2023-05-29 16:59:30,586 : INFO : ball_device.bd_trough : State: idle
2023-05-29 16:59:30,586 : INFO : ball_device.bd_plunger : BCH: Initial count: 0
2023-05-29 16:59:30,586 : INFO : ball_device.bd_plunger : State: idle
2023-05-29 16:59:30,592 : INFO : EventManager : Event: ======'init_phase_3'====== Args={}
2023-05-29 16:59:30,594 : INFO : EventManager : Event: ======'init_phase_4'====== Args={}
2023-05-29 16:59:30,595 : INFO : BallController : Initial balls found: 3
2023-05-29 16:59:30,598 : INFO : EventManager : Event: ======'machine_var_audits_events_game_ended'====== Args={'value': 0, 'prev_value': None, 'change': True}
2023-05-29 16:59:30,598 : INFO : EventManager : Event: ======'machine_var_audits_events_game_started'====== Args={'value': 3, 'prev_value': None, 'change': True}
2023-05-29 16:59:30,598 : INFO : EventManager : Event: ======'machine_var_audits_player_score'====== Args={'value': {'average': 0, 'top': [], 'total': 0}, 'prev_value': None, 'change': True}
2023-05-29 16:59:30,598 : INFO : EventManager : Event: ======'machine_var_audits_switches_s_flipper_left'====== Args={'value': 0, 'prev_value': None, 'change': True}
2023-05-29 16:59:30,599 : INFO : EventManager : Event: ======'machine_var_audits_switches_s_flipper_right'====== Args={'value': 0, 'prev_value': None, 'change': True}
2023-05-29 16:59:30,599 : INFO : EventManager : Event: ======'machine_var_audits_switches_s_plunger'====== Args={'value': 6, 'prev_value': None, 'change': True}
2023-05-29 16:59:30,599 : INFO : EventManager : Event: ======'machine_var_audits_switches_s_right_inlane'====== Args={'value': 6, 'prev_value': None, 'change': True}
2023-05-29 16:59:30,599 : INFO : EventManager : Event: ======'machine_var_audits_switches_s_start'====== Args={'value': 10, 'prev_value': None, 'change': True}
2023-05-29 16:59:30,599 : INFO : EventManager : Event: ======'machine_var_audits_switches_s_trough_1'====== Args={'value': 2, 'prev_value': None, 'change': True}
2023-05-29 16:59:30,599 : INFO : EventManager : Event: ======'machine_var_audits_switches_s_trough_2'====== Args={'value': 1, 'prev_value': None, 'change': True}
2023-05-29 16:59:30,599 : INFO : EventManager : Event: ======'machine_var_audits_switches_s_trough_3'====== Args={'value': 1, 'prev_value': None, 'change': True}
2023-05-29 16:59:30,599 : INFO : EventManager : Event: ======'machine_var_audits_switches_s_trough_4'====== Args={'value': 0, 'prev_value': None, 'change': True}
2023-05-29 16:59:30,600 : INFO : EventManager : Event: ======'machine_var_audits_switches_s_trough_5'====== Args={'value': 0, 'prev_value': None, 'change': True}
2023-05-29 16:59:30,600 : INFO : EventManager : Event: ======'machine_var_audits_switches_s_trough_6'====== Args={'value': 0, 'prev_value': None, 'change': True}
2023-05-29 16:59:30,600 : INFO : EventManager : Event: ======'machine_var_audits_switches_s_trough_jam'====== Args={'value': 0, 'prev_value': None, 'change': True}
2023-05-29 16:59:30,600 : INFO : EventManager : Event: ======'init_phase_5'====== Args={}
2023-05-29 16:59:30,601 : INFO : EventManager : Event: ======'init_done'====== Args={}
2023-05-29 16:59:30,601 : INFO : EventManager : Event: ======'machine_reset_phase_1'====== Args={}
2023-05-29 16:59:30,615 : INFO : EventManager : Event: ======'machine_var_mc_version'====== Args={'value': 'MPF-MC v0.56.1', 'prev_value': None, 'change': True}
2023-05-29 16:59:30,615 : INFO : EventManager : Event: ======'machine_var_mc_extended_version'====== Args={'value': 'MPF-MC v0.56.1 (config_version=5, BCP v1.1,                      Requires MPF API compatibility v0.56.0 or newer)', 'prev_value': None, 'change': True}
2023-05-29 16:59:30,617 : INFO : EventManager : Event: ======'slide_welcome_slide_removed'====== Args={'_from_bcp': True}
2023-05-29 16:59:30,617 : INFO : EventManager : Event: ======'slide_welcome_slide_created'====== Args={'_from_bcp': True}
2023-05-29 16:59:30,637 : INFO : EventManager : Event: ======'slide_welcome_slide_active'====== Args={'_from_bcp': True}
2023-05-29 16:59:30,638 : INFO : EventManager : Event: ======'machine_reset_phase_2'====== Args={}
2023-05-29 16:59:30,638 : INFO : EventManager : Event: ======'machine_reset_phase_3'====== Args={}
2023-05-29 16:59:30,638 : INFO : EventManager : Event: ======'reset_complete'====== Args={}
2023-05-29 16:59:30,638 : INFO : EventManager : Event: ======'mode_attract_will_start'====== Args={}
2023-05-29 16:59:30,639 : INFO : EventManager : Event: ======'mode_attract_starting'====== Args={}
2023-05-29 16:59:30,639 : INFO : Mode.attract : Started. Priority: 10
2023-05-29 16:59:30,639 : INFO : EventManager : Event: ======'modes_active_modes_changed'====== Args={}
2023-05-29 16:59:30,639 : INFO : EventManager : Event: ======'mode_attract_started'====== Args={}
2023-05-29 16:59:30,639 : INFO : EventManager : Event: ======'collecting_balls_complete'====== Args={}
2023-05-29 16:59:30,640 : INFO : Machine : Starting the main run loop.
2023-05-29 16:59:30,655 : INFO : EventManager : Event: ======'slide_attract_started_created'====== Args={'_from_bcp': True}
2023-05-29 16:59:30,655 : INFO : EventManager : Event: ======'slide_attract_started_active'====== Args={'_from_bcp': True}
2023-05-29 16:59:38,864 : INFO : SwitchController : <<<<<<< 's_start' active >>>>>>>
2023-05-29 16:59:38,962 : INFO : SwitchController : <<<<<<< 's_start' inactive >>>>>>>
2023-05-29 16:59:38,962 : INFO : EventManager : Event: ======'request_to_start_game'====== Args={}
2023-05-29 16:59:38,963 : INFO : EventManager : Event: ======'game_start'====== Args={'buttons': [], 'hold_time': 0.09799999999813735}
2023-05-29 16:59:38,963 : INFO : EventManager : Event: ======'mode_game_will_start'====== Args={'buttons': [], 'hold_time': 0.09799999999813735}
2023-05-29 16:59:38,963 : INFO : EventManager : Event: ======'mode_game_starting'====== Args={'buttons': [], 'hold_time': 0.09799999999813735}
2023-05-29 16:59:38,963 : INFO : EventManager : Event: ======'mode_attract_will_stop'====== Args={}
2023-05-29 16:59:38,964 : INFO : EventManager : Event: ======'mode_attract_stopping'====== Args={}
2023-05-29 16:59:38,964 : INFO : Mode.attract : Stopped.
2023-05-29 16:59:38,964 : INFO : EventManager : Event: ======'modes_active_modes_changed'====== Args={}
2023-05-29 16:59:38,964 : INFO : EventManager : Event: ======'mode_attract_stopped'====== Args={}
2023-05-29 16:59:38,964 : INFO : EventManager : Event: ======'clear'====== Args={'key': 'attract'}
2023-05-29 16:59:38,964 : INFO : Mode.game : Started. Priority: 20
2023-05-29 16:59:38,964 : INFO : EventManager : Event: ======'modes_active_modes_changed'====== Args={}
2023-05-29 16:59:38,964 : INFO : EventManager : Event: ======'mode_game_started'====== Args={'buttons': [], 'hold_time': 0.09799999999813735}
2023-05-29 16:59:38,965 : INFO : EventManager : Event: ======'game_will_start'====== Args={}
2023-05-29 16:59:38,965 : INFO : EventManager : Event: ======'game_starting'====== Args={'game': <Mode.game>}
2023-05-29 16:59:38,966 : INFO : EventManager : Event: ======'player_add_request'====== Args={}
2023-05-29 16:59:38,966 : INFO : EventManager : Event: ======'player_will_add'====== Args={'number': 1}
2023-05-29 16:59:38,966 : INFO : EventManager : Event: ======'player_adding'====== Args={'player': <Player 1>, 'number': 1}
2023-05-29 16:59:38,966 : INFO : EventManager : Event: ======'player_added'====== Args={'player': <Player 1>, 'num': 1}
2023-05-29 16:59:38,966 : INFO : Mode.game : Player added successfully. Total players: 1
2023-05-29 16:59:38,966 : INFO : EventManager : Event: ======'player_index'====== Args={'value': 0, 'prev_value': 0, 'change': 0, 'player_num': 1}
2023-05-29 16:59:38,967 : INFO : EventManager : Event: ======'player_number'====== Args={'value': 1, 'prev_value': 1, 'change': 0, 'player_num': 1}
2023-05-29 16:59:38,967 : INFO : EventManager : Event: ======'player_score'====== Args={'value': 0, 'prev_value': 0, 'change': 0, 'player_num': 1}
2023-05-29 16:59:38,967 : INFO : EventManager : Event: ======'game_started'====== Args={}
2023-05-29 16:59:38,972 : INFO : EventManager : Event: ======'player_turn_will_start'====== Args={'player': <Player 1>, 'number': 1}
2023-05-29 16:59:38,977 : INFO : EventManager : Event: ======'player_turn_starting'====== Args={'player': <Player 1>, 'number': 1}
2023-05-29 16:59:38,977 : INFO : EventManager : Event: ======'player_ball'====== Args={'value': 1, 'prev_value': 0, 'change': 1, 'player_num': 1}
2023-05-29 16:59:38,977 : INFO : EventManager : Event: ======'player_turn_started'====== Args={'player': <Player 1>, 'number': 1}
2023-05-29 16:59:38,978 : INFO : EventManager : Event: ======'ball_will_start'====== Args={'player': 1, 'ball': 1, 'balls_remaining': 2, 'is_extra_ball': False}
2023-05-29 16:59:38,978 : INFO : EventManager : Event: ======'ball_starting'====== Args={'player': 1, 'ball': 1, 'balls_remaining': 2, 'is_extra_ball': False}
2023-05-29 16:59:38,979 : INFO : EventManager : Event: ======'balls_in_play'====== Args={'balls': 1}
2023-05-29 16:59:38,979 : INFO : EventManager : Event: ======'ball_started'====== Args={'player': 1, 'ball': 1, 'balls_remaining': 2, 'is_extra_ball': False}
2023-05-29 16:59:38,979 : INFO : EventManager : Event: ======'single_player_ball_started'====== Args={}
2023-05-29 16:59:38,980 : INFO : EventManager : Event: ======'ball_start_target'====== Args={'target': 'playfield'}
2023-05-29 16:59:38,980 : INFO : ball_device.bd_plunger : Setting up player-controlled eject. Balls: 1, Target: <playfield.playfield>, player_controlled_eject_event: None
2023-05-29 16:59:38,980 : INFO : EventManager : Event: ======'balldevice_balls_available'====== Args={}
2023-05-29 16:59:38,981 : INFO : ball_device.bd_trough : State: waiting_for_target_ready
2023-05-29 16:59:38,981 : INFO : EventManager : Event: ======'balldevice_bd_trough_ball_eject_attempt'====== Args={'balls': 1, 'target': <ball_device.bd_plunger>, 'source': <ball_device.bd_trough>, 'mechanical_eject': True, 'num_attempts': 0}
2023-05-29 16:59:38,981 : INFO : ball_device.bd_plunger : State: waiting_for_ball
2023-05-29 16:59:38,981 : INFO : ball_device.bd_trough : State: ejecting
2023-05-29 16:59:38,981 : INFO : ball_device.bd_trough : Ejecting ball to <ball_device.bd_plunger>
2023-05-29 16:59:38,981 : INFO : EventManager : Event: ======'balldevice_bd_trough_ejecting_ball'====== Args={'balls': 1, 'target': <ball_device.bd_plunger>, 'source': <ball_device.bd_trough>, 'mechanical_eject': True, 'num_attempts': 0}
2023-05-29 16:59:38,982 : INFO : ball_device.bd_trough : Wait for ball to leave device
2023-05-29 16:59:38,982 : INFO : coil.c_trough_eject : Pulsing Driver for 20ms (1.0 pulse_power)
2023-05-29 16:59:38,982 : INFO : SwitchController : <<<<<<< 's_trough_1' inactive >>>>>>>
2023-05-29 16:59:38,983 : INFO : ball_device.bd_trough : State: ball_left
2023-05-29 16:59:38,983 : INFO : ball_device.bd_trough : Ball left
2023-05-29 16:59:38,983 : INFO : ball_device.bd_trough : Wait for confirm with timeout 3.0
2023-05-29 16:59:38,994 : INFO : EventManager : Event: ======'slide_ball_started_created'====== Args={'_from_bcp': True}
2023-05-29 16:59:38,994 : INFO : EventManager : Event: ======'slide_ball_started_active'====== Args={'_from_bcp': True}
2023-05-29 16:59:39,083 : INFO : SwitchController : <<<<<<< 's_plunger' active >>>>>>>
2023-05-29 16:59:39,083 : INFO : EventManager : Event: ======'machine_var_audits_switches_s_plunger'====== Args={'value': 7, 'prev_value': 6, 'change': 1}
2023-05-29 16:59:39,589 : INFO : ball_device.bd_plunger : Received ball from <ball_device.bd_trough>
2023-05-29 16:59:39,589 : INFO : EventManager : Event: ======'balldevice_bd_plunger_ball_enter'====== Args={'new_balls': 1, 'unclaimed_balls': 0, 'new_available_balls': 0, 'device': <ball_device.bd_plunger>}
2023-05-29 16:59:39,590 : INFO : EventManager : Event: ======'balldevice_bd_plunger_ball_entered'====== Args={'new_balls': 0, 'device': <ball_device.bd_plunger>}
2023-05-29 16:59:39,590 : INFO : EventManager : Event: ======'balldevice_bd_plunger_ball_count_changed'====== Args={'balls': 1}
2023-05-29 16:59:39,590 : INFO : ball_device.bd_trough : Got eject confirm
2023-05-29 16:59:39,590 : INFO : ball_device.bd_trough : Eject successful
2023-05-29 16:59:39,590 : INFO : EventManager : Event: ======'balldevice_bd_trough_ball_eject_success'====== Args={'balls': 1, 'target': <ball_device.bd_plunger>}
2023-05-29 16:59:39,590 : INFO : ball_device.bd_plunger : State: waiting_for_target_ready
2023-05-29 16:59:39,591 : INFO : EventManager : Event: ======'balldevice_bd_plunger_ball_eject_attempt'====== Args={'balls': 1, 'target': <playfield.playfield>, 'source': <ball_device.bd_plunger>, 'mechanical_eject': True, 'num_attempts': 0}
2023-05-29 16:59:39,591 : INFO : EventManager : Event: ======'balldevice_bd_trough_ball_count_changed'====== Args={'balls': 2}
2023-05-29 16:59:39,591 : INFO : ball_device.bd_trough : State: idle
2023-05-29 16:59:39,591 : INFO : ball_device.bd_plunger : State: ejecting
2023-05-29 16:59:39,591 : INFO : ball_device.bd_plunger : Ejecting ball to <playfield.playfield>
2023-05-29 16:59:39,592 : INFO : EventManager : Event: ======'balldevice_bd_plunger_ejecting_ball'====== Args={'balls': 1, 'target': <playfield.playfield>, 'source': <ball_device.bd_plunger>, 'mechanical_eject': True, 'num_attempts': 0}
2023-05-29 16:59:39,592 : INFO : ball_device.bd_plunger : Wait for ball to leave device
2023-05-29 16:59:47,892 : INFO : SwitchController : <<<<<<< 's_trough_1' active >>>>>>>
2023-05-29 16:59:47,892 : INFO : EventManager : Event: ======'machine_var_audits_switches_s_trough_1'====== Args={'value': 3, 'prev_value': 2, 'change': 1}
2023-05-29 16:59:48,391 : INFO : EventManager : Event: ======'balldevice_bd_trough_ball_count_changed'====== Args={'balls': 3}
2023-05-29 16:59:48,391 : INFO : ball_device.bd_trough : Received unexpected ball
2023-05-29 16:59:48,392 : INFO : EventManager : Event: ======'balldevice_captured_from_playfield'====== Args={'balls': 1}
2023-05-29 16:59:48,392 : INFO : EventManager : Event: ======'sw_playfield_active'====== Args={'balls': 1}
2023-05-29 16:59:48,392 : INFO : EventManager : Event: ======'playfield_active'====== Args={}
2023-05-29 16:59:48,392 : INFO : EventManager : Event: ======'playfield_ball_count_change'====== Args={'balls': -1, 'change': -1}
2023-05-29 16:59:48,392 : INFO : EventManager : Event: ======'balldevice_playfield_ball_enter'====== Args={'new_balls': 1, 'unclaimed_balls': 1, 'device': <playfield.playfield>}
2023-05-29 16:59:48,393 : INFO : EventManager : Event: ======'playfield_ball_count_change'====== Args={'balls': 0, 'change': 1}
2023-05-29 16:59:48,393 : INFO : BallController : Found a new ball which was captured from playfield. Known balls: 4
2023-05-29 16:59:48,393 : INFO : EventManager : Event: ======'found_new_ball'====== Args={}
2023-05-29 16:59:48,393 : INFO : EventManager : Event: ======'balldevice_bd_trough_ball_enter'====== Args={'new_balls': 1, 'unclaimed_balls': 1, 'new_available_balls': 1, 'device': <ball_device.bd_trough>}
2023-05-29 16:59:48,393 : INFO : EventManager : Event: ======'ball_drain'====== Args={'device': <ball_device.bd_trough>, 'balls': 1}
2023-05-29 16:59:48,393 : INFO : EventManager : Event: ======'ball_will_end'====== Args={}
2023-05-29 16:59:48,393 : INFO : EventManager : Event: ======'balldevice_balls_available'====== Args={}
2023-05-29 16:59:48,394 : INFO : EventManager : Event: ======'balldevice_bd_trough_ball_entered'====== Args={'new_balls': 1, 'device': <ball_device.bd_trough>}
2023-05-29 16:59:48,394 : INFO : EventManager : Event: ======'ball_ending'====== Args={}
2023-05-29 16:59:48,394 : INFO : EventManager : Event: ======'ball_ended'====== Args={}
2023-05-29 16:59:48,395 : INFO : EventManager : Event: ======'player_turn_will_end'====== Args={'player': <Player 1>, 'number': 1}
2023-05-29 16:59:48,395 : INFO : EventManager : Event: ======'player_turn_ending'====== Args={'player': <Player 1>, 'number': 1}
2023-05-29 16:59:48,395 : INFO : EventManager : Event: ======'player_turn_ended'====== Args={'player': <Player 1>, 'number': 1}
2023-05-29 16:59:48,395 : INFO : EventManager : Event: ======'player_turn_will_start'====== Args={'player': <Player 1>, 'number': 1}
2023-05-29 16:59:48,396 : INFO : EventManager : Event: ======'player_turn_starting'====== Args={'player': <Player 1>, 'number': 1}
2023-05-29 16:59:48,396 : INFO : EventManager : Event: ======'player_ball'====== Args={'value': 2, 'prev_value': 1, 'change': 1, 'player_num': 1}
2023-05-29 16:59:48,396 : INFO : EventManager : Event: ======'player_turn_started'====== Args={'player': <Player 1>, 'number': 1}
2023-05-29 16:59:48,397 : INFO : EventManager : Event: ======'ball_will_start'====== Args={'player': 1, 'ball': 2, 'balls_remaining': 1, 'is_extra_ball': False}
2023-05-29 16:59:48,397 : INFO : BallController : Found 1 ball(s) on playfield.
2023-05-29 16:59:48,397 : WARNING : BallController : Playfields still contain balls. Waiting for those to drain.
2023-05-29 16:59:49,397 : INFO : BallController : Found 1 ball(s) on playfield.
2023-05-29 16:59:49,397 : WARNING : BallController : Playfields still contain balls. Waiting for those to drain.
2023-05-29 16:59:49,725 : INFO : SwitchController : <<<<<<< 's_trough_1' inactive >>>>>>>
2023-05-29 16:59:50,238 : INFO : SwitchController : <<<<<<< 's_trough_2' inactive >>>>>>>
2023-05-29 16:59:50,398 : INFO : BallController : Found 1 ball(s) on playfield.
2023-05-29 16:59:50,398 : WARNING : BallController : Playfields still contain balls. Waiting for those to drain.
2023-05-29 16:59:50,533 : INFO : SwitchController : <<<<<<< 's_trough_3' inactive >>>>>>>
2023-05-29 16:59:51,399 : INFO : BallController : Found 1 ball(s) on playfield.
2023-05-29 16:59:51,399 : WARNING : BallController : Playfields still contain balls. Waiting for those to drain.
2023-05-29 16:59:52,401 : INFO : BallController : Found 1 ball(s) on playfield.
2023-05-29 16:59:52,401 : WARNING : BallController : Playfields still contain balls. Waiting for those to drain.
2023-05-29 16:59:52,404 : INFO : SwitchController : <<<<<<< 's_start' active >>>>>>>
2023-05-29 16:59:52,404 : INFO : EventManager : Event: ======'sw_start'====== Args={}
2023-05-29 16:59:52,405 : INFO : EventManager : Event: ======'machine_var_audits_switches_s_start'====== Args={'value': 11, 'prev_value': 10, 'change': 1}
2023-05-29 16:59:52,535 : INFO : SwitchController : <<<<<<< 's_start' inactive >>>>>>>
2023-05-29 16:59:53,017 : INFO : SwitchController : <<<<<<< 's_start' active >>>>>>>
2023-05-29 16:59:53,017 : INFO : EventManager : Event: ======'sw_start'====== Args={}
2023-05-29 16:59:53,017 : INFO : EventManager : Event: ======'machine_var_audits_switches_s_start'====== Args={'value': 12, 'prev_value': 11, 'change': 1}
2023-05-29 16:59:53,172 : INFO : SwitchController : <<<<<<< 's_start' inactive >>>>>>>
2023-05-29 16:59:53,402 : INFO : BallController : Found 1 ball(s) on playfield.
2023-05-29 16:59:53,402 : WARNING : BallController : Playfields still contain balls. Waiting for those to drain.
2023-05-29 16:59:53,796 : INFO : SwitchController : <<<<<<< 's_start' active >>>>>>>
2023-05-29 16:59:53,796 : INFO : EventManager : Event: ======'sw_start'====== Args={}
2023-05-29 16:59:53,796 : INFO : EventManager : Event: ======'machine_var_audits_switches_s_start'====== Args={'value': 13, 'prev_value': 12, 'change': 1}
2023-05-29 16:59:53,924 : INFO : SwitchController : <<<<<<< 's_start' inactive >>>>>>>
2023-05-29 16:59:54,403 : INFO : BallController : Found 1 ball(s) on playfield.
2023-05-29 16:59:54,403 : WARNING : BallController : Playfields still contain balls. Waiting for those to drain.
2023-05-29 16:59:55,404 : INFO : BallController : Found 1 ball(s) on playfield.
2023-05-29 16:59:55,404 : WARNING : BallController : Playfields still contain balls. Waiting for those to drain.
2023-05-29 16:59:56,035 : INFO : EventManager : Event: ======'balldevice_bd_trough_ball_count_changed'====== Args={'balls': 0}
2023-05-29 16:59:56,035 : WARNING : ball_device.bd_trough : Ball disappeared while idle. This should not normally happen.
2023-05-29 16:59:56,035 : INFO : EventManager : Event: ======'balldevice_playfield_ball_enter'====== Args={'new_balls': 1, 'unclaimed_balls': 1, 'device': <playfield.playfield>}
2023-05-29 16:59:56,035 : INFO : EventManager : Event: ======'playfield_ball_count_change'====== Args={'balls': 1, 'change': 1}
2023-05-29 16:59:56,035 : INFO : ball_device.bd_trough : 1 ball(s) missing from device. Mechanical eject? False
2023-05-29 16:59:56,035 : INFO : EventManager : Event: ======'balldevice_bd_trough_ball_missing'====== Args={'balls': 1}
2023-05-29 16:59:56,036 : INFO : EventManager : Event: ======'balldevice_ball_missing'====== Args={'balls': 1, 'name': 'bd_trough'}
2023-05-29 16:59:56,037 : WARNING : ball_device.bd_trough : Ball disappeared while idle. This should not normally happen.
2023-05-29 16:59:56,037 : INFO : EventManager : Event: ======'balldevice_playfield_ball_enter'====== Args={'new_balls': 1, 'unclaimed_balls': 1, 'device': <playfield.playfield>}
2023-05-29 16:59:56,037 : INFO : EventManager : Event: ======'playfield_ball_count_change'====== Args={'balls': 2, 'change': 1}
2023-05-29 16:59:56,037 : INFO : ball_device.bd_trough : 1 ball(s) missing from device. Mechanical eject? False
2023-05-29 16:59:56,037 : INFO : EventManager : Event: ======'balldevice_bd_trough_ball_missing'====== Args={'balls': 1}
2023-05-29 16:59:56,037 : INFO : EventManager : Event: ======'balldevice_ball_missing'====== Args={'balls': 1, 'name': 'bd_trough'}
2023-05-29 16:59:56,038 : WARNING : ball_device.bd_trough : Ball disappeared while idle. This should not normally happen.
2023-05-29 16:59:56,038 : INFO : EventManager : Event: ======'balldevice_playfield_ball_enter'====== Args={'new_balls': 1, 'unclaimed_balls': 1, 'device': <playfield.playfield>}
2023-05-29 16:59:56,038 : INFO : EventManager : Event: ======'playfield_ball_count_change'====== Args={'balls': 3, 'change': 1}
2023-05-29 16:59:56,038 : INFO : ball_device.bd_trough : 1 ball(s) missing from device. Mechanical eject? False
2023-05-29 16:59:56,038 : INFO : EventManager : Event: ======'balldevice_bd_trough_ball_missing'====== Args={'balls': 1}
2023-05-29 16:59:56,038 : INFO : EventManager : Event: ======'balldevice_ball_missing'====== Args={'balls': 1, 'name': 'bd_trough'}
2023-05-29 16:59:56,405 : INFO : BallController : Found 4 ball(s) on playfield.
2023-05-29 16:59:56,405 : WARNING : BallController : Playfields still contain balls. Waiting for those to drain.
2023-05-29 16:59:57,406 : INFO : BallController : Found 4 ball(s) on playfield.
2023-05-29 16:59:57,406 : WARNING : BallController : Playfields still contain balls. Waiting for those to drain.
2023-05-29 16:59:57,588 : INFO : SwitchController : <<<<<<< 's_flipper_left' active >>>>>>>
2023-05-29 16:59:57,589 : INFO : EventManager : Event: ======'machine_var_audits_switches_s_flipper_left'====== Args={'value': 1, 'prev_value': 0, 'change': 1}
2023-05-29 16:59:57,714 : INFO : SwitchController : <<<<<<< 's_flipper_left' inactive >>>>>>>
2023-05-29 16:59:58,002 : INFO : SwitchController : <<<<<<< 's_flipper_left' active >>>>>>>
2023-05-29 16:59:58,002 : INFO : EventManager : Event: ======'machine_var_audits_switches_s_flipper_left'====== Args={'value': 2, 'prev_value': 1, 'change': 1}
2023-05-29 16:59:58,132 : INFO : SwitchController : <<<<<<< 's_flipper_left' inactive >>>>>>>
2023-05-29 16:59:58,407 : INFO : BallController : Found 4 ball(s) on playfield.
2023-05-29 16:59:58,407 : WARNING : BallController : Playfields still contain balls. Waiting for those to drain.
2023-05-29 16:59:58,417 : INFO : SwitchController : <<<<<<< 's_flipper_right' active >>>>>>>
2023-05-29 16:59:58,417 : INFO : EventManager : Event: ======'machine_var_audits_switches_s_flipper_right'====== Args={'value': 1, 'prev_value': 0, 'change': 1}
2023-05-29 16:59:58,544 : INFO : SwitchController : <<<<<<< 's_flipper_right' inactive >>>>>>>
2023-05-29 16:59:58,646 : INFO : SwitchController : <<<<<<< 's_flipper_right' active >>>>>>>
2023-05-29 16:59:58,647 : INFO : EventManager : Event: ======'machine_var_audits_switches_s_flipper_right'====== Args={'value': 2, 'prev_value': 1, 'change': 1}
2023-05-29 16:59:58,788 : INFO : SwitchController : <<<<<<< 's_flipper_right' inactive >>>>>>>
2023-05-29 16:59:59,407 : INFO : BallController : Found 4 ball(s) on playfield.
2023-05-29 16:59:59,408 : WARNING : BallController : Playfields still contain balls. Waiting for those to drain.
2023-05-29 17:00:00,408 : INFO : BallController : Found 4 ball(s) on playfield.
2023-05-29 17:00:00,408 : WARNING : BallController : Playfields still contain balls. Waiting for those to drain.
2023-05-29 17:00:01,409 : INFO : BallController : Found 4 ball(s) on playfield.
2023-05-29 17:00:01,410 : WARNING : BallController : Playfields still contain balls. Waiting for those to drain.
2023-05-29 17:00:02,410 : INFO : BallController : Found 4 ball(s) on playfield.
2023-05-29 17:00:02,411 : WARNING : BallController : Playfields still contain balls. Waiting for those to drain.
2023-05-29 17:00:03,413 : INFO : BallController : Found 4 ball(s) on playfield.
2023-05-29 17:00:03,413 : WARNING : BallController : Playfields still contain balls. Waiting for those to drain.
2023-05-29 17:00:04,415 : INFO : BallController : Found 4 ball(s) on playfield.
2023-05-29 17:00:04,415 : WARNING : BallController : Playfields still contain balls. Waiting for those to drain.
2023-05-29 17:00:05,416 : INFO : BallController : Found 4 ball(s) on playfield.
2023-05-29 17:00:05,416 : WARNING : BallController : Playfields still contain balls. Waiting for those to drain.
2023-05-29 17:00:06,417 : INFO : BallController : Found 4 ball(s) on playfield.
2023-05-29 17:00:06,417 : WARNING : BallController : Playfields still contain balls. Waiting for those to drain.
2023-05-29 17:00:07,418 : INFO : BallController : Found 4 ball(s) on playfield.
2023-05-29 17:00:07,418 : WARNING : BallController : Playfields still contain balls. Waiting for those to drain.
2023-05-29 17:00:07,571 : INFO : Machine : Shutting down...
2023-05-29 17:00:07,571 : INFO : EventManager : Event: ======'shutdown'====== Args={}
2023-05-29 17:00:07,572 : INFO : EventManager : Event: ======'mode_game_will_stop'====== Args={}
2023-05-29 17:00:07,572 : INFO : EventManager : Event: ======'mode_game_stopping'====== Args={}
2023-05-29 17:00:07,573 : INFO : Mode.game : Stopped.
2023-05-29 17:00:07,573 : INFO : EventManager : Event: ======'modes_active_modes_changed'====== Args={}
2023-05-29 17:00:07,573 : INFO : EventManager : Event: ======'mode_game_stopped'====== Args={}
2023-05-29 17:00:07,573 : INFO : EventManager : Event: ======'clear'====== Args={'key': 'game'}
2023-05-29 17:00:07,575 : INFO : root : MPF run loop ended.
