2023-05-28 20:37:07,232 : INFO : root : Loading config.
2023-05-28 20:37:07,577 : INFO : ConfigProcessor : Config spec file cache created: /var/folders/ft/zbkj41rj5wb6vpt67k4g_t180000gn/T/config_spec.mpf_cache
2023-05-28 20:37:07,577 : INFO : YamlMultifileConfigLoader : Machine config file #1: config.yaml
2023-05-28 20:37:07,577 : WARNING : ConfigProcessor : Config file in cache changed: /Users/weijtmans/Dropbox/dev/pinball/config/config.yaml
2023-05-28 20:37:07,578 : INFO : ConfigProcessor : Loading config from file /Users/weijtmans/opt/anaconda3/lib/python3.8/site-packages/mpf/mpfconfig.yaml.
2023-05-28 20:37:07,638 : INFO : ConfigProcessor : Loading config: /Users/weijtmans/opt/anaconda3/lib/python3.8/site-packages/mpf/mpfconfig.yaml
2023-05-28 20:37:07,638 : INFO : ConfigProcessor : Loading config from file /Users/weijtmans/Dropbox/dev/pinball/config/config.yaml.
2023-05-28 20:37:07,655 : INFO : ConfigProcessor : Loading config: /Users/weijtmans/Dropbox/dev/pinball/config/config.yaml
2023-05-28 20:37:07,678 : INFO : ConfigProcessor : Config file cache created: /var/folders/ft/zbkj41rj5wb6vpt67k4g_t180000gn/T/5990d3b039773aa86c29d89c33f7fe2d.mpf_cache
2023-05-28 20:37:07,741 : INFO : ConfigProcessor : Loading config from cache: /var/folders/ft/zbkj41rj5wb6vpt67k4g_t180000gn/T/e6f181099026fef6d8fced6e7d189039.mpf_cache
2023-05-28 20:37:07,742 : INFO : ConfigProcessor : Loading config from cache: /var/folders/ft/zbkj41rj5wb6vpt67k4g_t180000gn/T/b34aaaef8e306d9776092af8bb9baa5f.mpf_cache
2023-05-28 20:37:07,742 : INFO : Machine : Mission Pinball Framework Core Engine v0.56.1.dev7
2023-05-28 20:37:07,742 : INFO : Machine : Command line arguments: {'no_load_cache': False, 'create_config_cache': True, 'bcp': True, 'configfile': ['config.yaml'], 'force_assets_load': False, 'jsonlogging': False, 'logfile': 'logs/2023-05-28-20-37-07-mpf-MBP-van-Elgar.log', 'pause': False, 'production': False, 'text_ui': True, 'loglevel': 15, 'consoleloglevel': 20, 'force_platform': None, 'syslog_address': None, 'mc_file_name': None, 'no_sound': False}
2023-05-28 20:37:07,743 : INFO : Machine : MPF path: /Users/weijtmans/opt/anaconda3/lib/python3.8/site-packages/mpf
2023-05-28 20:37:07,743 : INFO : Machine : Machine path: /Users/weijtmans/Dropbox/dev/pinball
2023-05-28 20:37:07,743 : INFO : Machine : Platform: darwin
2023-05-28 20:37:07,743 : INFO : Machine : Python executable location: /Users/weijtmans/opt/anaconda3/bin/python
2023-05-28 20:37:07,743 : INFO : Machine : Python version: 3.8.8 (64-bit)
2023-05-28 20:37:07,754 : INFO : Machine : Initialise MPF.
2023-05-28 20:37:07,836 : INFO : EventManager : Event: ======'machine_var_credits_string'====== Args={'value': 'FREE PLAY', 'prev_value': None, 'change': True}
2023-05-28 20:37:07,893 : INFO : EventManager : Event: ======'machine_var_master_volume'====== Args={'value': 0.5, 'prev_value': None, 'change': True}
2023-05-28 20:37:07,893 : INFO : EventManager : Event: ======'machine_var_mpf_version'====== Args={'value': 'MPF v0.56.1.dev7', 'prev_value': None, 'change': True}
2023-05-28 20:37:07,893 : INFO : EventManager : Event: ======'machine_var_mpf_extended_version'====== Args={'value': 'MPF v0.56.1.dev7, Config version:5, Show version: 5, BCP version:1.1', 'prev_value': None, 'change': True}
2023-05-28 20:37:07,893 : INFO : EventManager : Event: ======'machine_var_python_version'====== Args={'value': '3.8.8', 'prev_value': None, 'change': True}
2023-05-28 20:37:07,905 : INFO : EventManager : Event: ======'machine_var_platform'====== Args={'value': 'macOS-10.16-x86_64-i386-64bit', 'prev_value': None, 'change': True}
2023-05-28 20:37:07,906 : INFO : EventManager : Event: ======'machine_var_platform_system'====== Args={'value': 'Darwin', 'prev_value': None, 'change': True}
2023-05-28 20:37:07,906 : INFO : EventManager : Event: ======'machine_var_platform_release'====== Args={'value': '21.6.0', 'prev_value': None, 'change': True}
2023-05-28 20:37:07,906 : INFO : EventManager : Event: ======'machine_var_platform_version'====== Args={'value': 'Darwin Kernel Version 21.6.0: Mon Aug 22 20:17:10 PDT 2022; root:xnu-8020.140.49~2/RELEASE_X86_64', 'prev_value': None, 'change': True}
2023-05-28 20:37:07,906 : INFO : EventManager : Event: ======'machine_var_platform_machine'====== Args={'value': 'x86_64', 'prev_value': None, 'change': True}
2023-05-28 20:37:07,906 : INFO : EventManager : Event: ======'init_phase_1'====== Args={}
2023-05-28 20:37:07,923 : INFO : EventManager : Event: ======'init_phase_2'====== Args={}
2023-05-28 20:37:07,923 : INFO : SwitchController : Found active switch: ('2', <Platform.SmartVirtual>) <switch.s_trough_1>
2023-05-28 20:37:07,924 : INFO : SwitchController : Found active switch: ('3', <Platform.SmartVirtual>) <switch.s_trough_2>
2023-05-28 20:37:07,924 : INFO : SwitchController : Found active switch: ('4', <Platform.SmartVirtual>) <switch.s_trough_3>
2023-05-28 20:37:07,924 : INFO : SwitchController : Found active switch: ('5', <Platform.SmartVirtual>) <switch.s_trough_4>
2023-05-28 20:37:07,924 : INFO : SwitchController : Found active switch: ('6', <Platform.SmartVirtual>) <switch.s_trough_5>
2023-05-28 20:37:07,924 : INFO : SwitchController : Found active switch: ('7', <Platform.SmartVirtual>) <switch.s_trough_6>
2023-05-28 20:37:07,926 : INFO : EventManager : Event: ======'bcp_connection_attempt'====== Args={'name': 'local_display', 'host': 'localhost', 'port': 5050}
2023-05-28 20:37:07,927 : INFO : BCPClientSocket : Connecting BCP to 'local_display' at localhost:5050...
2023-05-28 20:37:09,857 : INFO : BCPClientSocket : Connected BCP to 'local_display' localhost:5050
2023-05-28 20:37:09,857 : INFO : EventManager : Event: ======'bcp_clients_connected'====== Args={}
2023-05-28 20:37:09,858 : INFO : ball_device.bd_trough : BCH: Initial count: 6
2023-05-28 20:37:09,858 : INFO : ball_device.bd_trough : State: idle
2023-05-28 20:37:09,859 : INFO : ball_device.bd_plunger : BCH: Initial count: 0
2023-05-28 20:37:09,859 : INFO : ball_device.bd_plunger : State: idle
2023-05-28 20:37:09,863 : INFO : EventManager : Event: ======'init_phase_3'====== Args={}
2023-05-28 20:37:09,866 : INFO : EventManager : Event: ======'init_phase_4'====== Args={}
2023-05-28 20:37:09,866 : INFO : BallController : Initial balls found: 6
2023-05-28 20:37:09,866 : INFO : EventManager : Event: ======'machine_var_audits_switches_s_flipper_left'====== Args={'value': 0, 'prev_value': None, 'change': True}
2023-05-28 20:37:09,867 : INFO : EventManager : Event: ======'machine_var_audits_switches_s_flipper_right'====== Args={'value': 0, 'prev_value': None, 'change': True}
2023-05-28 20:37:09,867 : INFO : EventManager : Event: ======'machine_var_audits_switches_s_trough_1'====== Args={'value': 0, 'prev_value': None, 'change': True}
2023-05-28 20:37:09,867 : INFO : EventManager : Event: ======'machine_var_audits_switches_s_trough_2'====== Args={'value': 0, 'prev_value': None, 'change': True}
2023-05-28 20:37:09,867 : INFO : EventManager : Event: ======'machine_var_audits_switches_s_trough_3'====== Args={'value': 0, 'prev_value': None, 'change': True}
2023-05-28 20:37:09,867 : INFO : EventManager : Event: ======'machine_var_audits_switches_s_trough_4'====== Args={'value': 0, 'prev_value': None, 'change': True}
2023-05-28 20:37:09,867 : INFO : EventManager : Event: ======'machine_var_audits_switches_s_trough_5'====== Args={'value': 0, 'prev_value': None, 'change': True}
2023-05-28 20:37:09,867 : INFO : EventManager : Event: ======'machine_var_audits_switches_s_trough_6'====== Args={'value': 0, 'prev_value': None, 'change': True}
2023-05-28 20:37:09,867 : INFO : EventManager : Event: ======'machine_var_audits_switches_s_trough_jam'====== Args={'value': 0, 'prev_value': None, 'change': True}
2023-05-28 20:37:09,867 : INFO : EventManager : Event: ======'machine_var_audits_switches_s_plunger'====== Args={'value': 0, 'prev_value': None, 'change': True}
2023-05-28 20:37:09,868 : INFO : EventManager : Event: ======'machine_var_audits_switches_s_start'====== Args={'value': 0, 'prev_value': None, 'change': True}
2023-05-28 20:37:09,868 : INFO : EventManager : Event: ======'machine_var_audits_switches_s_right_inlane'====== Args={'value': 0, 'prev_value': None, 'change': True}
2023-05-28 20:37:09,868 : INFO : EventManager : Event: ======'machine_var_audits_events_game_started'====== Args={'value': 0, 'prev_value': None, 'change': True}
2023-05-28 20:37:09,868 : INFO : EventManager : Event: ======'machine_var_audits_events_game_ended'====== Args={'value': 0, 'prev_value': None, 'change': True}
2023-05-28 20:37:09,868 : INFO : EventManager : Event: ======'machine_var_audits_player_score'====== Args={'value': {'top': [], 'average': 0, 'total': 0}, 'prev_value': None, 'change': True}
2023-05-28 20:37:09,873 : INFO : EventManager : Event: ======'init_phase_5'====== Args={}
2023-05-28 20:37:09,874 : INFO : EventManager : Event: ======'init_done'====== Args={}
2023-05-28 20:37:09,874 : INFO : EventManager : Event: ======'machine_reset_phase_1'====== Args={}
2023-05-28 20:37:09,910 : INFO : EventManager : Event: ======'machine_var_mc_version'====== Args={'value': 'MPF-MC v0.56.1', 'prev_value': None, 'change': True}
2023-05-28 20:37:09,911 : INFO : EventManager : Event: ======'machine_var_mc_extended_version'====== Args={'value': 'MPF-MC v0.56.1 (config_version=5, BCP v1.1,                      Requires MPF API compatibility v0.56.0 or newer)', 'prev_value': None, 'change': True}
2023-05-28 20:37:09,913 : INFO : EventManager : Event: ======'slide_welcome_slide_removed'====== Args={'_from_bcp': True}
2023-05-28 20:37:09,913 : INFO : EventManager : Event: ======'slide_welcome_slide_created'====== Args={'_from_bcp': True}
2023-05-28 20:37:09,918 : INFO : EventManager : Event: ======'machine_reset_phase_2'====== Args={}
2023-05-28 20:37:09,918 : INFO : EventManager : Event: ======'machine_reset_phase_3'====== Args={}
2023-05-28 20:37:09,919 : INFO : EventManager : Event: ======'slide_welcome_slide_active'====== Args={'_from_bcp': True}
2023-05-28 20:37:09,919 : INFO : EventManager : Event: ======'reset_complete'====== Args={}
2023-05-28 20:37:09,919 : INFO : EventManager : Event: ======'mode_attract_will_start'====== Args={}
2023-05-28 20:37:09,919 : INFO : EventManager : Event: ======'mode_attract_starting'====== Args={}
2023-05-28 20:37:09,919 : INFO : Mode.attract : Started. Priority: 10
2023-05-28 20:37:09,919 : INFO : EventManager : Event: ======'modes_active_modes_changed'====== Args={}
2023-05-28 20:37:09,919 : INFO : EventManager : Event: ======'mode_attract_started'====== Args={}
2023-05-28 20:37:09,920 : INFO : EventManager : Event: ======'collecting_balls_complete'====== Args={}
2023-05-28 20:37:09,920 : INFO : Machine : Starting the main run loop.
2023-05-28 20:37:09,935 : INFO : EventManager : Event: ======'slide_attract_started_created'====== Args={'_from_bcp': True}
2023-05-28 20:37:09,936 : INFO : EventManager : Event: ======'slide_attract_started_active'====== Args={'_from_bcp': True}
2023-05-28 20:37:36,386 : INFO : BcpServer : New client connected.
2023-05-28 20:38:02,892 : INFO : SwitchController : <<<<<<< 's_start' active >>>>>>>
2023-05-28 20:38:02,995 : INFO : SwitchController : <<<<<<< 's_start' inactive >>>>>>>
2023-05-28 20:38:02,995 : INFO : EventManager : Event: ======'request_to_start_game'====== Args={}
2023-05-28 20:38:02,995 : INFO : EventManager : Event: ======'game_start'====== Args={'buttons': [], 'hold_time': 0.10300000000006548}
2023-05-28 20:38:02,996 : INFO : EventManager : Event: ======'mode_game_will_start'====== Args={'buttons': [], 'hold_time': 0.10300000000006548}
2023-05-28 20:38:02,996 : INFO : EventManager : Event: ======'mode_game_starting'====== Args={'buttons': [], 'hold_time': 0.10300000000006548}
2023-05-28 20:38:02,996 : INFO : EventManager : Event: ======'mode_attract_will_stop'====== Args={}
2023-05-28 20:38:02,997 : INFO : EventManager : Event: ======'mode_attract_stopping'====== Args={}
2023-05-28 20:38:02,997 : INFO : Mode.attract : Stopped.
2023-05-28 20:38:02,997 : INFO : EventManager : Event: ======'modes_active_modes_changed'====== Args={}
2023-05-28 20:38:02,997 : INFO : EventManager : Event: ======'mode_attract_stopped'====== Args={}
2023-05-28 20:38:02,997 : INFO : EventManager : Event: ======'clear'====== Args={'key': 'attract'}
2023-05-28 20:38:02,997 : INFO : Mode.game : Started. Priority: 20
2023-05-28 20:38:02,998 : INFO : EventManager : Event: ======'modes_active_modes_changed'====== Args={}
2023-05-28 20:38:02,998 : INFO : EventManager : Event: ======'mode_game_started'====== Args={'buttons': [], 'hold_time': 0.10300000000006548}
2023-05-28 20:38:02,999 : INFO : EventManager : Event: ======'game_will_start'====== Args={}
2023-05-28 20:38:02,999 : INFO : EventManager : Event: ======'game_starting'====== Args={'game': <Mode.game>}
2023-05-28 20:38:03,000 : INFO : EventManager : Event: ======'player_add_request'====== Args={}
2023-05-28 20:38:03,000 : INFO : EventManager : Event: ======'player_will_add'====== Args={'number': 1}
2023-05-28 20:38:03,001 : INFO : EventManager : Event: ======'player_adding'====== Args={'player': <Player 1>, 'number': 1}
2023-05-28 20:38:03,001 : INFO : EventManager : Event: ======'player_added'====== Args={'player': <Player 1>, 'num': 1}
2023-05-28 20:38:03,001 : INFO : Mode.game : Player added successfully. Total players: 1
2023-05-28 20:38:03,001 : INFO : EventManager : Event: ======'player_index'====== Args={'value': 0, 'prev_value': 0, 'change': 0, 'player_num': 1}
2023-05-28 20:38:03,001 : INFO : EventManager : Event: ======'player_number'====== Args={'value': 1, 'prev_value': 1, 'change': 0, 'player_num': 1}
2023-05-28 20:38:03,001 : INFO : EventManager : Event: ======'player_score'====== Args={'value': 0, 'prev_value': 0, 'change': 0, 'player_num': 1}
2023-05-28 20:38:03,002 : INFO : EventManager : Event: ======'game_started'====== Args={}
2023-05-28 20:38:03,007 : INFO : EventManager : Event: ======'player_turn_will_start'====== Args={'player': <Player 1>, 'number': 1}
2023-05-28 20:38:03,013 : INFO : EventManager : Event: ======'player_turn_starting'====== Args={'player': <Player 1>, 'number': 1}
2023-05-28 20:38:03,014 : INFO : EventManager : Event: ======'player_ball'====== Args={'value': 1, 'prev_value': 0, 'change': 1, 'player_num': 1}
2023-05-28 20:38:03,014 : INFO : EventManager : Event: ======'player_turn_started'====== Args={'player': <Player 1>, 'number': 1}
2023-05-28 20:38:03,015 : INFO : EventManager : Event: ======'ball_will_start'====== Args={'player': 1, 'ball': 1, 'balls_remaining': 2, 'is_extra_ball': False}
2023-05-28 20:38:03,015 : INFO : EventManager : Event: ======'ball_starting'====== Args={'player': 1, 'ball': 1, 'balls_remaining': 2, 'is_extra_ball': False}
2023-05-28 20:38:03,016 : INFO : EventManager : Event: ======'balls_in_play'====== Args={'balls': 1}
2023-05-28 20:38:03,016 : INFO : EventManager : Event: ======'ball_started'====== Args={'player': 1, 'ball': 1, 'balls_remaining': 2, 'is_extra_ball': False}
2023-05-28 20:38:03,017 : INFO : EventManager : Event: ======'single_player_ball_started'====== Args={}
2023-05-28 20:38:03,017 : INFO : EventManager : Event: ======'ball_start_target'====== Args={'target': 'playfield'}
2023-05-28 20:38:03,017 : INFO : ball_device.bd_plunger : Setting up player-controlled eject. Balls: 1, Target: <playfield.playfield>, player_controlled_eject_event: None
2023-05-28 20:38:03,018 : INFO : EventManager : Event: ======'balldevice_balls_available'====== Args={}
2023-05-28 20:38:03,019 : INFO : ball_device.bd_trough : State: waiting_for_target_ready
2023-05-28 20:38:03,019 : INFO : EventManager : Event: ======'balldevice_bd_trough_ball_eject_attempt'====== Args={'balls': 1, 'target': <ball_device.bd_plunger>, 'source': <ball_device.bd_trough>, 'mechanical_eject': True, 'num_attempts': 0}
2023-05-28 20:38:03,019 : INFO : ball_device.bd_plunger : State: waiting_for_ball
2023-05-28 20:38:03,019 : INFO : ball_device.bd_trough : State: ejecting
2023-05-28 20:38:03,020 : INFO : ball_device.bd_trough : Ejecting ball to <ball_device.bd_plunger>
2023-05-28 20:38:03,020 : INFO : EventManager : Event: ======'balldevice_bd_trough_ejecting_ball'====== Args={'balls': 1, 'target': <ball_device.bd_plunger>, 'source': <ball_device.bd_trough>, 'mechanical_eject': True, 'num_attempts': 0}
2023-05-28 20:38:03,020 : INFO : ball_device.bd_trough : Wait for ball to leave device
2023-05-28 20:38:03,021 : INFO : coil.c_trough_eject : Pulsing Driver for 20ms (1.0 pulse_power)
2023-05-28 20:38:03,021 : INFO : SwitchController : <<<<<<< 's_trough_1' inactive >>>>>>>
2023-05-28 20:38:03,021 : INFO : ball_device.bd_trough : State: ball_left
2023-05-28 20:38:03,022 : INFO : ball_device.bd_trough : Ball left
2023-05-28 20:38:03,022 : INFO : ball_device.bd_trough : Wait for confirm with timeout 3.0
2023-05-28 20:38:03,023 : INFO : EventManager : Event: ======'slide_ball_started_created'====== Args={'_from_bcp': True}
2023-05-28 20:38:03,030 : INFO : EventManager : Event: ======'slide_ball_started_active'====== Args={'_from_bcp': True}
2023-05-28 20:38:03,122 : INFO : SwitchController : <<<<<<< 's_plunger' active >>>>>>>
2023-05-28 20:38:03,122 : INFO : EventManager : Event: ======'machine_var_audits_switches_s_plunger'====== Args={'value': 1, 'prev_value': 0, 'change': 1}
2023-05-28 20:38:03,622 : INFO : ball_device.bd_plunger : Received ball from <ball_device.bd_trough>
2023-05-28 20:38:03,623 : INFO : EventManager : Event: ======'balldevice_bd_plunger_ball_enter'====== Args={'new_balls': 1, 'unclaimed_balls': 0, 'new_available_balls': 0, 'device': <ball_device.bd_plunger>}
2023-05-28 20:38:03,623 : INFO : EventManager : Event: ======'balldevice_bd_plunger_ball_entered'====== Args={'new_balls': 0, 'device': <ball_device.bd_plunger>}
2023-05-28 20:38:03,624 : INFO : EventManager : Event: ======'balldevice_bd_plunger_ball_count_changed'====== Args={'balls': 1}
2023-05-28 20:38:03,624 : INFO : ball_device.bd_trough : Got eject confirm
2023-05-28 20:38:03,624 : INFO : ball_device.bd_trough : Eject successful
2023-05-28 20:38:03,624 : INFO : EventManager : Event: ======'balldevice_bd_trough_ball_eject_success'====== Args={'balls': 1, 'target': <ball_device.bd_plunger>}
2023-05-28 20:38:03,625 : INFO : EventManager : Event: ======'balldevice_bd_trough_ball_count_changed'====== Args={'balls': 5}
2023-05-28 20:38:03,625 : INFO : ball_device.bd_trough : State: idle
2023-05-28 20:38:03,625 : INFO : ball_device.bd_plunger : State: waiting_for_target_ready
2023-05-28 20:38:03,625 : INFO : EventManager : Event: ======'balldevice_bd_plunger_ball_eject_attempt'====== Args={'balls': 1, 'target': <playfield.playfield>, 'source': <ball_device.bd_plunger>, 'mechanical_eject': True, 'num_attempts': 0}
2023-05-28 20:38:03,626 : INFO : ball_device.bd_plunger : State: ejecting
2023-05-28 20:38:03,626 : INFO : ball_device.bd_plunger : Ejecting ball to <playfield.playfield>
2023-05-28 20:38:03,626 : INFO : EventManager : Event: ======'balldevice_bd_plunger_ejecting_ball'====== Args={'balls': 1, 'target': <playfield.playfield>, 'source': <ball_device.bd_plunger>, 'mechanical_eject': True, 'num_attempts': 0}
2023-05-28 20:38:03,627 : INFO : ball_device.bd_plunger : Wait for ball to leave device
2023-05-28 20:38:52,814 : INFO : Machine : Shutting down...
2023-05-28 20:38:52,814 : INFO : EventManager : Event: ======'shutdown'====== Args={}
2023-05-28 20:38:52,815 : INFO : EventManager : Event: ======'mode_game_will_stop'====== Args={}
2023-05-28 20:38:52,816 : INFO : EventManager : Event: ======'mode_game_stopping'====== Args={}
2023-05-28 20:38:52,816 : INFO : Mode.game : Stopped.
2023-05-28 20:38:52,816 : INFO : EventManager : Event: ======'modes_active_modes_changed'====== Args={}
2023-05-28 20:38:52,816 : INFO : EventManager : Event: ======'mode_game_stopped'====== Args={}
2023-05-28 20:38:52,816 : INFO : EventManager : Event: ======'clear'====== Args={'key': 'game'}
2023-05-28 20:38:52,818 : INFO : root : MPF run loop ended.
